mode: set
dnstool/go-server/internal/handlers/about.go:18.56,20.2 1 1
dnstool/go-server/internal/handlers/about.go:22.46,33.2 4 1
dnstool/go-server/internal/handlers/admin.go:56.100,58.2 1 1
dnstool/go-server/internal/handlers/admin.go:114.50,128.43 11 1
dnstool/go-server/internal/handlers/admin.go:128.43,130.10 1 1
dnstool/go-server/internal/handlers/admin.go:132.9,148.50 3 1
dnstool/go-server/internal/handlers/admin.go:151.68,163.23 2 1
dnstool/go-server/internal/handlers/admin.go:163.23,166.10 2 0
dnstool/go-server/internal/handlers/admin.go:167.9,167.22 1 1
dnstool/go-server/internal/handlers/admin.go:167.22,167.38 1 1
dnstool/go-server/internal/handlers/admin.go:169.9,170.25 2 1
dnstool/go-server/internal/handlers/admin.go:170.25,174.73 3 0
dnstool/go-server/internal/handlers/admin.go:174.73,176.33 2 0
dnstool/go-server/internal/handlers/admin.go:178.17,180.41 3 0
dnstool/go-server/internal/handlers/admin.go:182.9,182.42 1 1
dnstool/go-server/internal/handlers/admin.go:182.42,184.10 1 0
dnstool/go-server/internal/handlers/admin.go:185.9,185.21 1 1
dnstool/go-server/internal/handlers/admin.go:188.81,195.23 2 1
dnstool/go-server/internal/handlers/admin.go:195.23,198.10 2 0
dnstool/go-server/internal/handlers/admin.go:199.9,199.22 1 1
dnstool/go-server/internal/handlers/admin.go:199.22,199.38 1 1
dnstool/go-server/internal/handlers/admin.go:201.9,202.25 2 1
dnstool/go-server/internal/handlers/admin.go:202.25,208.125 5 0
dnstool/go-server/internal/handlers/admin.go:208.125,210.33 2 0
dnstool/go-server/internal/handlers/admin.go:212.17,212.35 1 0
dnstool/go-server/internal/handlers/admin.go:212.35,214.18 1 0
dnstool/go-server/internal/handlers/admin.go:215.17,215.36 1 0
dnstool/go-server/internal/handlers/admin.go:215.36,217.18 1 0
dnstool/go-server/internal/handlers/admin.go:217.23,219.18 1 0
dnstool/go-server/internal/handlers/admin.go:220.17,221.47 2 0
dnstool/go-server/internal/handlers/admin.go:223.9,223.42 1 1
dnstool/go-server/internal/handlers/admin.go:223.42,225.10 1 0
dnstool/go-server/internal/handlers/admin.go:226.9,226.24 1 1
dnstool/go-server/internal/handlers/admin.go:229.67,243.35 3 1
dnstool/go-server/internal/handlers/admin.go:243.35,244.83 1 1
dnstool/go-server/internal/handlers/admin.go:244.83,246.18 1 0
dnstool/go-server/internal/handlers/admin.go:248.9,248.17 1 1
dnstool/go-server/internal/handlers/admin.go:251.74,255.23 2 1
dnstool/go-server/internal/handlers/admin.go:255.23,258.10 2 0
dnstool/go-server/internal/handlers/admin.go:259.9,259.22 1 1
dnstool/go-server/internal/handlers/admin.go:259.22,259.38 1 1
dnstool/go-server/internal/handlers/admin.go:261.9,262.25 2 1
dnstool/go-server/internal/handlers/admin.go:262.25,266.80 3 0
dnstool/go-server/internal/handlers/admin.go:266.80,268.33 2 0
dnstool/go-server/internal/handlers/admin.go:270.17,271.39 2 0
dnstool/go-server/internal/handlers/admin.go:273.9,273.42 1 1
dnstool/go-server/internal/handlers/admin.go:273.42,275.10 1 0
dnstool/go-server/internal/handlers/admin.go:276.9,276.20 1 1
dnstool/go-server/internal/handlers/admin.go:279.84,286.23 2 1
dnstool/go-server/internal/handlers/admin.go:286.23,289.10 2 0
dnstool/go-server/internal/handlers/admin.go:290.9,290.22 1 1
dnstool/go-server/internal/handlers/admin.go:290.22,290.38 1 1
dnstool/go-server/internal/handlers/admin.go:292.9,293.25 2 1
dnstool/go-server/internal/handlers/admin.go:293.25,297.107 4 0
dnstool/go-server/internal/handlers/admin.go:297.107,299.33 2 0
dnstool/go-server/internal/handlers/admin.go:301.17,301.35 1 0
dnstool/go-server/internal/handlers/admin.go:301.35,303.18 1 0
dnstool/go-server/internal/handlers/admin.go:304.17,305.43 2 0
dnstool/go-server/internal/handlers/admin.go:307.9,307.42 1 1
dnstool/go-server/internal/handlers/admin.go:307.42,309.10 1 0
dnstool/go-server/internal/handlers/admin.go:310.9,310.22 1 1
dnstool/go-server/internal/handlers/admin.go:313.51,316.67 3 1
dnstool/go-server/internal/handlers/admin.go:316.67,319.10 2 1
dnstool/go-server/internal/handlers/admin.go:321.9,323.23 3 0
dnstool/go-server/internal/handlers/admin.go:323.23,326.10 2 0
dnstool/go-server/internal/handlers/admin.go:327.9,327.32 1 0
dnstool/go-server/internal/handlers/admin.go:327.32,330.10 2 0
dnstool/go-server/internal/handlers/admin.go:332.9,334.23 3 0
dnstool/go-server/internal/handlers/admin.go:334.23,338.10 3 0
dnstool/go-server/internal/handlers/admin.go:339.9,341.97 2 0
dnstool/go-server/internal/handlers/admin.go:341.97,345.10 3 0
dnstool/go-server/internal/handlers/admin.go:346.9,346.102 1 0
dnstool/go-server/internal/handlers/admin.go:346.102,350.10 3 0
dnstool/go-server/internal/handlers/admin.go:351.9,351.101 1 0
dnstool/go-server/internal/handlers/admin.go:351.101,355.10 3 0
dnstool/go-server/internal/handlers/admin.go:356.9,357.23 2 0
dnstool/go-server/internal/handlers/admin.go:357.23,361.10 3 0
dnstool/go-server/internal/handlers/admin.go:363.9,363.46 1 0
dnstool/go-server/internal/handlers/admin.go:363.46,367.10 3 0
dnstool/go-server/internal/handlers/admin.go:369.9,370.48 2 0
dnstool/go-server/internal/handlers/admin.go:373.58,376.67 3 1
dnstool/go-server/internal/handlers/admin.go:376.67,379.10 2 1
dnstool/go-server/internal/handlers/admin.go:381.9,383.34 3 0
dnstool/go-server/internal/handlers/admin.go:383.34,386.10 2 0
dnstool/go-server/internal/handlers/admin.go:388.9,389.23 2 0
dnstool/go-server/internal/handlers/admin.go:389.23,393.10 3 0
dnstool/go-server/internal/handlers/admin.go:395.9,396.48 2 0
dnstool/go-server/internal/handlers/admin.go:399.61,402.23 2 1
dnstool/go-server/internal/handlers/admin.go:402.23,406.10 3 0
dnstool/go-server/internal/handlers/admin.go:408.9,410.48 3 1
dnstool/go-server/internal/handlers/admin.go:485.53,488.16 3 1
dnstool/go-server/internal/handlers/admin.go:488.16,492.10 3 1
dnstool/go-server/internal/handlers/admin.go:494.9,510.28 13 0
dnstool/go-server/internal/handlers/admin.go:510.28,511.35 1 0
dnstool/go-server/internal/handlers/admin.go:511.35,513.18 1 0
dnstool/go-server/internal/handlers/admin.go:513.23,515.18 1 0
dnstool/go-server/internal/handlers/admin.go:518.9,518.21 1 0
dnstool/go-server/internal/handlers/admin.go:518.21,520.10 1 0
dnstool/go-server/internal/handlers/admin.go:520.15,522.10 1 0
dnstool/go-server/internal/handlers/admin.go:524.9,542.54 5 0
dnstool/go-server/internal/handlers/admin.go:545.55,560.2 5 1
dnstool/go-server/internal/handlers/admin.go:562.30,565.34 3 1
dnstool/go-server/internal/handlers/admin.go:565.34,566.50 1 1
dnstool/go-server/internal/handlers/admin.go:566.50,568.18 1 1
dnstool/go-server/internal/handlers/admin.go:570.9,570.21 1 1
dnstool/go-server/internal/handlers/admin_probes.go:43.89,45.2 1 1
dnstool/go-server/internal/handlers/admin_probes.go:61.60,63.50 2 1
dnstool/go-server/internal/handlers/admin_probes.go:63.50,65.18 2 1
dnstool/go-server/internal/handlers/admin_probes.go:65.18,67.4 1 1
dnstool/go-server/internal/handlers/admin_probes.go:68.3,68.77 1 1
dnstool/go-server/internal/handlers/admin_probes.go:70.2,70.52 1 1
dnstool/go-server/internal/handlers/admin_probes.go:70.52,72.18 2 1
dnstool/go-server/internal/handlers/admin_probes.go:72.18,74.4 1 1
dnstool/go-server/internal/handlers/admin_probes.go:75.3,75.77 1 1
dnstool/go-server/internal/handlers/admin_probes.go:77.2,77.15 1 1
dnstool/go-server/internal/handlers/admin_probes.go:80.60,84.27 3 1
dnstool/go-server/internal/handlers/admin_probes.go:84.27,87.3 2 0
dnstool/go-server/internal/handlers/admin_probes.go:89.2,104.56 5 1
dnstool/go-server/internal/handlers/admin_probes.go:104.56,106.3 1 0
dnstool/go-server/internal/handlers/admin_probes.go:108.2,108.50 1 1
dnstool/go-server/internal/handlers/admin_probes.go:111.60,117.24 5 1
dnstool/go-server/internal/handlers/admin_probes.go:117.24,118.30 1 0
dnstool/go-server/internal/handlers/admin_probes.go:118.30,120.9 2 0
dnstool/go-server/internal/handlers/admin_probes.go:123.2,123.19 1 1
dnstool/go-server/internal/handlers/admin_probes.go:123.19,126.3 2 1
dnstool/go-server/internal/handlers/admin_probes.go:128.2,131.16 3 0
dnstool/go-server/internal/handlers/admin_probes.go:132.20,133.37 1 0
dnstool/go-server/internal/handlers/admin_probes.go:134.20,135.46 1 0
dnstool/go-server/internal/handlers/admin_probes.go:136.21,137.47 1 0
dnstool/go-server/internal/handlers/admin_probes.go:138.19,139.45 1 0
dnstool/go-server/internal/handlers/admin_probes.go:140.10,142.9 2 0
dnstool/go-server/internal/handlers/admin_probes.go:145.2,148.21 3 0
dnstool/go-server/internal/handlers/admin_probes.go:151.54,163.16 5 1
dnstool/go-server/internal/handlers/admin_probes.go:163.16,171.3 1 1
dnstool/go-server/internal/handlers/admin_probes.go:172.2,177.49 4 1
dnstool/go-server/internal/handlers/admin_probes.go:177.49,185.3 1 1
dnstool/go-server/internal/handlers/admin_probes.go:187.2,193.3 1 1
dnstool/go-server/internal/handlers/admin_probes.go:196.64,200.16 3 1
dnstool/go-server/internal/handlers/admin_probes.go:200.16,208.3 1 1
dnstool/go-server/internal/handlers/admin_probes.go:210.2,211.16 2 1
dnstool/go-server/internal/handlers/admin_probes.go:212.20,213.31 1 0
dnstool/go-server/internal/handlers/admin_probes.go:214.21,215.32 1 0
dnstool/go-server/internal/handlers/admin_probes.go:216.19,217.30 1 0
dnstool/go-server/internal/handlers/admin_probes.go:218.10,225.4 1 1
dnstool/go-server/internal/handlers/admin_probes.go:228.2,240.3 5 0
dnstool/go-server/internal/handlers/admin_probes.go:249.58,250.17 1 1
dnstool/go-server/internal/handlers/admin_probes.go:251.18,255.47 4 1
dnstool/go-server/internal/handlers/admin_probes.go:255.47,257.4 1 1
dnstool/go-server/internal/handlers/admin_probes.go:258.3,259.17 2 1
dnstool/go-server/internal/handlers/admin_probes.go:259.17,261.4 1 0
dnstool/go-server/internal/handlers/admin_probes.go:262.3,262.67 1 1
dnstool/go-server/internal/handlers/admin_probes.go:263.18,267.47 4 1
dnstool/go-server/internal/handlers/admin_probes.go:267.47,269.4 1 1
dnstool/go-server/internal/handlers/admin_probes.go:270.3,271.17 2 0
dnstool/go-server/internal/handlers/admin_probes.go:271.17,273.4 1 0
dnstool/go-server/internal/handlers/admin_probes.go:274.3,274.67 1 0
dnstool/go-server/internal/handlers/admin_probes.go:275.10,276.55 1 1
dnstool/go-server/internal/handlers/admin_probes.go:280.57,282.16 2 1
dnstool/go-server/internal/handlers/admin_probes.go:282.16,284.43 2 1
dnstool/go-server/internal/handlers/admin_probes.go:284.43,286.4 1 1
dnstool/go-server/internal/handlers/admin_probes.go:286.9,288.4 1 1
dnstool/go-server/internal/handlers/admin_probes.go:291.2,292.16 2 1
dnstool/go-server/internal/handlers/admin_probes.go:292.16,294.3 1 0
dnstool/go-server/internal/handlers/admin_probes.go:295.2,295.50 1 1
dnstool/go-server/internal/handlers/admin_probes.go:295.50,299.3 3 0
dnstool/go-server/internal/handlers/admin_probes.go:300.2,301.55 2 1
dnstool/go-server/internal/handlers/admin_probes.go:301.55,304.3 2 0
dnstool/go-server/internal/handlers/admin_probes.go:305.2,305.28 1 1
dnstool/go-server/internal/handlers/admin_probes.go:308.88,329.66 10 0
dnstool/go-server/internal/handlers/admin_probes.go:329.66,330.19 1 0
dnstool/go-server/internal/handlers/admin_probes.go:330.19,332.4 1 0
dnstool/go-server/internal/handlers/admin_probes.go:332.9,334.4 1 0
dnstool/go-server/internal/handlers/admin_probes.go:337.2,337.20 1 0
dnstool/go-server/internal/handlers/admin_probes.go:340.33,359.2 1 1
dnstool/go-server/internal/handlers/admin_probes.go:361.34,370.2 1 1
dnstool/go-server/internal/handlers/admin_probes.go:372.32,408.2 1 1
dnstool/go-server/internal/handlers/analysis.go:64.147,73.2 1 1
dnstool/go-server/internal/handlers/analysis.go:75.99,76.21 1 1
dnstool/go-server/internal/handlers/analysis.go:76.21,78.10 1 1
dnstool/go-server/internal/handlers/analysis.go:79.9,80.36 2 1
dnstool/go-server/internal/handlers/analysis.go:80.36,82.10 1 1
dnstool/go-server/internal/handlers/analysis.go:83.9,84.16 2 0
dnstool/go-server/internal/handlers/analysis.go:84.16,86.10 1 0
dnstool/go-server/internal/handlers/analysis.go:87.9,88.16 2 0
dnstool/go-server/internal/handlers/analysis.go:88.16,90.10 1 0
dnstool/go-server/internal/handlers/analysis.go:91.9,95.37 2 0
dnstool/go-server/internal/handlers/analysis.go:98.47,99.48 1 1
dnstool/go-server/internal/handlers/analysis.go:99.48,100.46 1 1
dnstool/go-server/internal/handlers/analysis.go:101.26,102.35 1 1
dnstool/go-server/internal/handlers/analysis.go:103.27,104.36 1 1
dnstool/go-server/internal/handlers/analysis.go:105.26,106.35 1 1
dnstool/go-server/internal/handlers/analysis.go:107.27,108.36 1 1
dnstool/go-server/internal/handlers/analysis.go:109.26,110.35 1 1
dnstool/go-server/internal/handlers/analysis.go:111.25,112.35 1 1
dnstool/go-server/internal/handlers/analysis.go:115.9,115.41 1 1
dnstool/go-server/internal/handlers/analysis.go:115.41,117.10 1 1
dnstool/go-server/internal/handlers/analysis.go:118.9,118.19 1 1
dnstool/go-server/internal/handlers/analysis.go:121.45,122.21 1 1
dnstool/go-server/internal/handlers/analysis.go:123.24,124.45 1 1
dnstool/go-server/internal/handlers/analysis.go:125.18,126.48 1 1
dnstool/go-server/internal/handlers/analysis.go:127.17,128.38 1 1
dnstool/go-server/internal/handlers/analysis.go:132.37,134.2 1 1
dnstool/go-server/internal/handlers/analysis.go:136.62,138.2 1 1
dnstool/go-server/internal/handlers/analysis.go:140.56,142.2 1 1
dnstool/go-server/internal/handlers/analysis.go:144.65,146.2 1 1
dnstool/go-server/internal/handlers/analysis.go:148.77,150.16 2 1
dnstool/go-server/internal/handlers/analysis.go:150.16,152.10 1 0
dnstool/go-server/internal/handlers/analysis.go:153.9,154.16 2 1
dnstool/go-server/internal/handlers/analysis.go:154.16,156.10 1 0
dnstool/go-server/internal/handlers/analysis.go:157.9,159.23 3 1
dnstool/go-server/internal/handlers/analysis.go:159.23,162.10 2 1
dnstool/go-server/internal/handlers/analysis.go:164.9,166.23 3 1
dnstool/go-server/internal/handlers/analysis.go:166.23,169.10 2 1
dnstool/go-server/internal/handlers/analysis.go:171.9,171.68 1 0
dnstool/go-server/internal/handlers/analysis.go:171.68,174.10 2 0
dnstool/go-server/internal/handlers/analysis.go:176.9,176.85 1 0
dnstool/go-server/internal/handlers/analysis.go:176.85,179.10 2 0
dnstool/go-server/internal/handlers/analysis.go:181.9,182.27 2 0
dnstool/go-server/internal/handlers/analysis.go:182.27,185.10 2 0
dnstool/go-server/internal/handlers/analysis.go:187.9,187.55 1 0
dnstool/go-server/internal/handlers/analysis.go:187.55,188.32 1 0
dnstool/go-server/internal/handlers/analysis.go:188.32,190.18 1 0
dnstool/go-server/internal/handlers/analysis.go:190.23,190.39 1 0
dnstool/go-server/internal/handlers/analysis.go:190.39,192.18 1 0
dnstool/go-server/internal/handlers/analysis.go:195.9,196.24 2 0
dnstool/go-server/internal/handlers/analysis.go:196.24,198.10 1 0
dnstool/go-server/internal/handlers/analysis.go:199.9,253.66 16 0
dnstool/go-server/internal/handlers/analysis.go:256.48,258.25 2 1
dnstool/go-server/internal/handlers/analysis.go:258.25,260.10 1 1
dnstool/go-server/internal/handlers/analysis.go:261.9,261.22 1 1
dnstool/go-server/internal/handlers/analysis.go:264.63,266.27 2 1
dnstool/go-server/internal/handlers/analysis.go:266.27,268.10 1 1
dnstool/go-server/internal/handlers/analysis.go:269.9,270.16 2 1
dnstool/go-server/internal/handlers/analysis.go:270.16,272.10 1 1
dnstool/go-server/internal/handlers/analysis.go:273.9,273.28 1 1
dnstool/go-server/internal/handlers/analysis.go:276.51,278.16 2 1
dnstool/go-server/internal/handlers/analysis.go:278.16,280.10 1 0
dnstool/go-server/internal/handlers/analysis.go:281.9,282.16 2 1
dnstool/go-server/internal/handlers/analysis.go:282.16,284.10 1 0
dnstool/go-server/internal/handlers/analysis.go:286.9,287.25 2 1
dnstool/go-server/internal/handlers/analysis.go:287.25,290.10 2 1
dnstool/go-server/internal/handlers/analysis.go:292.9,292.46 1 1
dnstool/go-server/internal/handlers/analysis.go:292.46,295.10 2 1
dnstool/go-server/internal/handlers/analysis.go:297.9,298.23 2 0
dnstool/go-server/internal/handlers/analysis.go:298.23,300.10 1 0
dnstool/go-server/internal/handlers/analysis.go:302.9,320.65 12 0
dnstool/go-server/internal/handlers/analysis.go:320.65,324.10 3 0
dnstool/go-server/internal/handlers/analysis.go:326.9,392.69 20 0
dnstool/go-server/internal/handlers/analysis.go:395.126,396.39 1 0
dnstool/go-server/internal/handlers/analysis.go:396.39,398.10 1 0
dnstool/go-server/internal/handlers/analysis.go:399.9,400.16 2 0
dnstool/go-server/internal/handlers/analysis.go:400.16,402.10 1 0
dnstool/go-server/internal/handlers/analysis.go:403.9,403.62 1 0
dnstool/go-server/internal/handlers/analysis.go:403.62,405.10 1 0
dnstool/go-server/internal/handlers/analysis.go:408.56,409.20 1 1
dnstool/go-server/internal/handlers/analysis.go:409.20,412.10 2 1
dnstool/go-server/internal/handlers/analysis.go:415.67,418.28 3 1
dnstool/go-server/internal/handlers/analysis.go:418.28,420.10 1 1
dnstool/go-server/internal/handlers/analysis.go:421.9,421.19 1 1
dnstool/go-server/internal/handlers/analysis.go:421.19,423.10 1 1
dnstool/go-server/internal/handlers/analysis.go:424.9,424.18 1 1
dnstool/go-server/internal/handlers/analysis.go:424.18,426.10 1 1
dnstool/go-server/internal/handlers/analysis.go:427.9,427.19 1 1
dnstool/go-server/internal/handlers/analysis.go:430.139,431.71 1 1
dnstool/go-server/internal/handlers/analysis.go:431.71,434.10 2 1
dnstool/go-server/internal/handlers/analysis.go:436.9,437.89 2 1
dnstool/go-server/internal/handlers/analysis.go:437.89,440.10 2 0
dnstool/go-server/internal/handlers/analysis.go:441.9,442.56 2 0
dnstool/go-server/internal/handlers/analysis.go:442.56,443.82 1 0
dnstool/go-server/internal/handlers/analysis.go:443.82,446.18 2 0
dnstool/go-server/internal/handlers/analysis.go:449.9,450.60 2 0
dnstool/go-server/internal/handlers/analysis.go:450.60,457.10 2 0
dnstool/go-server/internal/handlers/analysis.go:459.9,459.27 1 0
dnstool/go-server/internal/handlers/analysis.go:459.27,460.111 1 0
dnstool/go-server/internal/handlers/analysis.go:460.111,462.18 1 0
dnstool/go-server/internal/handlers/analysis.go:466.157,467.89 1 1
dnstool/go-server/internal/handlers/analysis.go:467.89,469.42 2 0
dnstool/go-server/internal/handlers/analysis.go:469.42,472.18 2 0
dnstool/go-server/internal/handlers/analysis.go:473.17,473.50 1 0
dnstool/go-server/internal/handlers/analysis.go:475.9,475.56 1 0
dnstool/go-server/internal/handlers/analysis.go:475.56,476.82 1 0
dnstool/go-server/internal/handlers/analysis.go:476.82,478.18 1 0
dnstool/go-server/internal/handlers/analysis.go:480.9,480.53 1 0
dnstool/go-server/internal/handlers/analysis.go:480.53,481.63 1 0
dnstool/go-server/internal/handlers/analysis.go:481.63,483.18 1 0
dnstool/go-server/internal/handlers/analysis.go:485.9,485.27 1 0
dnstool/go-server/internal/handlers/analysis.go:485.27,486.111 1 0
dnstool/go-server/internal/handlers/analysis.go:486.111,488.18 1 0
dnstool/go-server/internal/handlers/analysis.go:492.75,494.45 2 1
dnstool/go-server/internal/handlers/analysis.go:494.45,496.10 1 1
dnstool/go-server/internal/handlers/analysis.go:497.9,497.46 1 1
dnstool/go-server/internal/handlers/analysis.go:497.46,499.10 1 1
dnstool/go-server/internal/handlers/analysis.go:500.9,500.56 1 1
dnstool/go-server/internal/handlers/analysis.go:500.56,502.10 1 1
dnstool/go-server/internal/handlers/analysis.go:503.9,503.56 1 1
dnstool/go-server/internal/handlers/analysis.go:503.56,505.10 1 1
dnstool/go-server/internal/handlers/analysis.go:506.9,506.57 1 1
dnstool/go-server/internal/handlers/analysis.go:506.57,508.10 1 1
dnstool/go-server/internal/handlers/analysis.go:509.9,509.54 1 1
dnstool/go-server/internal/handlers/analysis.go:509.54,511.10 1 1
dnstool/go-server/internal/handlers/analysis.go:512.9,512.52 1 1
dnstool/go-server/internal/handlers/analysis.go:512.52,514.10 1 1
dnstool/go-server/internal/handlers/analysis.go:515.9,515.54 1 1
dnstool/go-server/internal/handlers/analysis.go:515.54,517.10 1 1
dnstool/go-server/internal/handlers/analysis.go:518.9,518.51 1 1
dnstool/go-server/internal/handlers/analysis.go:518.51,520.10 1 1
dnstool/go-server/internal/handlers/analysis.go:521.9,521.55 1 1
dnstool/go-server/internal/handlers/analysis.go:521.55,523.10 1 1
dnstool/go-server/internal/handlers/analysis.go:524.9,524.18 1 1
dnstool/go-server/internal/handlers/analysis.go:527.92,530.89 2 0
dnstool/go-server/internal/handlers/analysis.go:530.89,532.10 1 0
dnstool/go-server/internal/handlers/analysis.go:534.9,535.56 2 0
dnstool/go-server/internal/handlers/analysis.go:535.56,536.82 1 0
dnstool/go-server/internal/handlers/analysis.go:536.82,538.18 1 0
dnstool/go-server/internal/handlers/analysis.go:541.9,543.71 3 0
dnstool/go-server/internal/handlers/analysis.go:543.71,561.10 2 0
dnstool/go-server/internal/handlers/analysis.go:563.9,563.45 1 0
dnstool/go-server/internal/handlers/analysis.go:566.60,568.37 2 1
dnstool/go-server/internal/handlers/analysis.go:568.37,570.10 1 1
dnstool/go-server/internal/handlers/analysis.go:571.9,571.18 1 1
dnstool/go-server/internal/handlers/analysis.go:574.60,575.45 1 1
dnstool/go-server/internal/handlers/analysis.go:575.45,577.10 1 1
dnstool/go-server/internal/handlers/analysis.go:578.9,578.19 1 1
dnstool/go-server/internal/handlers/analysis.go:581.130,583.30 2 1
dnstool/go-server/internal/handlers/analysis.go:583.30,585.10 1 1
dnstool/go-server/internal/handlers/analysis.go:586.9,586.112 1 1
dnstool/go-server/internal/handlers/analysis.go:589.36,590.21 1 1
dnstool/go-server/internal/handlers/analysis.go:590.21,592.10 1 1
dnstool/go-server/internal/handlers/analysis.go:593.9,593.18 1 1
dnstool/go-server/internal/handlers/analysis.go:596.150,597.30 1 0
dnstool/go-server/internal/handlers/analysis.go:597.30,599.10 1 0
dnstool/go-server/internal/handlers/analysis.go:600.9,604.27 2 0
dnstool/go-server/internal/handlers/analysis.go:604.27,606.10 1 0
dnstool/go-server/internal/handlers/analysis.go:607.9,613.20 1 0
dnstool/go-server/internal/handlers/analysis.go:616.152,617.36 1 0
dnstool/go-server/internal/handlers/analysis.go:617.36,619.10 1 0
dnstool/go-server/internal/handlers/analysis.go:620.9,621.19 2 0
dnstool/go-server/internal/handlers/analysis.go:624.52,627.79 3 1
dnstool/go-server/internal/handlers/analysis.go:627.79,629.55 2 1
dnstool/go-server/internal/handlers/analysis.go:629.55,630.58 1 1
dnstool/go-server/internal/handlers/analysis.go:630.58,632.26 1 1
dnstool/go-server/internal/handlers/analysis.go:635.9,635.39 1 1
dnstool/go-server/internal/handlers/analysis.go:638.155,640.37 2 0
dnstool/go-server/internal/handlers/analysis.go:640.37,642.35 2 0
dnstool/go-server/internal/handlers/analysis.go:642.35,650.43 2 0
dnstool/go-server/internal/handlers/analysis.go:650.43,652.26 1 0
dnstool/go-server/internal/handlers/analysis.go:655.9,655.21 1 0
dnstool/go-server/internal/handlers/analysis.go:671.103,673.71 2 0
dnstool/go-server/internal/handlers/analysis.go:673.71,676.10 2 0
dnstool/go-server/internal/handlers/analysis.go:677.9,687.11 1 0
dnstool/go-server/internal/handlers/analysis.go:690.73,691.20 1 1
dnstool/go-server/internal/handlers/analysis.go:691.20,693.10 1 1
dnstool/go-server/internal/handlers/analysis.go:693.15,693.33 1 1
dnstool/go-server/internal/handlers/analysis.go:693.33,695.10 1 1
dnstool/go-server/internal/handlers/analysis.go:695.15,697.10 1 1
dnstool/go-server/internal/handlers/analysis.go:715.115,716.29 1 0
dnstool/go-server/internal/handlers/analysis.go:716.29,718.37 2 0
dnstool/go-server/internal/handlers/analysis.go:718.37,720.18 1 0
dnstool/go-server/internal/handlers/analysis.go:721.17,721.90 1 0
dnstool/go-server/internal/handlers/analysis.go:721.90,723.18 1 0
dnstool/go-server/internal/handlers/analysis.go:726.9,726.43 1 0
dnstool/go-server/internal/handlers/analysis.go:726.43,729.10 2 0
dnstool/go-server/internal/handlers/analysis.go:731.9,731.69 1 0
dnstool/go-server/internal/handlers/analysis.go:734.77,737.30 3 0
dnstool/go-server/internal/handlers/analysis.go:737.30,740.10 2 0
dnstool/go-server/internal/handlers/analysis.go:741.9,745.23 2 0
dnstool/go-server/internal/handlers/analysis.go:745.23,747.10 1 0
dnstool/go-server/internal/handlers/analysis.go:750.72,751.48 1 0
dnstool/go-server/internal/handlers/analysis.go:751.48,753.10 1 0
dnstool/go-server/internal/handlers/analysis.go:754.9,754.19 1 0
dnstool/go-server/internal/handlers/analysis.go:754.19,759.31 2 0
dnstool/go-server/internal/handlers/analysis.go:759.31,761.18 1 0
dnstool/go-server/internal/handlers/analysis.go:765.76,771.20 5 0
dnstool/go-server/internal/handlers/analysis.go:771.20,773.10 1 0
dnstool/go-server/internal/handlers/analysis.go:773.15,775.10 1 0
dnstool/go-server/internal/handlers/analysis.go:777.9,790.23 2 0
dnstool/go-server/internal/handlers/analysis.go:790.23,792.10 1 0
dnstool/go-server/internal/handlers/analysis.go:795.62,797.20 2 1
dnstool/go-server/internal/handlers/analysis.go:797.20,799.10 1 1
dnstool/go-server/internal/handlers/analysis.go:800.9,800.74 1 1
dnstool/go-server/internal/handlers/analysis.go:800.74,802.10 1 0
dnstool/go-server/internal/handlers/analysis.go:819.109,867.89 8 0
dnstool/go-server/internal/handlers/analysis.go:867.89,869.10 1 0
dnstool/go-server/internal/handlers/analysis.go:870.9,870.58 1 0
dnstool/go-server/internal/handlers/analysis.go:870.58,871.82 1 0
dnstool/go-server/internal/handlers/analysis.go:871.82,873.18 1 0
dnstool/go-server/internal/handlers/analysis.go:875.9,875.27 1 0
dnstool/go-server/internal/handlers/analysis.go:894.115,895.78 1 1
dnstool/go-server/internal/handlers/analysis.go:895.78,897.10 1 1
dnstool/go-server/internal/handlers/analysis.go:898.9,903.32 2 1
dnstool/go-server/internal/handlers/analysis.go:903.32,905.10 1 1
dnstool/go-server/internal/handlers/analysis.go:906.9,906.36 1 1
dnstool/go-server/internal/handlers/analysis.go:906.36,908.74 2 1
dnstool/go-server/internal/handlers/analysis.go:908.74,910.18 1 1
dnstool/go-server/internal/handlers/analysis.go:912.9,912.18 1 1
dnstool/go-server/internal/handlers/analysis.go:915.115,917.23 2 0
dnstool/go-server/internal/handlers/analysis.go:917.23,920.10 2 0
dnstool/go-server/internal/handlers/analysis.go:922.9,923.40 2 0
dnstool/go-server/internal/handlers/analysis.go:923.40,924.49 1 0
dnstool/go-server/internal/handlers/analysis.go:924.49,926.30 2 0
dnstool/go-server/internal/handlers/analysis.go:928.17,928.78 1 0
dnstool/go-server/internal/handlers/analysis.go:928.78,930.18 1 0
dnstool/go-server/internal/handlers/analysis.go:933.9,942.29 2 0
dnstool/go-server/internal/handlers/analysis.go:942.29,945.10 2 0
dnstool/go-server/internal/handlers/analysis.go:946.9,948.55 2 0
dnstool/go-server/internal/handlers/analysis.go:951.86,954.23 3 0
dnstool/go-server/internal/handlers/analysis.go:954.23,957.10 2 0
dnstool/go-server/internal/handlers/analysis.go:958.9,958.32 1 0
dnstool/go-server/internal/handlers/analysis.go:958.32,960.10 1 0
dnstool/go-server/internal/handlers/analysis.go:961.9,961.38 1 0
dnstool/go-server/internal/handlers/analysis.go:961.38,967.32 2 0
dnstool/go-server/internal/handlers/analysis.go:967.32,974.33 2 0
dnstool/go-server/internal/handlers/analysis.go:976.17,980.18 1 0
dnstool/go-server/internal/handlers/analysis.go:984.112,997.2 3 1
dnstool/go-server/internal/handlers/analysis.go:999.88,1001.40 2 1
dnstool/go-server/internal/handlers/analysis.go:1001.40,1004.10 2 1
dnstool/go-server/internal/handlers/analysis.go:1005.9,1009.111 2 0
dnstool/go-server/internal/handlers/analysis.go:1012.119,1014.2 1 1
dnstool/go-server/internal/handlers/analysis.go:1016.56,1017.60 1 1
dnstool/go-server/internal/handlers/analysis.go:1017.60,1019.10 1 1
dnstool/go-server/internal/handlers/analysis.go:1020.9,1020.18 1 1
dnstool/go-server/internal/handlers/analysis.go:1023.108,1025.2 1 1
dnstool/go-server/internal/handlers/analysis.go:1027.54,1029.98 2 1
dnstool/go-server/internal/handlers/analysis.go:1029.98,1031.30 2 1
dnstool/go-server/internal/handlers/analysis.go:1031.30,1033.18 1 1
dnstool/go-server/internal/handlers/analysis.go:1035.9,1035.31 1 1
dnstool/go-server/internal/handlers/analysis.go:1038.57,1040.62 2 1
dnstool/go-server/internal/handlers/analysis.go:1040.62,1043.10 2 1
dnstool/go-server/internal/handlers/analysis.go:1044.9,1045.23 2 0
dnstool/go-server/internal/handlers/analysis.go:1045.23,1047.10 1 0
dnstool/go-server/internal/handlers/analysis.go:1049.9,1051.29 2 0
dnstool/go-server/internal/handlers/analysis.go:1051.29,1054.10 2 0
dnstool/go-server/internal/handlers/analysis.go:1056.9,1059.93 3 0
dnstool/go-server/internal/handlers/analysis.go:1059.93,1062.10 2 0
dnstool/go-server/internal/handlers/analysis.go:1064.9,1065.31 2 0
dnstool/go-server/internal/handlers/analysis.go:1065.31,1068.10 2 0
dnstool/go-server/internal/handlers/analysis.go:1070.9,1070.38 1 0
dnstool/go-server/internal/handlers/analysis.go:1073.100,1074.67 1 1
dnstool/go-server/internal/handlers/analysis.go:1074.67,1076.10 1 0
dnstool/go-server/internal/handlers/analysis.go:1078.9,1078.63 1 1
dnstool/go-server/internal/handlers/analysis.go:1081.55,1082.50 1 1
dnstool/go-server/internal/handlers/analysis.go:1082.50,1083.42 1 1
dnstool/go-server/internal/handlers/analysis.go:1083.42,1085.18 1 1
dnstool/go-server/internal/handlers/analysis.go:1087.9,1087.20 1 1
dnstool/go-server/internal/handlers/analysis.go:1090.57,1093.25 3 1
dnstool/go-server/internal/handlers/analysis.go:1093.25,1096.10 2 1
dnstool/go-server/internal/handlers/analysis.go:1097.9,1097.46 1 1
dnstool/go-server/internal/handlers/analysis.go:1097.46,1100.10 2 1
dnstool/go-server/internal/handlers/analysis.go:1101.9,1102.38 2 0
dnstool/go-server/internal/handlers/analysis.go:1105.63,1107.25 2 1
dnstool/go-server/internal/handlers/analysis.go:1107.25,1110.10 2 1
dnstool/go-server/internal/handlers/analysis.go:1111.9,1111.46 1 1
dnstool/go-server/internal/handlers/analysis.go:1111.46,1114.10 2 1
dnstool/go-server/internal/handlers/analysis.go:1116.9,1117.36 2 1
dnstool/go-server/internal/handlers/analysis.go:1117.36,1120.10 2 1
dnstool/go-server/internal/handlers/analysis.go:1122.9,1132.35 8 0
dnstool/go-server/internal/handlers/analysis.go:1132.35,1135.70 3 0
dnstool/go-server/internal/handlers/analysis.go:1135.70,1137.18 1 0
dnstool/go-server/internal/handlers/analysis.go:1138.17,1145.84 7 0
dnstool/go-server/internal/handlers/analysis.go:1145.84,1147.18 1 0
dnstool/go-server/internal/handlers/analysis.go:1149.17,1156.53 1 0
dnstool/go-server/internal/handlers/analysis.go:1158.9,1158.18 1 0
dnstool/go-server/internal/handlers/analysis.go:1161.33,1162.117 1 1
dnstool/go-server/internal/handlers/analysis.go:1162.117,1164.10 1 0
dnstool/go-server/internal/handlers/analysis.go:1165.9,1165.46 1 1
dnstool/go-server/internal/handlers/analysis.go:1165.46,1167.10 1 1
dnstool/go-server/internal/handlers/analysis.go:1168.9,1168.17 1 1
dnstool/go-server/internal/handlers/analysis.go:1171.78,1172.26 1 1
dnstool/go-server/internal/handlers/analysis.go:1172.26,1174.10 1 1
dnstool/go-server/internal/handlers/analysis.go:1175.9,1176.60 2 1
dnstool/go-server/internal/handlers/analysis.go:1176.60,1178.10 1 1
dnstool/go-server/internal/handlers/analysis.go:1179.9,1179.22 1 1
dnstool/go-server/internal/handlers/analysis.go:1182.70,1184.16 2 1
dnstool/go-server/internal/handlers/analysis.go:1184.16,1186.10 1 1
dnstool/go-server/internal/handlers/analysis.go:1187.9,1188.20 2 1
dnstool/go-server/internal/handlers/analysis.go:1188.20,1190.10 1 1
dnstool/go-server/internal/handlers/analysis.go:1191.9,1191.18 1 1
dnstool/go-server/internal/handlers/analysis.go:1194.112,1218.34 5 0
dnstool/go-server/internal/handlers/analysis.go:1218.34,1220.10 1 0
dnstool/go-server/internal/handlers/analysis.go:1221.9,1221.89 1 0
dnstool/go-server/internal/handlers/analysis.go:1221.89,1231.10 1 0
dnstool/go-server/internal/handlers/analysis.go:1233.9,1256.32 3 0
dnstool/go-server/internal/handlers/analysis.go:1256.32,1258.10 1 0
dnstool/go-server/internal/handlers/analysis.go:1259.9,1262.32 3 0
dnstool/go-server/internal/handlers/analysis.go:1262.32,1264.10 1 0
dnstool/go-server/internal/handlers/analysis.go:1266.9,1270.48 4 0
dnstool/go-server/internal/handlers/analysis.go:1278.53,1280.36 2 1
dnstool/go-server/internal/handlers/analysis.go:1280.36,1281.26 1 1
dnstool/go-server/internal/handlers/analysis.go:1281.26,1283.18 1 1
dnstool/go-server/internal/handlers/analysis.go:1284.17,1285.32 2 1
dnstool/go-server/internal/handlers/analysis.go:1285.32,1287.33 2 0
dnstool/go-server/internal/handlers/analysis.go:1289.17,1290.32 2 1
dnstool/go-server/internal/handlers/analysis.go:1290.32,1292.33 2 1
dnstool/go-server/internal/handlers/analysis.go:1294.17,1296.47 3 1
dnstool/go-server/internal/handlers/analysis.go:1298.9,1299.19 2 1
dnstool/go-server/internal/handlers/analysis.go:1302.89,1305.23 3 1
dnstool/go-server/internal/handlers/analysis.go:1305.23,1308.10 2 1
dnstool/go-server/internal/handlers/analysis.go:1310.9,1312.23 3 1
dnstool/go-server/internal/handlers/analysis.go:1312.23,1315.10 2 1
dnstool/go-server/internal/handlers/analysis.go:1317.9,1317.68 1 0
dnstool/go-server/internal/handlers/analysis.go:1317.68,1319.43 2 0
dnstool/go-server/internal/handlers/analysis.go:1319.43,1324.18 1 0
dnstool/go-server/internal/handlers/analysis.go:1324.23,1326.18 1 0
dnstool/go-server/internal/handlers/analysis.go:1327.17,1327.51 1 0
dnstool/go-server/internal/handlers/analysis.go:1330.9,1330.30 1 0
dnstool/go-server/internal/handlers/analysis.go:1333.55,1335.16 2 1
dnstool/go-server/internal/handlers/analysis.go:1335.16,1337.10 1 1
dnstool/go-server/internal/handlers/analysis.go:1339.9,1342.103 3 0
dnstool/go-server/internal/handlers/analysis.go:1342.103,1344.10 1 0
dnstool/go-server/internal/handlers/analysis.go:1345.9,1346.76 2 0
dnstool/go-server/internal/handlers/analysis.go:1349.63,1351.16 2 1
dnstool/go-server/internal/handlers/analysis.go:1351.16,1353.10 1 1
dnstool/go-server/internal/handlers/analysis.go:1355.9,1359.29 4 0
dnstool/go-server/internal/handlers/analysis.go:1359.29,1391.10 31 0
dnstool/go-server/internal/handlers/analysis.go:1393.9,1412.48 2 0
dnstool/go-server/internal/handlers/analysis.go:1427.98,1430.30 3 0
dnstool/go-server/internal/handlers/analysis.go:1430.30,1433.10 2 0
dnstool/go-server/internal/handlers/analysis.go:1435.9,1486.23 19 0
dnstool/go-server/internal/handlers/analysis.go:1486.23,1489.10 2 0
dnstool/go-server/internal/handlers/analysis.go:1491.9,1492.32 2 0
dnstool/go-server/internal/handlers/analysis.go:1492.32,1494.10 1 0
dnstool/go-server/internal/handlers/analysis.go:1495.9,1495.33 1 0
dnstool/go-server/internal/handlers/analysis.go:1498.67,1499.76 1 1
dnstool/go-server/internal/handlers/analysis.go:1499.76,1501.10 1 1
dnstool/go-server/internal/handlers/analysis.go:1502.9,1502.25 1 1
dnstool/go-server/internal/handlers/analysis.go:1505.54,1507.20 2 1
dnstool/go-server/internal/handlers/analysis.go:1507.20,1509.10 1 1
dnstool/go-server/internal/handlers/analysis.go:1510.9,1510.20 1 1
dnstool/go-server/internal/handlers/analysis.go:1510.20,1512.10 1 1
dnstool/go-server/internal/handlers/analysis.go:1513.9,1513.22 1 1
dnstool/go-server/internal/handlers/analysis.go:1516.70,1518.22 2 1
dnstool/go-server/internal/handlers/analysis.go:1518.22,1520.10 1 1
dnstool/go-server/internal/handlers/analysis.go:1521.9,1521.24 1 1
dnstool/go-server/internal/handlers/analysis.go:1521.24,1523.10 1 1
dnstool/go-server/internal/handlers/analysis.go:1524.9,1524.34 1 1
dnstool/go-server/internal/handlers/analysis.go:1536.34,1537.41 1 0
dnstool/go-server/internal/handlers/analysis.go:1537.41,1538.27 1 0
dnstool/go-server/internal/handlers/analysis.go:1538.27,1541.44 3 0
dnstool/go-server/internal/handlers/analysis.go:1541.44,1543.78 2 0
dnstool/go-server/internal/handlers/analysis.go:1543.78,1544.82 1 0
dnstool/go-server/internal/handlers/analysis.go:1544.82,1545.90 1 0
dnstool/go-server/internal/handlers/analysis.go:1545.90,1547.50 1 0
dnstool/go-server/internal/handlers/analysis.go:1549.41,1549.52 1 0
dnstool/go-server/internal/handlers/analysis.go:1556.48,1557.57 1 1
dnstool/go-server/internal/handlers/analysis.go:1557.57,1559.10 1 1
dnstool/go-server/internal/handlers/analysis.go:1561.9,1563.52 2 0
dnstool/go-server/internal/handlers/analysis.go:1563.52,1565.70 2 0
dnstool/go-server/internal/handlers/analysis.go:1565.70,1567.18 1 0
dnstool/go-server/internal/handlers/analysis.go:1570.9,1572.23 3 0
dnstool/go-server/internal/handlers/analysis.go:1572.23,1574.10 1 0
dnstool/go-server/internal/handlers/analysis.go:1575.9,1577.35 2 0
dnstool/go-server/internal/handlers/analysis.go:1577.35,1579.10 1 0
dnstool/go-server/internal/handlers/analysis.go:1581.9,1586.104 2 0
dnstool/go-server/internal/handlers/analysis.go:1586.104,1588.10 1 0
dnstool/go-server/internal/handlers/analysis.go:1590.9,1591.50 2 0
dnstool/go-server/internal/handlers/analysis.go:1594.80,1595.22 1 1
dnstool/go-server/internal/handlers/analysis.go:1595.22,1596.50 1 1
dnstool/go-server/internal/handlers/analysis.go:1596.50,1597.52 1 1
dnstool/go-server/internal/handlers/analysis.go:1597.52,1599.26 1 1
dnstool/go-server/internal/handlers/analysis.go:1601.17,1601.27 1 1
dnstool/go-server/internal/handlers/analysis.go:1603.9,1604.16 2 1
dnstool/go-server/internal/handlers/analysis.go:1604.16,1606.10 1 1
dnstool/go-server/internal/handlers/analysis.go:1607.9,1608.16 2 1
dnstool/go-server/internal/handlers/analysis.go:1608.16,1610.10 1 1
dnstool/go-server/internal/handlers/analysis.go:1611.9,1612.16 2 1
dnstool/go-server/internal/handlers/analysis.go:1612.16,1614.10 1 1
dnstool/go-server/internal/handlers/analysis.go:1615.9,1615.18 1 1
dnstool/go-server/internal/handlers/analysis.go:1618.100,1621.37 3 1
dnstool/go-server/internal/handlers/analysis.go:1621.37,1622.45 1 1
dnstool/go-server/internal/handlers/analysis.go:1622.45,1623.33 1 1
dnstool/go-server/internal/handlers/analysis.go:1625.17,1626.63 2 1
dnstool/go-server/internal/handlers/analysis.go:1626.63,1627.33 1 1
dnstool/go-server/internal/handlers/analysis.go:1629.17,1629.59 1 1
dnstool/go-server/internal/handlers/analysis.go:1629.59,1630.90 1 1
dnstool/go-server/internal/handlers/analysis.go:1630.90,1632.26 1 1
dnstool/go-server/internal/handlers/analysis.go:1634.17,1634.47 1 1
dnstool/go-server/internal/handlers/analysis.go:1634.47,1636.18 1 1
dnstool/go-server/internal/handlers/analysis.go:1638.9,1638.34 1 1
dnstool/go-server/internal/handlers/analysis.go:1641.125,1646.54 2 1
dnstool/go-server/internal/handlers/analysis.go:1646.54,1648.10 1 0
dnstool/go-server/internal/handlers/analysis.go:1650.9,1652.29 2 0
dnstool/go-server/internal/handlers/analysis.go:1652.29,1654.10 1 0
dnstool/go-server/internal/handlers/analysis.go:1656.9,1659.23 4 0
dnstool/go-server/internal/handlers/analysis.go:1662.86,1664.22 2 1
dnstool/go-server/internal/handlers/analysis.go:1664.22,1666.10 1 1
dnstool/go-server/internal/handlers/analysis.go:1666.15,1668.24 2 1
dnstool/go-server/internal/handlers/analysis.go:1668.24,1670.18 1 1
dnstool/go-server/internal/handlers/analysis.go:1671.17,1671.40 1 1
dnstool/go-server/internal/handlers/analysis.go:1673.9,1673.24 1 1
dnstool/go-server/internal/handlers/analysis.go:1673.24,1675.10 1 1
dnstool/go-server/internal/handlers/analysis.go:1676.9,1677.23 2 1
dnstool/go-server/internal/handlers/analysis.go:1677.23,1679.10 1 0
dnstool/go-server/internal/handlers/analysis.go:1680.9,1680.17 1 1
dnstool/go-server/internal/handlers/analysis.go:1703.74,1705.16 2 0
dnstool/go-server/internal/handlers/analysis.go:1705.16,1707.10 1 0
dnstool/go-server/internal/handlers/analysis.go:1709.9,1718.10 5 0
dnstool/go-server/internal/handlers/analysis.go:1721.123,1725.61 3 0
dnstool/go-server/internal/handlers/analysis.go:1725.61,1729.10 3 0
dnstool/go-server/internal/handlers/analysis.go:1730.9,1730.26 1 0
dnstool/go-server/internal/handlers/analysis.go:1733.78,1735.16 2 1
dnstool/go-server/internal/handlers/analysis.go:1735.16,1737.10 1 1
dnstool/go-server/internal/handlers/analysis.go:1738.9,1739.23 2 1
dnstool/go-server/internal/handlers/analysis.go:1740.48,1741.27 1 1
dnstool/go-server/internal/handlers/analysis.go:1742.47,1743.27 1 1
dnstool/go-server/internal/handlers/analysis.go:1744.51,1745.27 1 1
dnstool/go-server/internal/handlers/analysis.go:1746.37,1747.27 1 1
dnstool/go-server/internal/handlers/analysis.go:1748.17,1749.27 1 1
dnstool/go-server/internal/handlers/analysis.go:1753.68,1755.16 2 1
dnstool/go-server/internal/handlers/analysis.go:1755.16,1757.10 1 1
dnstool/go-server/internal/handlers/analysis.go:1758.9,1759.16 2 1
dnstool/go-server/internal/handlers/analysis.go:1759.16,1761.10 1 1
dnstool/go-server/internal/handlers/analysis.go:1762.9,1764.40 3 1
dnstool/go-server/internal/handlers/analysis.go:1764.40,1766.24 2 1
dnstool/go-server/internal/handlers/analysis.go:1766.24,1767.33 1 1
dnstool/go-server/internal/handlers/analysis.go:1769.17,1772.33 4 1
dnstool/go-server/internal/handlers/analysis.go:1772.33,1774.43 2 1
dnstool/go-server/internal/handlers/analysis.go:1774.43,1776.26 1 1
dnstool/go-server/internal/handlers/analysis.go:1778.17,1779.37 2 1
dnstool/go-server/internal/handlers/analysis.go:1781.9,1781.42 1 1
dnstool/go-server/internal/handlers/analysis.go:1784.105,1786.43 2 0
dnstool/go-server/internal/handlers/analysis.go:1786.43,1787.71 1 0
dnstool/go-server/internal/handlers/analysis.go:1787.71,1789.18 1 0
dnstool/go-server/internal/handlers/analysis.go:1791.9,1792.37 2 0
dnstool/go-server/internal/handlers/analytics.go:24.87,26.2 1 1
dnstool/go-server/internal/handlers/analytics.go:60.54,80.2 8 1
dnstool/go-server/internal/handlers/analytics.go:82.95,88.16 2 1
dnstool/go-server/internal/handlers/analytics.go:88.16,91.3 2 0
dnstool/go-server/internal/handlers/analytics.go:92.2,92.15 1 1
dnstool/go-server/internal/handlers/analytics.go:92.15,92.31 1 1
dnstool/go-server/internal/handlers/analytics.go:94.2,95.18 2 1
dnstool/go-server/internal/handlers/analytics.go:95.18,100.65 4 0
dnstool/go-server/internal/handlers/analytics.go:100.65,102.12 2 0
dnstool/go-server/internal/handlers/analytics.go:104.3,107.70 4 0
dnstool/go-server/internal/handlers/analytics.go:107.70,109.4 1 0
dnstool/go-server/internal/handlers/analytics.go:110.3,110.64 1 0
dnstool/go-server/internal/handlers/analytics.go:110.64,112.4 1 0
dnstool/go-server/internal/handlers/analytics.go:113.3,113.25 1 0
dnstool/go-server/internal/handlers/analytics.go:115.2,115.35 1 1
dnstool/go-server/internal/handlers/analytics.go:115.35,117.3 1 0
dnstool/go-server/internal/handlers/analytics.go:118.2,118.13 1 1
dnstool/go-server/internal/handlers/analytics.go:121.102,128.25 5 1
dnstool/go-server/internal/handlers/analytics.go:128.25,133.39 5 1
dnstool/go-server/internal/handlers/analytics.go:133.39,135.4 1 1
dnstool/go-server/internal/handlers/analytics.go:136.3,136.32 1 1
dnstool/go-server/internal/handlers/analytics.go:136.32,138.4 1 1
dnstool/go-server/internal/handlers/analytics.go:141.2,141.23 1 1
dnstool/go-server/internal/handlers/analytics.go:141.23,144.3 2 1
dnstool/go-server/internal/handlers/analytics.go:146.2,149.10 3 1
dnstool/go-server/internal/handlers/analytics.go:152.52,154.22 2 1
dnstool/go-server/internal/handlers/analytics.go:154.22,156.3 1 1
dnstool/go-server/internal/handlers/analytics.go:157.2,157.36 1 1
dnstool/go-server/internal/handlers/analytics.go:157.36,158.41 1 1
dnstool/go-server/internal/handlers/analytics.go:158.41,159.43 1 1
dnstool/go-server/internal/handlers/analytics.go:159.43,161.5 1 1
dnstool/go-server/internal/handlers/analytics.go:164.2,164.22 1 1
dnstool/go-server/internal/handlers/analytics.go:164.22,166.3 1 1
dnstool/go-server/internal/handlers/analytics.go:167.2,167.16 1 1
dnstool/go-server/internal/handlers/analytics.go:170.53,172.22 2 1
dnstool/go-server/internal/handlers/analytics.go:172.22,174.3 1 1
dnstool/go-server/internal/handlers/analytics.go:175.2,175.36 1 1
dnstool/go-server/internal/handlers/analytics.go:175.36,176.41 1 1
dnstool/go-server/internal/handlers/analytics.go:176.41,177.43 1 1
dnstool/go-server/internal/handlers/analytics.go:177.43,179.5 1 1
dnstool/go-server/internal/handlers/analytics.go:182.2,182.22 1 1
dnstool/go-server/internal/handlers/analytics.go:182.22,184.3 1 1
dnstool/go-server/internal/handlers/analytics.go:185.2,185.16 1 1
dnstool/go-server/internal/handlers/approach.go:18.62,20.2 1 1
dnstool/go-server/internal/handlers/approach.go:22.52,33.2 4 1
dnstool/go-server/internal/handlers/architecture.go:18.70,20.2 1 1
dnstool/go-server/internal/handlers/architecture.go:22.60,34.2 4 1
dnstool/go-server/internal/handlers/audit_log.go:39.41,41.35 2 1
dnstool/go-server/internal/handlers/audit_log.go:41.35,42.63 1 1
dnstool/go-server/internal/handlers/audit_log.go:42.63,44.4 1 1
dnstool/go-server/internal/handlers/audit_log.go:46.2,46.13 1 1
dnstool/go-server/internal/handlers/audit_log.go:49.90,51.17 2 0
dnstool/go-server/internal/handlers/audit_log.go:51.17,53.3 1 0
dnstool/go-server/internal/handlers/audit_log.go:55.2,57.16 3 0
dnstool/go-server/internal/handlers/audit_log.go:57.16,60.31 3 0
dnstool/go-server/internal/handlers/audit_log.go:60.31,62.4 1 0
dnstool/go-server/internal/handlers/audit_log.go:63.3,63.34 1 0
dnstool/go-server/internal/handlers/audit_log.go:63.34,66.4 2 0
dnstool/go-server/internal/handlers/audit_log.go:69.2,74.16 3 0
dnstool/go-server/internal/handlers/audit_log.go:74.16,76.3 1 0
dnstool/go-server/internal/handlers/audit_log.go:78.2,82.24 5 0
dnstool/go-server/internal/handlers/audit_log.go:85.73,87.27 2 1
dnstool/go-server/internal/handlers/audit_log.go:87.27,92.29 2 1
dnstool/go-server/internal/handlers/audit_log.go:92.29,94.4 1 1
dnstool/go-server/internal/handlers/audit_log.go:95.3,95.26 1 1
dnstool/go-server/internal/handlers/audit_log.go:95.26,97.4 1 1
dnstool/go-server/internal/handlers/audit_log.go:98.3,98.35 1 1
dnstool/go-server/internal/handlers/audit_log.go:100.2,100.16 1 1
dnstool/go-server/internal/handlers/audit_log.go:103.54,122.2 9 0
dnstool/go-server/internal/handlers/audit_log.go:124.87,126.2 1 1
dnstool/go-server/internal/handlers/auth.go:51.74,57.2 1 1
dnstool/go-server/internal/handlers/auth.go:59.53,61.40 2 1
dnstool/go-server/internal/handlers/auth.go:61.40,63.3 1 0
dnstool/go-server/internal/handlers/auth.go:64.2,64.53 1 1
dnstool/go-server/internal/handlers/auth.go:67.42,69.40 2 1
dnstool/go-server/internal/handlers/auth.go:69.40,71.3 1 0
dnstool/go-server/internal/handlers/auth.go:72.2,72.35 1 1
dnstool/go-server/internal/handlers/auth.go:75.51,78.2 2 1
dnstool/go-server/internal/handlers/auth.go:80.45,82.16 2 1
dnstool/go-server/internal/handlers/auth.go:82.16,86.3 3 0
dnstool/go-server/internal/handlers/auth.go:88.2,89.16 2 1
dnstool/go-server/internal/handlers/auth.go:89.16,93.3 3 0
dnstool/go-server/internal/handlers/auth.go:95.2,96.16 2 1
dnstool/go-server/internal/handlers/auth.go:96.16,100.3 3 0
dnstool/go-server/internal/handlers/auth.go:102.2,123.39 8 1
dnstool/go-server/internal/handlers/auth.go:126.48,128.9 2 1
dnstool/go-server/internal/handlers/auth.go:128.9,131.3 2 1
dnstool/go-server/internal/handlers/auth.go:133.2,134.16 2 0
dnstool/go-server/internal/handlers/auth.go:134.16,138.3 3 0
dnstool/go-server/internal/handlers/auth.go:139.2,139.72 1 0
dnstool/go-server/internal/handlers/auth.go:139.72,143.3 3 0
dnstool/go-server/internal/handlers/auth.go:145.2,146.30 2 0
dnstool/go-server/internal/handlers/auth.go:146.30,150.3 3 0
dnstool/go-server/internal/handlers/auth.go:152.2,153.16 2 0
dnstool/go-server/internal/handlers/auth.go:153.16,157.3 3 0
dnstool/go-server/internal/handlers/auth.go:159.2,160.48 2 0
dnstool/go-server/internal/handlers/auth.go:160.48,168.3 3 0
dnstool/go-server/internal/handlers/auth.go:170.2,180.16 4 0
dnstool/go-server/internal/handlers/auth.go:180.16,184.3 3 0
dnstool/go-server/internal/handlers/auth.go:186.2,189.16 3 0
dnstool/go-server/internal/handlers/auth.go:189.16,192.3 2 0
dnstool/go-server/internal/handlers/auth.go:194.2,194.50 1 0
dnstool/go-server/internal/handlers/auth.go:197.144,198.52 1 0
dnstool/go-server/internal/handlers/auth.go:198.52,200.3 1 0
dnstool/go-server/internal/handlers/auth.go:201.2,201.66 1 0
dnstool/go-server/internal/handlers/auth.go:201.66,204.3 2 0
dnstool/go-server/internal/handlers/auth.go:205.2,209.20 2 0
dnstool/go-server/internal/handlers/auth.go:212.106,221.30 7 0
dnstool/go-server/internal/handlers/auth.go:221.30,223.3 1 0
dnstool/go-server/internal/handlers/auth.go:225.2,227.16 2 0
dnstool/go-server/internal/handlers/auth.go:227.16,229.3 1 0
dnstool/go-server/internal/handlers/auth.go:229.8,231.3 1 0
dnstool/go-server/internal/handlers/auth.go:234.88,236.37 2 1
dnstool/go-server/internal/handlers/auth.go:236.37,239.3 2 1
dnstool/go-server/internal/handlers/auth.go:241.2,242.51 2 1
dnstool/go-server/internal/handlers/auth.go:242.51,245.3 2 1
dnstool/go-server/internal/handlers/auth.go:247.2,248.38 2 1
dnstool/go-server/internal/handlers/auth.go:248.38,251.3 2 1
dnstool/go-server/internal/handlers/auth.go:253.2,254.37 2 1
dnstool/go-server/internal/handlers/auth.go:254.37,257.3 2 1
dnstool/go-server/internal/handlers/auth.go:259.2,260.16 2 1
dnstool/go-server/internal/handlers/auth.go:260.16,263.3 2 1
dnstool/go-server/internal/handlers/auth.go:265.2,265.59 1 1
dnstool/go-server/internal/handlers/auth.go:268.80,270.9 2 1
dnstool/go-server/internal/handlers/auth.go:270.9,272.3 1 1
dnstool/go-server/internal/handlers/auth.go:273.2,274.9 2 1
dnstool/go-server/internal/handlers/auth.go:274.9,276.3 1 1
dnstool/go-server/internal/handlers/auth.go:277.2,278.9 2 1
dnstool/go-server/internal/handlers/auth.go:278.9,280.3 1 1
dnstool/go-server/internal/handlers/auth.go:281.2,282.9 2 1
dnstool/go-server/internal/handlers/auth.go:282.9,284.3 1 1
dnstool/go-server/internal/handlers/auth.go:285.2,285.40 1 1
dnstool/go-server/internal/handlers/auth.go:288.87,291.38 3 0
dnstool/go-server/internal/handlers/auth.go:291.38,297.3 1 0
dnstool/go-server/internal/handlers/auth.go:298.2,298.94 1 0
dnstool/go-server/internal/handlers/auth.go:298.94,300.22 2 0
dnstool/go-server/internal/handlers/auth.go:300.22,302.4 1 0
dnstool/go-server/internal/handlers/auth.go:302.9,302.29 1 0
dnstool/go-server/internal/handlers/auth.go:302.29,310.4 3 0
dnstool/go-server/internal/handlers/auth.go:312.2,312.35 1 0
dnstool/go-server/internal/handlers/auth.go:315.92,317.16 2 0
dnstool/go-server/internal/handlers/auth.go:317.16,320.3 2 0
dnstool/go-server/internal/handlers/auth.go:322.2,331.16 3 0
dnstool/go-server/internal/handlers/auth.go:331.16,334.3 2 0
dnstool/go-server/internal/handlers/auth.go:335.2,335.23 1 0
dnstool/go-server/internal/handlers/auth.go:338.46,340.32 2 1
dnstool/go-server/internal/handlers/auth.go:340.32,341.84 1 0
dnstool/go-server/internal/handlers/auth.go:341.84,343.4 1 0
dnstool/go-server/internal/handlers/auth.go:346.2,348.35 3 1
dnstool/go-server/internal/handlers/auth.go:351.99,353.29 2 0
dnstool/go-server/internal/handlers/auth.go:353.29,355.3 1 0
dnstool/go-server/internal/handlers/auth.go:357.2,358.16 2 0
dnstool/go-server/internal/handlers/auth.go:358.16,360.3 1 0
dnstool/go-server/internal/handlers/auth.go:362.2,362.90 1 0
dnstool/go-server/internal/handlers/auth.go:362.90,364.3 1 0
dnstool/go-server/internal/handlers/auth.go:366.2,366.54 1 0
dnstool/go-server/internal/handlers/auth.go:366.54,368.3 1 0
dnstool/go-server/internal/handlers/auth.go:370.2,370.52 1 0
dnstool/go-server/internal/handlers/auth.go:373.69,375.21 2 1
dnstool/go-server/internal/handlers/auth.go:375.21,377.3 1 1
dnstool/go-server/internal/handlers/auth.go:378.2,379.16 2 1
dnstool/go-server/internal/handlers/auth.go:379.16,381.3 1 1
dnstool/go-server/internal/handlers/auth.go:382.2,383.57 2 1
dnstool/go-server/internal/handlers/auth.go:383.57,385.3 1 1
dnstool/go-server/internal/handlers/auth.go:386.2,386.20 1 1
dnstool/go-server/internal/handlers/auth.go:389.93,391.9 2 1
dnstool/go-server/internal/handlers/auth.go:391.9,393.3 1 1
dnstool/go-server/internal/handlers/auth.go:394.2,394.74 1 1
dnstool/go-server/internal/handlers/auth.go:394.74,396.3 1 1
dnstool/go-server/internal/handlers/auth.go:397.2,398.9 2 1
dnstool/go-server/internal/handlers/auth.go:398.9,400.3 1 1
dnstool/go-server/internal/handlers/auth.go:401.2,401.29 1 1
dnstool/go-server/internal/handlers/auth.go:401.29,403.3 1 1
dnstool/go-server/internal/handlers/auth.go:404.2,404.12 1 1
dnstool/go-server/internal/handlers/auth.go:407.57,410.9 3 1
dnstool/go-server/internal/handlers/auth.go:410.9,412.3 1 1
dnstool/go-server/internal/handlers/auth.go:413.2,413.40 1 1
dnstool/go-server/internal/handlers/auth.go:413.40,415.3 1 1
dnstool/go-server/internal/handlers/auth.go:416.2,416.55 1 1
dnstool/go-server/internal/handlers/auth.go:416.55,418.44 2 1
dnstool/go-server/internal/handlers/auth.go:418.44,420.4 1 1
dnstool/go-server/internal/handlers/auth.go:422.2,422.12 1 1
dnstool/go-server/internal/handlers/auth.go:425.78,426.25 1 1
dnstool/go-server/internal/handlers/auth.go:426.25,428.3 1 1
dnstool/go-server/internal/handlers/auth.go:429.2,430.9 2 1
dnstool/go-server/internal/handlers/auth.go:430.9,432.3 1 1
dnstool/go-server/internal/handlers/auth.go:433.2,433.22 1 1
dnstool/go-server/internal/handlers/auth.go:433.22,435.3 1 1
dnstool/go-server/internal/handlers/auth.go:436.2,436.33 1 1
dnstool/go-server/internal/handlers/auth.go:436.33,438.3 1 1
dnstool/go-server/internal/handlers/auth.go:439.2,439.12 1 1
dnstool/go-server/internal/handlers/auth.go:446.87,457.16 3 0
dnstool/go-server/internal/handlers/auth.go:457.16,459.3 1 0
dnstool/go-server/internal/handlers/auth.go:460.2,463.16 3 0
dnstool/go-server/internal/handlers/auth.go:463.16,465.3 1 0
dnstool/go-server/internal/handlers/auth.go:467.2,467.38 1 0
dnstool/go-server/internal/handlers/auth.go:467.38,469.3 1 0
dnstool/go-server/internal/handlers/auth.go:471.2,472.54 2 0
dnstool/go-server/internal/handlers/auth.go:472.54,474.3 1 0
dnstool/go-server/internal/handlers/auth.go:476.2,476.20 1 0
dnstool/go-server/internal/handlers/auth.go:479.81,481.16 2 0
dnstool/go-server/internal/handlers/auth.go:481.16,483.3 1 0
dnstool/go-server/internal/handlers/auth.go:484.2,487.16 3 0
dnstool/go-server/internal/handlers/auth.go:487.16,489.3 1 0
dnstool/go-server/internal/handlers/auth.go:490.2,493.16 3 0
dnstool/go-server/internal/handlers/auth.go:493.16,495.3 1 0
dnstool/go-server/internal/handlers/auth.go:497.2,497.38 1 0
dnstool/go-server/internal/handlers/auth.go:497.38,499.3 1 0
dnstool/go-server/internal/handlers/auth.go:501.2,502.54 2 0
dnstool/go-server/internal/handlers/auth.go:502.54,504.3 1 0
dnstool/go-server/internal/handlers/auth.go:506.2,506.20 1 0
dnstool/go-server/internal/handlers/auth.go:509.65,511.49 2 1
dnstool/go-server/internal/handlers/auth.go:511.49,513.3 1 1
dnstool/go-server/internal/handlers/auth.go:514.2,519.21 5 1
dnstool/go-server/internal/handlers/auth.go:519.21,521.50 2 1
dnstool/go-server/internal/handlers/auth.go:521.50,523.4 1 1
dnstool/go-server/internal/handlers/auth.go:525.2,525.16 1 1
dnstool/go-server/internal/handlers/auth.go:528.77,530.16 2 0
dnstool/go-server/internal/handlers/auth.go:530.16,533.3 2 0
dnstool/go-server/internal/handlers/auth.go:534.2,535.29 2 0
dnstool/go-server/internal/handlers/auth.go:535.29,537.3 1 0
dnstool/go-server/internal/handlers/auth.go:538.2,538.77 1 0
dnstool/go-server/internal/handlers/auth.go:538.77,539.24 1 0
dnstool/go-server/internal/handlers/auth.go:539.24,540.12 1 0
dnstool/go-server/internal/handlers/auth.go:542.3,548.17 2 0
dnstool/go-server/internal/handlers/auth.go:548.17,550.4 1 0
dnstool/go-server/internal/handlers/auth.go:550.9,552.4 1 0
dnstool/go-server/internal/handlers/auth.go:555.2,555.36 1 0
dnstool/go-server/internal/handlers/auth.go:558.78,559.38 1 0
dnstool/go-server/internal/handlers/auth.go:559.38,561.3 1 0
dnstool/go-server/internal/handlers/auth.go:562.2,563.16 2 0
dnstool/go-server/internal/handlers/auth.go:563.16,566.3 2 0
dnstool/go-server/internal/handlers/auth.go:567.2,567.31 1 0
dnstool/go-server/internal/handlers/auth.go:567.31,568.43 1 0
dnstool/go-server/internal/handlers/auth.go:568.43,570.4 1 0
dnstool/go-server/internal/handlers/auth.go:572.2,578.16 2 0
dnstool/go-server/internal/handlers/auth.go:578.16,580.3 1 0
dnstool/go-server/internal/handlers/auth.go:580.8,582.3 1 0
dnstool/go-server/internal/handlers/auth_helpers.go:14.74,15.54 1 1
dnstool/go-server/internal/handlers/auth_helpers.go:15.54,17.3 1 1
dnstool/go-server/internal/handlers/auth_helpers.go:18.2,18.30 1 1
dnstool/go-server/internal/handlers/auth_helpers.go:18.30,20.3 1 1
dnstool/go-server/internal/handlers/auth_helpers.go:21.2,21.13 1 1
dnstool/go-server/internal/handlers/badge.go:38.79,40.2 1 1
dnstool/go-server/internal/handlers/badge.go:42.46,44.18 2 1
dnstool/go-server/internal/handlers/badge.go:44.18,47.3 2 1
dnstool/go-server/internal/handlers/badge.go:49.2,50.52 2 0
dnstool/go-server/internal/handlers/badge.go:50.52,53.3 2 0
dnstool/go-server/internal/handlers/badge.go:55.2,57.16 3 0
dnstool/go-server/internal/handlers/badge.go:57.16,60.3 2 0
dnstool/go-server/internal/handlers/badge.go:62.2,62.22 1 0
dnstool/go-server/internal/handlers/badge.go:62.22,65.3 2 0
dnstool/go-server/internal/handlers/badge.go:67.2,68.20 2 0
dnstool/go-server/internal/handlers/badge.go:68.20,71.3 2 0
dnstool/go-server/internal/handlers/badge.go:73.2,81.23 6 0
dnstool/go-server/internal/handlers/badge.go:81.23,83.3 1 0
dnstool/go-server/internal/handlers/badge.go:83.8,85.3 1 0
dnstool/go-server/internal/handlers/badge.go:88.51,99.2 3 1
dnstool/go-server/internal/handlers/badge.go:101.73,102.27 1 1
dnstool/go-server/internal/handlers/badge.go:102.27,104.3 1 1
dnstool/go-server/internal/handlers/badge.go:105.2,106.62 2 1
dnstool/go-server/internal/handlers/badge.go:106.62,109.3 2 1
dnstool/go-server/internal/handlers/badge.go:110.2,110.16 1 1
dnstool/go-server/internal/handlers/badge.go:113.66,116.20 3 1
dnstool/go-server/internal/handlers/badge.go:116.20,118.3 1 1
dnstool/go-server/internal/handlers/badge.go:119.2,120.9 2 1
dnstool/go-server/internal/handlers/badge.go:120.9,122.3 1 1
dnstool/go-server/internal/handlers/badge.go:123.2,124.9 2 1
dnstool/go-server/internal/handlers/badge.go:124.9,126.3 1 1
dnstool/go-server/internal/handlers/badge.go:127.2,127.61 1 1
dnstool/go-server/internal/handlers/badge.go:127.61,129.3 1 1
dnstool/go-server/internal/handlers/badge.go:129.8,129.64 1 1
dnstool/go-server/internal/handlers/badge.go:129.64,131.3 1 1
dnstool/go-server/internal/handlers/badge.go:132.2,132.49 1 1
dnstool/go-server/internal/handlers/badge.go:132.49,134.3 1 1
dnstool/go-server/internal/handlers/badge.go:135.2,135.29 1 1
dnstool/go-server/internal/handlers/badge.go:138.42,139.15 1 1
dnstool/go-server/internal/handlers/badge.go:140.17,141.16 1 1
dnstool/go-server/internal/handlers/badge.go:142.17,143.19 1 1
dnstool/go-server/internal/handlers/badge.go:144.16,145.21 1 1
dnstool/go-server/internal/handlers/badge.go:146.10,147.19 1 1
dnstool/go-server/internal/handlers/badge.go:151.50,183.2 5 1
dnstool/go-server/internal/handlers/badge.go:185.55,187.18 2 1
dnstool/go-server/internal/handlers/badge.go:187.18,196.3 2 1
dnstool/go-server/internal/handlers/badge.go:198.2,199.52 2 0
dnstool/go-server/internal/handlers/badge.go:199.52,208.3 2 0
dnstool/go-server/internal/handlers/badge.go:210.2,212.16 3 0
dnstool/go-server/internal/handlers/badge.go:212.16,220.3 2 0
dnstool/go-server/internal/handlers/badge.go:222.2,222.22 1 0
dnstool/go-server/internal/handlers/badge.go:222.22,230.3 2 0
dnstool/go-server/internal/handlers/badge.go:232.2,248.33 7 0
dnstool/go-server/internal/handlers/badge.go:248.33,250.3 1 0
dnstool/go-server/internal/handlers/badge.go:252.2,252.29 1 0
dnstool/go-server/internal/handlers/badge.go:255.46,256.15 1 1
dnstool/go-server/internal/handlers/badge.go:257.17,258.23 1 1
dnstool/go-server/internal/handlers/badge.go:259.17,260.18 1 1
dnstool/go-server/internal/handlers/badge.go:261.16,262.15 1 1
dnstool/go-server/internal/handlers/badge.go:263.10,264.25 1 1
dnstool/go-server/internal/handlers/badge.go:268.61,298.2 6 1
dnstool/go-server/internal/handlers/brand_colors.go:36.68,38.2 1 1
dnstool/go-server/internal/handlers/brand_colors.go:40.58,56.2 4 1
dnstool/go-server/internal/handlers/brand_colors.go:58.37,115.2 1 1
dnstool/go-server/internal/handlers/brand_colors.go:117.37,150.2 1 1
dnstool/go-server/internal/handlers/brand_colors.go:152.38,179.2 1 1
dnstool/go-server/internal/handlers/brand_colors.go:181.34,224.2 1 1
dnstool/go-server/internal/handlers/brand_colors.go:226.35,269.2 1 1
dnstool/go-server/internal/handlers/changelog.go:130.49,132.26 2 1
dnstool/go-server/internal/handlers/changelog.go:132.26,134.10 1 1
dnstool/go-server/internal/handlers/changelog.go:135.9,135.23 1 1
dnstool/go-server/internal/handlers/changelog.go:138.38,734.2 1 1
dnstool/go-server/internal/handlers/changelog.go:736.44,802.2 1 1
dnstool/go-server/internal/handlers/changelog_handler.go:18.64,20.2 1 1
dnstool/go-server/internal/handlers/changelog_handler.go:22.54,35.2 4 1
dnstool/go-server/internal/handlers/color_science.go:18.70,20.2 1 1
dnstool/go-server/internal/handlers/color_science.go:22.60,33.2 4 1
dnstool/go-server/internal/handlers/compare.go:33.83,35.2 1 1
dnstool/go-server/internal/handlers/compare.go:37.44,38.14 1 1
dnstool/go-server/internal/handlers/compare.go:38.14,40.3 1 1
dnstool/go-server/internal/handlers/compare.go:41.2,41.29 1 1
dnstool/go-server/internal/handlers/compare.go:41.29,43.3 1 1
dnstool/go-server/internal/handlers/compare.go:44.2,45.16 2 1
dnstool/go-server/internal/handlers/compare.go:45.16,47.3 1 0
dnstool/go-server/internal/handlers/compare.go:48.2,48.18 1 1
dnstool/go-server/internal/handlers/compare.go:51.65,53.23 2 1
dnstool/go-server/internal/handlers/compare.go:53.23,55.3 1 1
dnstool/go-server/internal/handlers/compare.go:56.2,56.28 1 1
dnstool/go-server/internal/handlers/compare.go:56.28,58.48 2 1
dnstool/go-server/internal/handlers/compare.go:58.48,59.50 1 1
dnstool/go-server/internal/handlers/compare.go:59.50,62.5 2 1
dnstool/go-server/internal/handlers/compare.go:65.2,65.31 1 1
dnstool/go-server/internal/handlers/compare.go:65.31,68.3 2 1
dnstool/go-server/internal/handlers/compare.go:69.2,69.11 1 1
dnstool/go-server/internal/handlers/compare.go:82.63,92.20 2 1
dnstool/go-server/internal/handlers/compare.go:92.20,94.3 1 1
dnstool/go-server/internal/handlers/compare.go:95.2,96.36 2 1
dnstool/go-server/internal/handlers/compare.go:99.60,102.26 3 1
dnstool/go-server/internal/handlers/compare.go:102.26,110.16 2 1
dnstool/go-server/internal/handlers/compare.go:110.16,112.4 1 1
dnstool/go-server/internal/handlers/compare.go:113.3,113.38 1 1
dnstool/go-server/internal/handlers/compare.go:113.38,123.4 2 1
dnstool/go-server/internal/handlers/compare.go:124.3,124.30 1 1
dnstool/go-server/internal/handlers/compare.go:126.2,126.23 1 1
dnstool/go-server/internal/handlers/compare.go:129.50,137.32 6 1
dnstool/go-server/internal/handlers/compare.go:137.32,140.3 2 1
dnstool/go-server/internal/handlers/compare.go:142.2,147.16 5 0
dnstool/go-server/internal/handlers/compare.go:147.16,150.3 2 0
dnstool/go-server/internal/handlers/compare.go:152.2,153.16 2 0
dnstool/go-server/internal/handlers/compare.go:153.16,156.3 2 0
dnstool/go-server/internal/handlers/compare.go:158.2,158.42 1 0
dnstool/go-server/internal/handlers/compare.go:158.42,161.3 2 0
dnstool/go-server/internal/handlers/compare.go:163.2,163.60 1 0
dnstool/go-server/internal/handlers/compare.go:163.60,164.63 1 0
dnstool/go-server/internal/handlers/compare.go:164.63,166.4 1 0
dnstool/go-server/internal/handlers/compare.go:169.2,172.40 3 0
dnstool/go-server/internal/handlers/compare.go:172.40,175.3 2 0
dnstool/go-server/internal/handlers/compare.go:177.2,194.46 5 0
dnstool/go-server/internal/handlers/compare.go:197.70,201.18 3 1
dnstool/go-server/internal/handlers/compare.go:201.18,215.3 4 1
dnstool/go-server/internal/handlers/compare.go:217.2,222.16 3 1
dnstool/go-server/internal/handlers/compare.go:222.16,236.3 4 0
dnstool/go-server/internal/handlers/compare.go:238.2,238.24 1 1
dnstool/go-server/internal/handlers/compare.go:238.24,252.3 4 1
dnstool/go-server/internal/handlers/compare.go:253.2,253.23 1 0
dnstool/go-server/internal/handlers/compare.go:253.23,255.30 2 0
dnstool/go-server/internal/handlers/compare.go:255.30,257.4 1 0
dnstool/go-server/internal/handlers/compare.go:258.3,271.9 4 0
dnstool/go-server/internal/handlers/compare.go:274.2,275.29 2 0
dnstool/go-server/internal/handlers/compare.go:275.29,277.3 1 0
dnstool/go-server/internal/handlers/compare.go:279.2,290.58 3 0
dnstool/go-server/internal/handlers/compare.go:293.65,295.24 2 1
dnstool/go-server/internal/handlers/compare.go:295.24,297.3 1 1
dnstool/go-server/internal/handlers/compare.go:298.2,299.26 2 1
dnstool/go-server/internal/handlers/compare.go:299.26,301.3 1 1
dnstool/go-server/internal/handlers/compare.go:302.2,303.25 2 1
dnstool/go-server/internal/handlers/compare.go:303.25,305.3 1 1
dnstool/go-server/internal/handlers/compare.go:306.2,307.31 2 1
dnstool/go-server/internal/handlers/compare.go:307.31,309.3 1 1
dnstool/go-server/internal/handlers/compare.go:310.2,311.23 2 1
dnstool/go-server/internal/handlers/compare.go:311.23,313.3 1 1
dnstool/go-server/internal/handlers/compare.go:314.2,315.28 2 1
dnstool/go-server/internal/handlers/compare.go:315.28,317.48 2 1
dnstool/go-server/internal/handlers/compare.go:317.48,318.50 1 1
dnstool/go-server/internal/handlers/compare.go:318.50,320.5 1 1
dnstool/go-server/internal/handlers/compare.go:323.2,333.3 1 1
dnstool/go-server/internal/handlers/confidence.go:22.89,24.2 1 1
dnstool/go-server/internal/handlers/confidence.go:26.56,41.24 6 1
dnstool/go-server/internal/handlers/confidence.go:41.24,42.105 1 1
dnstool/go-server/internal/handlers/confidence.go:42.105,44.53 2 1
dnstool/go-server/internal/handlers/confidence.go:44.53,45.122 1 1
dnstool/go-server/internal/handlers/confidence.go:45.122,47.34 1 1
dnstool/go-server/internal/handlers/confidence.go:49.25,52.54 4 1
dnstool/go-server/internal/handlers/confidence.go:56.9,56.24 1 1
dnstool/go-server/internal/handlers/confidence.go:56.24,57.121 1 1
dnstool/go-server/internal/handlers/confidence.go:57.121,59.18 1 1
dnstool/go-server/internal/handlers/confidence.go:62.9,64.55 3 1
dnstool/go-server/internal/handlers/dossier.go:31.83,33.2 1 1
dnstool/go-server/internal/handlers/dossier.go:50.62,52.24 2 1
dnstool/go-server/internal/handlers/dossier.go:52.24,54.3 1 1
dnstool/go-server/internal/handlers/dossier.go:55.2,56.26 2 1
dnstool/go-server/internal/handlers/dossier.go:56.26,58.3 1 1
dnstool/go-server/internal/handlers/dossier.go:59.2,60.25 2 1
dnstool/go-server/internal/handlers/dossier.go:60.25,62.3 1 1
dnstool/go-server/internal/handlers/dossier.go:63.2,64.31 2 1
dnstool/go-server/internal/handlers/dossier.go:64.31,66.3 1 1
dnstool/go-server/internal/handlers/dossier.go:67.2,68.23 2 1
dnstool/go-server/internal/handlers/dossier.go:68.23,71.3 2 1
dnstool/go-server/internal/handlers/dossier.go:72.2,73.28 2 1
dnstool/go-server/internal/handlers/dossier.go:73.28,75.48 2 1
dnstool/go-server/internal/handlers/dossier.go:75.48,76.50 1 1
dnstool/go-server/internal/handlers/dossier.go:76.50,78.5 1 1
dnstool/go-server/internal/handlers/dossier.go:81.2,82.26 2 1
dnstool/go-server/internal/handlers/dossier.go:82.26,84.3 1 1
dnstool/go-server/internal/handlers/dossier.go:85.2,98.3 1 1
dnstool/go-server/internal/handlers/dossier.go:101.74,103.24 2 1
dnstool/go-server/internal/handlers/dossier.go:103.24,105.3 1 1
dnstool/go-server/internal/handlers/dossier.go:106.2,107.26 2 1
dnstool/go-server/internal/handlers/dossier.go:107.26,109.3 1 1
dnstool/go-server/internal/handlers/dossier.go:110.2,111.25 2 1
dnstool/go-server/internal/handlers/dossier.go:111.25,113.3 1 1
dnstool/go-server/internal/handlers/dossier.go:114.2,115.31 2 1
dnstool/go-server/internal/handlers/dossier.go:115.31,117.3 1 1
dnstool/go-server/internal/handlers/dossier.go:118.2,119.23 2 1
dnstool/go-server/internal/handlers/dossier.go:119.23,122.3 2 1
dnstool/go-server/internal/handlers/dossier.go:123.2,124.28 2 1
dnstool/go-server/internal/handlers/dossier.go:124.28,126.48 2 1
dnstool/go-server/internal/handlers/dossier.go:126.48,127.50 1 1
dnstool/go-server/internal/handlers/dossier.go:127.50,129.5 1 1
dnstool/go-server/internal/handlers/dossier.go:132.2,133.26 2 1
dnstool/go-server/internal/handlers/dossier.go:133.26,135.3 1 1
dnstool/go-server/internal/handlers/dossier.go:136.2,149.3 1 1
dnstool/go-server/internal/handlers/dossier.go:152.50,157.29 4 1
dnstool/go-server/internal/handlers/dossier.go:157.29,174.3 4 1
dnstool/go-server/internal/handlers/dossier.go:176.2,180.14 4 0
dnstool/go-server/internal/handlers/dossier.go:180.14,182.3 1 0
dnstool/go-server/internal/handlers/dossier.go:183.2,189.16 5 0
dnstool/go-server/internal/handlers/dossier.go:189.16,202.3 4 0
dnstool/go-server/internal/handlers/dossier.go:204.2,207.16 3 0
dnstool/go-server/internal/handlers/dossier.go:207.16,220.3 4 0
dnstool/go-server/internal/handlers/dossier.go:222.2,237.46 4 0
dnstool/go-server/internal/handlers/dossier.go:240.115,241.24 1 0
dnstool/go-server/internal/handlers/dossier.go:241.24,247.3 2 0
dnstool/go-server/internal/handlers/dossier.go:248.2,248.52 1 0
dnstool/go-server/internal/handlers/dossier.go:251.151,252.24 1 0
dnstool/go-server/internal/handlers/dossier.go:252.24,260.17 3 0
dnstool/go-server/internal/handlers/dossier.go:260.17,262.4 1 0
dnstool/go-server/internal/handlers/dossier.go:263.3,264.30 2 0
dnstool/go-server/internal/handlers/dossier.go:264.30,266.4 1 0
dnstool/go-server/internal/handlers/dossier.go:267.3,267.20 1 0
dnstool/go-server/internal/handlers/dossier.go:270.2,275.16 2 0
dnstool/go-server/internal/handlers/dossier.go:275.16,277.3 1 0
dnstool/go-server/internal/handlers/dossier.go:278.2,279.29 2 0
dnstool/go-server/internal/handlers/dossier.go:279.29,281.3 1 0
dnstool/go-server/internal/handlers/dossier.go:282.2,282.19 1 0
dnstool/go-server/internal/handlers/drift.go:26.79,28.2 1 1
dnstool/go-server/internal/handlers/drift.go:52.33,53.17 1 1
dnstool/go-server/internal/handlers/drift.go:53.17,55.3 1 1
dnstool/go-server/internal/handlers/drift.go:56.2,56.10 1 1
dnstool/go-server/internal/handlers/drift.go:59.49,61.18 2 1
dnstool/go-server/internal/handlers/drift.go:61.18,66.3 4 1
dnstool/go-server/internal/handlers/drift.go:68.2,74.16 3 0
dnstool/go-server/internal/handlers/drift.go:74.16,79.3 4 0
dnstool/go-server/internal/handlers/drift.go:81.2,85.16 2 0
dnstool/go-server/internal/handlers/drift.go:85.16,90.3 4 0
dnstool/go-server/internal/handlers/drift.go:92.2,99.44 7 0
dnstool/go-server/internal/handlers/drift.go:102.75,113.18 4 1
dnstool/go-server/internal/handlers/drift.go:113.18,115.3 1 0
dnstool/go-server/internal/handlers/drift.go:116.2,117.13 2 1
dnstool/go-server/internal/handlers/drift.go:120.76,122.33 2 1
dnstool/go-server/internal/handlers/drift.go:122.33,134.25 2 1
dnstool/go-server/internal/handlers/drift.go:134.25,136.4 1 1
dnstool/go-server/internal/handlers/drift.go:137.3,137.30 1 1
dnstool/go-server/internal/handlers/drift.go:137.30,139.54 2 1
dnstool/go-server/internal/handlers/drift.go:139.54,141.5 1 1
dnstool/go-server/internal/handlers/drift.go:143.3,143.34 1 1
dnstool/go-server/internal/handlers/drift.go:145.2,145.17 1 1
dnstool/go-server/internal/handlers/drift.go:148.73,151.42 3 1
dnstool/go-server/internal/handlers/drift.go:151.42,154.27 3 1
dnstool/go-server/internal/handlers/drift.go:154.27,156.4 1 1
dnstool/go-server/internal/handlers/drift.go:157.3,162.24 2 1
dnstool/go-server/internal/handlers/drift.go:162.24,164.4 1 1
dnstool/go-server/internal/handlers/drift.go:165.3,165.51 1 1
dnstool/go-server/internal/handlers/drift.go:165.51,167.4 1 1
dnstool/go-server/internal/handlers/drift.go:168.3,169.43 2 1
dnstool/go-server/internal/handlers/drift.go:171.2,171.60 1 1
dnstool/go-server/internal/handlers/drift.go:171.60,173.3 1 1
dnstool/go-server/internal/handlers/drift.go:174.2,174.20 1 1
dnstool/go-server/internal/handlers/ede.go:18.52,20.2 1 1
dnstool/go-server/internal/handlers/ede.go:22.42,35.2 5 0
dnstool/go-server/internal/handlers/email_header.go:29.68,31.2 1 1
dnstool/go-server/internal/handlers/email_header.go:33.62,48.2 5 1
dnstool/go-server/internal/handlers/email_header.go:50.65,54.32 3 1
dnstool/go-server/internal/handlers/email_header.go:54.32,67.3 3 1
dnstool/go-server/internal/handlers/email_header.go:69.2,73.60 4 1
dnstool/go-server/internal/handlers/email_header.go:73.60,75.38 2 0
dnstool/go-server/internal/handlers/email_header.go:75.38,78.4 2 0
dnstool/go-server/internal/handlers/email_header.go:79.3,80.21 2 0
dnstool/go-server/internal/handlers/email_header.go:80.21,83.4 2 0
dnstool/go-server/internal/handlers/email_header.go:84.3,85.39 2 0
dnstool/go-server/internal/handlers/email_header.go:88.2,88.20 1 1
dnstool/go-server/internal/handlers/email_header.go:88.20,90.3 1 1
dnstool/go-server/internal/handlers/email_header.go:92.2,92.20 1 1
dnstool/go-server/internal/handlers/email_header.go:92.20,95.3 2 1
dnstool/go-server/internal/handlers/email_header.go:97.2,97.35 1 0
dnstool/go-server/internal/handlers/email_header.go:97.35,99.3 1 0
dnstool/go-server/internal/handlers/email_header.go:101.2,102.26 2 0
dnstool/go-server/internal/handlers/email_header.go:102.26,105.3 2 0
dnstool/go-server/internal/handlers/email_header.go:107.2,122.56 5 0
dnstool/go-server/internal/handlers/export.go:23.61,25.2 1 1
dnstool/go-server/internal/handlers/export.go:27.52,39.13 9 1
dnstool/go-server/internal/handlers/export.go:39.13,44.53 2 1
dnstool/go-server/internal/handlers/export.go:44.53,45.30 1 1
dnstool/go-server/internal/handlers/export.go:48.17,48.44 1 0
dnstool/go-server/internal/handlers/export.go:48.44,50.18 1 0
dnstool/go-server/internal/handlers/export.go:52.17,54.49 2 0
dnstool/go-server/internal/handlers/export.go:54.49,55.30 1 0
dnstool/go-server/internal/handlers/export.go:57.17,57.34 1 0
dnstool/go-server/internal/handlers/export.go:61.69,63.35 2 1
dnstool/go-server/internal/handlers/export.go:63.35,64.83 1 1
dnstool/go-server/internal/handlers/export.go:64.83,66.18 1 1
dnstool/go-server/internal/handlers/export.go:68.9,78.10 1 1
dnstool/go-server/internal/handlers/export.go:81.89,84.23 3 1
dnstool/go-server/internal/handlers/export.go:84.23,86.10 1 0
dnstool/go-server/internal/handlers/export.go:87.9,88.30 2 1
dnstool/go-server/internal/handlers/failures.go:25.85,27.2 1 1
dnstool/go-server/internal/handlers/failures.go:37.34,39.9 2 1
dnstool/go-server/internal/handlers/failures.go:40.23,41.20 1 1
dnstool/go-server/internal/handlers/failures.go:42.21,44.13 2 1
dnstool/go-server/internal/handlers/failures.go:44.13,46.4 1 1
dnstool/go-server/internal/handlers/failures.go:47.3,47.42 1 1
dnstool/go-server/internal/handlers/failures.go:48.24,50.13 2 1
dnstool/go-server/internal/handlers/failures.go:50.13,52.4 1 1
dnstool/go-server/internal/handlers/failures.go:53.3,53.40 1 1
dnstool/go-server/internal/handlers/failures.go:54.10,56.16 2 1
dnstool/go-server/internal/handlers/failures.go:56.16,58.4 1 1
dnstool/go-server/internal/handlers/failures.go:59.3,59.42 1 1
dnstool/go-server/internal/handlers/failures.go:84.60,85.38 1 1
dnstool/go-server/internal/handlers/failures.go:85.38,86.35 1 1
dnstool/go-server/internal/handlers/failures.go:86.35,87.33 1 1
dnstool/go-server/internal/handlers/failures.go:87.33,89.5 1 1
dnstool/go-server/internal/handlers/failures.go:92.2,92.22 1 1
dnstool/go-server/internal/handlers/failures.go:95.57,96.30 1 1
dnstool/go-server/internal/handlers/failures.go:96.30,98.3 1 1
dnstool/go-server/internal/handlers/failures.go:99.2,101.52 2 1
dnstool/go-server/internal/handlers/failures.go:101.52,103.3 1 1
dnstool/go-server/internal/handlers/failures.go:105.2,107.23 3 1
dnstool/go-server/internal/handlers/failures.go:107.23,109.3 1 1
dnstool/go-server/internal/handlers/failures.go:110.2,110.59 1 1
dnstool/go-server/internal/handlers/failures.go:113.52,128.16 9 1
dnstool/go-server/internal/handlers/failures.go:128.16,141.3 4 0
dnstool/go-server/internal/handlers/failures.go:143.2,144.29 2 1
dnstool/go-server/internal/handlers/failures.go:144.29,148.24 4 0
dnstool/go-server/internal/handlers/failures.go:148.24,151.4 2 0
dnstool/go-server/internal/handlers/failures.go:152.3,158.5 1 0
dnstool/go-server/internal/handlers/failures.go:161.2,162.18 2 1
dnstool/go-server/internal/handlers/failures.go:162.18,164.3 1 0
dnstool/go-server/internal/handlers/failures.go:166.2,179.46 3 1
dnstool/go-server/internal/handlers/faq.go:18.52,20.2 1 1
dnstool/go-server/internal/handlers/faq.go:22.57,33.2 4 1
dnstool/go-server/internal/handlers/format.go:10.50,11.15 1 1
dnstool/go-server/internal/handlers/format.go:11.15,13.3 1 1
dnstool/go-server/internal/handlers/format.go:14.2,14.54 1 1
dnstool/go-server/internal/handlers/format.go:17.53,18.15 1 1
dnstool/go-server/internal/handlers/format.go:18.15,20.3 1 1
dnstool/go-server/internal/handlers/format.go:21.2,21.53 1 1
dnstool/go-server/internal/handlers/handlers.go:12.43,13.34 1 1
dnstool/go-server/internal/handlers/handlers.go:13.34,15.3 1 0
dnstool/go-server/internal/handlers/health.go:24.83,30.2 1 1
dnstool/go-server/internal/handlers/health.go:32.76,34.35 2 1
dnstool/go-server/internal/handlers/health.go:34.35,46.25 2 1
dnstool/go-server/internal/handlers/health.go:46.25,48.4 1 1
dnstool/go-server/internal/handlers/health.go:49.3,49.30 1 1
dnstool/go-server/internal/handlers/health.go:49.30,51.4 1 1
dnstool/go-server/internal/handlers/health.go:52.3,52.32 1 1
dnstool/go-server/internal/handlers/health.go:52.32,54.4 1 1
dnstool/go-server/internal/handlers/health.go:55.3,55.35 1 1
dnstool/go-server/internal/handlers/health.go:57.2,57.18 1 1
dnstool/go-server/internal/handlers/health.go:60.54,62.24 2 1
dnstool/go-server/internal/handlers/health.go:62.24,72.3 2 1
dnstool/go-server/internal/handlers/health.go:73.2,77.15 2 1
dnstool/go-server/internal/handlers/health.go:80.75,82.35 2 1
dnstool/go-server/internal/handlers/health.go:82.35,83.38 1 1
dnstool/go-server/internal/handlers/health.go:83.38,85.4 1 1
dnstool/go-server/internal/handlers/health.go:86.3,86.37 1 1
dnstool/go-server/internal/handlers/health.go:86.37,88.4 1 1
dnstool/go-server/internal/handlers/health.go:90.2,90.29 1 1
dnstool/go-server/internal/handlers/health.go:93.49,95.2 1 1
dnstool/go-server/internal/handlers/health.go:97.50,98.23 1 1
dnstool/go-server/internal/handlers/health.go:98.23,101.3 2 1
dnstool/go-server/internal/handlers/health.go:102.2,110.4 3 0
dnstool/go-server/internal/handlers/health.go:113.53,115.62 2 1
dnstool/go-server/internal/handlers/health.go:115.62,117.3 1 0
dnstool/go-server/internal/handlers/health.go:119.2,136.23 4 1
dnstool/go-server/internal/handlers/health.go:136.23,141.3 4 1
dnstool/go-server/internal/handlers/health.go:143.2,143.33 1 1
dnstool/go-server/internal/handlers/helpers.go:43.67,44.14 1 1
dnstool/go-server/internal/handlers/helpers.go:44.14,46.3 1 1
dnstool/go-server/internal/handlers/helpers.go:47.2,48.20 2 1
dnstool/go-server/internal/handlers/helpers.go:48.20,50.3 1 1
dnstool/go-server/internal/handlers/helpers.go:51.2,58.3 1 1
dnstool/go-server/internal/handlers/helpers.go:61.40,63.2 1 1
dnstool/go-server/internal/handlers/helpers.go:65.39,67.2 1 1
dnstool/go-server/internal/handlers/helpers.go:69.39,71.37 2 1
dnstool/go-server/internal/handlers/helpers.go:71.37,73.3 1 1
dnstool/go-server/internal/handlers/helpers.go:74.2,74.14 1 1
dnstool/go-server/internal/handlers/helpers.go:108.75,109.27 1 1
dnstool/go-server/internal/handlers/helpers.go:109.27,111.3 1 1
dnstool/go-server/internal/handlers/helpers.go:113.2,114.50 2 1
dnstool/go-server/internal/handlers/helpers.go:114.50,116.3 1 1
dnstool/go-server/internal/handlers/helpers.go:118.2,118.49 1 1
dnstool/go-server/internal/handlers/helpers.go:118.49,119.41 1 1
dnstool/go-server/internal/handlers/helpers.go:119.41,121.4 1 1
dnstool/go-server/internal/handlers/helpers.go:124.2,124.72 1 1
dnstool/go-server/internal/handlers/helpers.go:124.72,125.53 1 1
dnstool/go-server/internal/handlers/helpers.go:125.53,126.62 1 1
dnstool/go-server/internal/handlers/helpers.go:126.62,128.5 1 1
[...]
dnstool/go-server/internal/handlers/stats.go:194.9,195.46 2 1
dnstool/go-server/internal/handlers/stats.go:195.46,197.10 1 1
dnstool/go-server/internal/handlers/stats.go:198.9,201.39 3 1
dnstool/go-server/internal/handlers/stats.go:201.39,203.10 1 0
dnstool/go-server/internal/handlers/stats.go:205.9,206.42 2 1
dnstool/go-server/internal/handlers/stats.go:206.42,208.10 1 0
dnstool/go-server/internal/handlers/stats.go:210.9,211.41 2 1
dnstool/go-server/internal/handlers/stats.go:211.41,213.10 1 0
dnstool/go-server/internal/handlers/stats.go:215.9,216.23 2 1
dnstool/go-server/internal/handlers/stats.go:216.23,218.10 1 0
dnstool/go-server/internal/handlers/stats.go:220.9,223.23 3 1
dnstool/go-server/internal/handlers/stats.go:223.23,225.10 1 0
dnstool/go-server/internal/handlers/stats.go:227.9,248.50 4 1
dnstool/go-server/internal/handlers/stats.go:251.51,253.25 2 1
dnstool/go-server/internal/handlers/stats.go:253.25,255.10 1 1
dnstool/go-server/internal/handlers/stats.go:256.9,257.35 2 1
dnstool/go-server/internal/handlers/stats.go:257.35,259.10 1 1
dnstool/go-server/internal/handlers/stats.go:260.9,260.40 1 1
dnstool/go-server/internal/handlers/stats.go:260.40,262.10 1 1
dnstool/go-server/internal/handlers/stats.go:263.9,263.36 1 1
dnstool/go-server/internal/handlers/stats.go:263.36,265.10 1 1
dnstool/go-server/internal/handlers/stats.go:266.9,266.35 1 1
dnstool/go-server/internal/handlers/stats.go:266.35,268.10 1 1
dnstool/go-server/internal/handlers/stats.go:269.9,271.37 3 1
dnstool/go-server/internal/handlers/stats.go:271.37,274.10 2 1
dnstool/go-server/internal/handlers/stats.go:275.9,283.10 1 1
dnstool/go-server/internal/handlers/stats.go:286.70,288.34 2 1
dnstool/go-server/internal/handlers/stats.go:288.34,290.10 1 1
dnstool/go-server/internal/handlers/stats.go:291.9,291.34 1 1
dnstool/go-server/internal/handlers/stats.go:291.34,293.10 1 1
dnstool/go-server/internal/handlers/stats.go:294.9,295.27 2 1
dnstool/go-server/internal/handlers/stats.go:295.27,300.10 4 1
dnstool/go-server/internal/handlers/stats.go:301.9,301.80 1 1
dnstool/go-server/internal/handlers/stats.go:304.59,306.2 1 1
dnstool/go-server/internal/handlers/template_data.go:28.79,41.2 3 1
dnstool/go-server/internal/handlers/template_data.go:43.56,51.35 7 1
dnstool/go-server/internal/handlers/template_data.go:51.35,53.68 1 1
dnstool/go-server/internal/handlers/template_data.go:53.68,56.4 2 1
dnstool/go-server/internal/handlers/template_data.go:56.9,56.25 1 1
dnstool/go-server/internal/handlers/template_data.go:56.25,59.4 2 1
dnstool/go-server/internal/handlers/template_data.go:61.2,61.14 1 1
dnstool/go-server/internal/handlers/toolkit.go:31.60,33.2 1 1
dnstool/go-server/internal/handlers/toolkit.go:35.54,49.2 5 1
dnstool/go-server/internal/handlers/toolkit.go:51.47,72.2 8 1
dnstool/go-server/internal/handlers/toolkit.go:74.52,82.62 6 1
dnstool/go-server/internal/handlers/toolkit.go:82.62,84.10 1 0
dnstool/go-server/internal/handlers/toolkit.go:86.9,100.29 2 1
dnstool/go-server/internal/handlers/toolkit.go:100.29,103.10 2 1
dnstool/go-server/internal/handlers/toolkit.go:105.9,106.57 2 1
dnstool/go-server/internal/handlers/toolkit.go:106.57,109.10 2 1
dnstool/go-server/internal/handlers/toolkit.go:111.9,112.16 2 1
dnstool/go-server/internal/handlers/toolkit.go:112.16,115.10 2 1
dnstool/go-server/internal/handlers/toolkit.go:117.9,120.27 3 0
dnstool/go-server/internal/handlers/toolkit.go:120.27,123.10 2 0
dnstool/go-server/internal/handlers/toolkit.go:125.9,127.48 3 0
dnstool/go-server/internal/handlers/toolkit.go:130.89,134.2 3 1
dnstool/go-server/internal/handlers/toolkit.go:136.121,141.23 4 1
dnstool/go-server/internal/handlers/toolkit.go:141.23,143.10 1 0
dnstool/go-server/internal/handlers/toolkit.go:145.9,148.23 3 1
dnstool/go-server/internal/handlers/toolkit.go:148.23,150.10 1 1
dnstool/go-server/internal/handlers/toolkit.go:151.9,154.23 3 1
dnstool/go-server/internal/handlers/toolkit.go:154.23,156.10 1 0
dnstool/go-server/internal/handlers/toolkit.go:158.9,158.35 1 1
dnstool/go-server/internal/handlers/toolkit.go:158.35,160.10 1 1
dnstool/go-server/internal/handlers/toolkit.go:162.9,163.66 2 1
dnstool/go-server/internal/handlers/toolkit.go:163.66,165.10 1 1
dnstool/go-server/internal/handlers/toolkit.go:167.9,167.31 1 1
dnstool/go-server/internal/handlers/toolkit.go:174.89,175.37 1 1
dnstool/go-server/internal/handlers/toolkit.go:175.37,177.51 2 1
dnstool/go-server/internal/handlers/toolkit.go:177.51,178.52 1 1
dnstool/go-server/internal/handlers/toolkit.go:178.52,180.38 2 1
dnstool/go-server/internal/handlers/toolkit.go:183.17,183.102 1 1
dnstool/go-server/internal/handlers/toolkit.go:185.9,185.39 1 1
dnstool/go-server/internal/handlers/toolkit.go:185.39,187.10 1 1
dnstool/go-server/internal/handlers/toolkit.go:188.9,188.36 1 1
dnstool/go-server/internal/handlers/toolkit.go:191.46,194.107 2 1
dnstool/go-server/internal/handlers/toolkit.go:194.107,196.10 1 1
dnstool/go-server/internal/handlers/toolkit.go:198.9,198.44 1 1
dnstool/go-server/internal/handlers/toolkit.go:198.44,200.10 1 1
dnstool/go-server/internal/handlers/toolkit.go:202.9,202.40 1 1
dnstool/go-server/internal/handlers/toolkit.go:202.40,204.10 1 1
dnstool/go-server/internal/handlers/toolkit.go:206.9,206.44 1 1
dnstool/go-server/internal/handlers/toolkit.go:206.44,208.10 1 1
dnstool/go-server/internal/handlers/toolkit.go:210.9,210.42 1 1
dnstool/go-server/internal/handlers/toolkit.go:210.42,212.10 1 1
dnstool/go-server/internal/handlers/toolkit.go:214.9,214.25 1 1
dnstool/go-server/internal/handlers/topology.go:25.62,27.2 1 0
dnstool/go-server/internal/handlers/topology.go:29.47,34.35 4 0
dnstool/go-server/internal/handlers/topology.go:34.35,37.17 3 0
dnstool/go-server/internal/handlers/topology.go:37.17,38.12 1 0
dnstool/go-server/internal/handlers/topology.go:40.3,40.23 1 0
dnstool/go-server/internal/handlers/topology.go:40.23,42.4 1 0
dnstool/go-server/internal/handlers/topology.go:46.52,52.30 4 0
dnstool/go-server/internal/handlers/topology.go:52.30,54.17 2 0
dnstool/go-server/internal/handlers/topology.go:54.17,56.4 1 0
dnstool/go-server/internal/handlers/topology.go:59.2,68.46 3 0
dnstool/go-server/internal/handlers/ttl_tuner.go:38.84,40.2 1 1
dnstool/go-server/internal/handlers/ttl_tuner.go:42.56,55.2 5 1
dnstool/go-server/internal/handlers/ttl_tuner.go:89.54,95.19 5 1
dnstool/go-server/internal/handlers/ttl_tuner.go:95.19,97.3 1 1
dnstool/go-server/internal/handlers/ttl_tuner.go:99.2,111.18 3 1
dnstool/go-server/internal/handlers/ttl_tuner.go:111.18,115.3 3 1
dnstool/go-server/internal/handlers/ttl_tuner.go:117.2,125.42 6 1
dnstool/go-server/internal/handlers/ttl_tuner.go:128.45,133.2 4 1
dnstool/go-server/internal/handlers/ttl_tuner.go:137.102,144.42 5 1
dnstool/go-server/internal/handlers/ttl_tuner.go:144.42,146.3 1 1
dnstool/go-server/internal/handlers/ttl_tuner.go:148.2,157.3 1 1
dnstool/go-server/internal/handlers/ttl_tuner.go:160.195,165.38 4 1
dnstool/go-server/internal/handlers/ttl_tuner.go:165.38,167.31 2 1
dnstool/go-server/internal/handlers/ttl_tuner.go:167.31,168.12 1 1
dnstool/go-server/internal/handlers/ttl_tuner.go:170.3,171.24 2 1
dnstool/go-server/internal/handlers/ttl_tuner.go:171.24,173.4 1 1
dnstool/go-server/internal/handlers/ttl_tuner.go:174.3,176.22 3 1
dnstool/go-server/internal/handlers/ttl_tuner.go:176.22,178.4 1 1
dnstool/go-server/internal/handlers/ttl_tuner.go:179.3,179.18 1 1
dnstool/go-server/internal/handlers/ttl_tuner.go:179.18,181.4 1 1
dnstool/go-server/internal/handlers/ttl_tuner.go:183.2,183.50 1 1
dnstool/go-server/internal/handlers/ttl_tuner.go:186.57,187.28 1 1
dnstool/go-server/internal/handlers/ttl_tuner.go:187.28,188.57 1 1
dnstool/go-server/internal/handlers/ttl_tuner.go:188.57,190.4 1 1
dnstool/go-server/internal/handlers/ttl_tuner.go:192.2,192.14 1 1
dnstool/go-server/internal/handlers/ttl_tuner.go:195.76,196.50 1 1
dnstool/go-server/internal/handlers/ttl_tuner.go:196.50,198.3 1 1
dnstool/go-server/internal/handlers/ttl_tuner.go:199.2,201.13 3 1
dnstool/go-server/internal/handlers/ttl_tuner.go:201.13,203.3 1 1
dnstool/go-server/internal/handlers/ttl_tuner.go:204.2,204.13 1 1
dnstool/go-server/internal/handlers/ttl_tuner.go:204.13,206.3 1 1
dnstool/go-server/internal/handlers/ttl_tuner.go:207.2,207.11 1 1
dnstool/go-server/internal/handlers/ttl_tuner.go:210.55,219.26 3 1
dnstool/go-server/internal/handlers/ttl_tuner.go:219.26,220.39 1 1
dnstool/go-server/internal/handlers/ttl_tuner.go:220.39,222.4 1 1
dnstool/go-server/internal/handlers/ttl_tuner.go:224.2,224.40 1 1
dnstool/go-server/internal/handlers/ttl_tuner.go:224.40,226.3 1 1
dnstool/go-server/internal/handlers/ttl_tuner.go:227.2,227.40 1 1
dnstool/go-server/internal/handlers/ttl_tuner.go:230.166,251.2 12 1
dnstool/go-server/internal/handlers/ttl_tuner.go:253.123,254.12 1 1
dnstool/go-server/internal/handlers/ttl_tuner.go:254.12,256.3 1 1
dnstool/go-server/internal/handlers/ttl_tuner.go:257.2,257.25 1 1
dnstool/go-server/internal/handlers/ttl_tuner.go:257.25,259.3 1 1
dnstool/go-server/internal/handlers/ttl_tuner.go:260.2,260.19 1 1
dnstool/go-server/internal/handlers/ttl_tuner.go:260.19,262.3 1 1
dnstool/go-server/internal/handlers/ttl_tuner.go:263.2,264.34 2 1
dnstool/go-server/internal/handlers/ttl_tuner.go:264.34,266.3 1 1
dnstool/go-server/internal/handlers/ttl_tuner.go:267.2,267.24 1 1
dnstool/go-server/internal/handlers/ttl_tuner.go:267.24,269.3 1 1
dnstool/go-server/internal/handlers/ttl_tuner.go:270.2,270.165 1 1
dnstool/go-server/internal/handlers/ttl_tuner.go:273.63,274.35 1 1
dnstool/go-server/internal/handlers/ttl_tuner.go:274.35,276.3 1 1
dnstool/go-server/internal/handlers/ttl_tuner.go:277.2,280.25 4 1
dnstool/go-server/internal/handlers/ttl_tuner.go:280.25,282.3 1 1
dnstool/go-server/internal/handlers/ttl_tuner.go:283.2,284.13 2 1
dnstool/go-server/internal/handlers/ttl_tuner.go:284.13,286.3 1 1
dnstool/go-server/internal/handlers/ttl_tuner.go:287.2,287.83 1 1
dnstool/go-server/internal/handlers/ttl_tuner.go:290.62,291.36 1 1
dnstool/go-server/internal/handlers/ttl_tuner.go:291.36,293.3 1 1
dnstool/go-server/internal/handlers/ttl_tuner.go:294.2,294.21 1 1
dnstool/go-server/internal/handlers/ttl_tuner.go:294.21,296.3 1 1
dnstool/go-server/internal/handlers/ttl_tuner.go:297.2,297.37 1 1
dnstool/go-server/internal/handlers/ttl_tuner.go:297.37,299.3 1 1
dnstool/go-server/internal/handlers/ttl_tuner.go:300.2,300.11 1 1
dnstool/go-server/internal/handlers/ttl_tuner.go:303.137,304.18 1 1
dnstool/go-server/internal/handlers/ttl_tuner.go:304.18,306.3 1 1
dnstool/go-server/internal/handlers/ttl_tuner.go:308.2,308.16 1 1
dnstool/go-server/internal/handlers/ttl_tuner.go:308.16,316.3 1 1
dnstool/go-server/internal/handlers/ttl_tuner.go:318.2,318.104 1 1
dnstool/go-server/internal/handlers/ttl_tuner.go:318.104,325.3 1 1
dnstool/go-server/internal/handlers/ttl_tuner.go:327.2,327.123 1 1
dnstool/go-server/internal/handlers/ttl_tuner.go:327.123,333.3 1 1
dnstool/go-server/internal/handlers/ttl_tuner.go:335.2,335.31 1 1
dnstool/go-server/internal/handlers/ttl_tuner.go:335.31,337.3 1 1
dnstool/go-server/internal/handlers/ttl_tuner.go:339.2,339.18 1 1
dnstool/go-server/internal/handlers/ttl_tuner.go:342.40,343.36 1 1
dnstool/go-server/internal/handlers/ttl_tuner.go:343.36,345.13 2 1
dnstool/go-server/internal/handlers/ttl_tuner.go:345.13,347.4 1 1
dnstool/go-server/internal/handlers/ttl_tuner.go:348.3,348.35 1 1
dnstool/go-server/internal/handlers/ttl_tuner.go:350.2,350.34 1 1
dnstool/go-server/internal/handlers/ttl_tuner.go:350.34,352.13 2 1
dnstool/go-server/internal/handlers/ttl_tuner.go:352.13,354.4 1 1
dnstool/go-server/internal/handlers/ttl_tuner.go:355.3,355.36 1 1
dnstool/go-server/internal/handlers/ttl_tuner.go:357.2,357.30 1 1
dnstool/go-server/internal/handlers/ttl_tuner.go:357.30,359.13 2 1
dnstool/go-server/internal/handlers/ttl_tuner.go:359.13,361.4 1 1
dnstool/go-server/internal/handlers/ttl_tuner.go:362.3,362.38 1 1
dnstool/go-server/internal/handlers/ttl_tuner.go:364.2,364.39 1 1
dnstool/go-server/internal/handlers/ttl_tuner.go:367.53,379.2 1 1
dnstool/go-server/internal/handlers/video.go:18.56,20.2 1 0
dnstool/go-server/internal/handlers/video.go:22.56,33.2 4 0
dnstool/go-server/internal/handlers/watchlist.go:39.87,45.2 1 1
dnstool/go-server/internal/handlers/watchlist.go:66.31,67.18 1 1
dnstool/go-server/internal/handlers/watchlist.go:67.18,69.3 1 1
dnstool/go-server/internal/handlers/watchlist.go:70.2,70.39 1 1
dnstool/go-server/internal/handlers/watchlist.go:73.56,75.17 2 1
dnstool/go-server/internal/handlers/watchlist.go:76.16,77.16 1 1
dnstool/go-server/internal/handlers/watchlist.go:78.19,79.21 1 1
dnstool/go-server/internal/handlers/watchlist.go:80.16,81.25 1 1
dnstool/go-server/internal/handlers/watchlist.go:82.10,83.21 1 1
dnstool/go-server/internal/handlers/watchlist.go:85.2,85.69 1 1
dnstool/go-server/internal/handlers/watchlist.go:88.63,101.2 5 1
dnstool/go-server/internal/handlers/watchlist.go:103.54,106.24 3 1
dnstool/go-server/internal/handlers/watchlist.go:106.24,109.3 2 1
dnstool/go-server/internal/handlers/watchlist.go:111.2,114.16 3 0
dnstool/go-server/internal/handlers/watchlist.go:114.16,120.3 5 0
dnstool/go-server/internal/handlers/watchlist.go:122.2,130.48 8 0
dnstool/go-server/internal/handlers/watchlist.go:133.75,141.25 8 1
dnstool/go-server/internal/handlers/watchlist.go:141.25,143.3 1 0
dnstool/go-server/internal/handlers/watchlist.go:143.8,145.3 1 1
dnstool/go-server/internal/handlers/watchlist.go:148.77,150.28 2 1
dnstool/go-server/internal/handlers/watchlist.go:150.28,157.24 2 1
dnstool/go-server/internal/handlers/watchlist.go:157.24,159.4 1 1
dnstool/go-server/internal/handlers/watchlist.go:160.3,160.24 1 1
dnstool/go-server/internal/handlers/watchlist.go:160.24,162.4 1 1
dnstool/go-server/internal/handlers/watchlist.go:163.3,163.24 1 1
dnstool/go-server/internal/handlers/watchlist.go:163.24,165.4 1 1
dnstool/go-server/internal/handlers/watchlist.go:166.3,166.28 1 1
dnstool/go-server/internal/handlers/watchlist.go:168.2,168.14 1 1
dnstool/go-server/internal/handlers/watchlist.go:171.92,173.16 2 0
dnstool/go-server/internal/handlers/watchlist.go:173.16,175.3 1 0
dnstool/go-server/internal/handlers/watchlist.go:176.2,177.31 2 0
dnstool/go-server/internal/handlers/watchlist.go:177.31,185.25 2 0
dnstool/go-server/internal/handlers/watchlist.go:185.25,187.4 1 0
dnstool/go-server/internal/handlers/watchlist.go:188.3,188.24 1 0
dnstool/go-server/internal/handlers/watchlist.go:190.2,190.12 1 0
dnstool/go-server/internal/handlers/watchlist.go:193.54,196.24 3 1
dnstool/go-server/internal/handlers/watchlist.go:196.24,199.3 2 1
dnstool/go-server/internal/handlers/watchlist.go:201.2,203.18 3 0
dnstool/go-server/internal/handlers/watchlist.go:203.18,206.3 2 0
dnstool/go-server/internal/handlers/watchlist.go:207.2,207.74 1 0
dnstool/go-server/internal/handlers/watchlist.go:207.74,209.3 1 0
dnstool/go-server/internal/handlers/watchlist.go:211.2,214.16 3 0
dnstool/go-server/internal/handlers/watchlist.go:214.16,218.3 3 0
dnstool/go-server/internal/handlers/watchlist.go:219.2,219.41 1 0
dnstool/go-server/internal/handlers/watchlist.go:219.41,222.3 2 0
dnstool/go-server/internal/handlers/watchlist.go:224.2,230.16 2 0
dnstool/go-server/internal/handlers/watchlist.go:230.16,232.3 1 0
dnstool/go-server/internal/handlers/watchlist.go:234.2,234.48 1 0
dnstool/go-server/internal/handlers/watchlist.go:237.57,240.24 3 1
dnstool/go-server/internal/handlers/watchlist.go:240.24,243.3 2 1
dnstool/go-server/internal/handlers/watchlist.go:245.2,247.16 3 0
dnstool/go-server/internal/handlers/watchlist.go:247.16,250.3 2 0
dnstool/go-server/internal/handlers/watchlist.go:252.2,256.17 2 0
dnstool/go-server/internal/handlers/watchlist.go:256.17,258.3 1 0
dnstool/go-server/internal/handlers/watchlist.go:260.2,260.48 1 0
dnstool/go-server/internal/handlers/watchlist.go:263.57,266.24 3 1
dnstool/go-server/internal/handlers/watchlist.go:266.24,269.3 2 1
dnstool/go-server/internal/handlers/watchlist.go:271.2,273.16 3 0
dnstool/go-server/internal/handlers/watchlist.go:273.16,276.3 2 0
dnstool/go-server/internal/handlers/watchlist.go:278.2,285.17 3 0
dnstool/go-server/internal/handlers/watchlist.go:285.17,287.3 1 0
dnstool/go-server/internal/handlers/watchlist.go:289.2,289.48 1 0
dnstool/go-server/internal/handlers/watchlist.go:292.56,295.24 3 1
dnstool/go-server/internal/handlers/watchlist.go:295.24,298.3 2 1
dnstool/go-server/internal/handlers/watchlist.go:300.2,302.94 3 0
dnstool/go-server/internal/handlers/watchlist.go:302.94,305.3 2 0
dnstool/go-server/internal/handlers/watchlist.go:307.2,308.18 2 0
dnstool/go-server/internal/handlers/watchlist.go:308.18,310.3 1 0
dnstool/go-server/internal/handlers/watchlist.go:312.2,319.16 3 0
dnstool/go-server/internal/handlers/watchlist.go:319.16,321.3 1 0
dnstool/go-server/internal/handlers/watchlist.go:323.2,323.48 1 0
dnstool/go-server/internal/handlers/watchlist.go:326.59,329.24 3 1
dnstool/go-server/internal/handlers/watchlist.go:329.24,332.3 2 1
dnstool/go-server/internal/handlers/watchlist.go:334.2,336.16 3 0
dnstool/go-server/internal/handlers/watchlist.go:336.16,339.3 2 0
dnstool/go-server/internal/handlers/watchlist.go:341.2,345.17 2 0
dnstool/go-server/internal/handlers/watchlist.go:345.17,347.3 1 0
dnstool/go-server/internal/handlers/watchlist.go:349.2,349.48 1 0
dnstool/go-server/internal/handlers/watchlist.go:352.59,355.24 3 1
dnstool/go-server/internal/handlers/watchlist.go:355.24,358.3 2 1
dnstool/go-server/internal/handlers/watchlist.go:360.2,362.16 3 0
dnstool/go-server/internal/handlers/watchlist.go:362.16,365.3 2 0
dnstool/go-server/internal/handlers/watchlist.go:367.2,374.17 3 0
dnstool/go-server/internal/handlers/watchlist.go:374.17,376.3 1 0
dnstool/go-server/internal/handlers/watchlist.go:378.2,378.48 1 0
dnstool/go-server/internal/handlers/watchlist.go:381.56,382.38 1 1
dnstool/go-server/internal/handlers/watchlist.go:382.38,386.3 3 1
dnstool/go-server/internal/handlers/watchlist.go:387.2,388.84 2 0
dnstool/go-server/internal/handlers/watchlist.go:388.84,390.3 1 0
dnstool/go-server/internal/handlers/watchlist.go:390.8,392.3 1 0
dnstool/go-server/internal/handlers/watchlist.go:393.2,393.48 1 0
dnstool/go-server/internal/handlers/zone.go:33.77,35.2 1 1
dnstool/go-server/internal/handlers/zone.go:37.50,52.2 5 0
dnstool/go-server/internal/handlers/zone.go:54.53,60.9 5 0
dnstool/go-server/internal/handlers/zone.go:60.9,62.3 1 0
dnstool/go-server/internal/handlers/zone.go:64.2,66.16 3 0
dnstool/go-server/internal/handlers/zone.go:66.16,69.3 2 0
dnstool/go-server/internal/handlers/zone.go:71.2,74.16 3 0
dnstool/go-server/internal/handlers/zone.go:74.16,77.3 2 0
dnstool/go-server/internal/handlers/zone.go:78.2,80.27 2 0
dnstool/go-server/internal/handlers/zone.go:80.27,83.3 2 0
dnstool/go-server/internal/handlers/zone.go:85.2,89.16 4 0
dnstool/go-server/internal/handlers/zone.go:89.16,93.3 3 0
dnstool/go-server/internal/handlers/zone.go:95.2,95.34 1 0
dnstool/go-server/internal/handlers/zone.go:95.34,98.3 2 0
dnstool/go-server/internal/handlers/zone.go:100.2,101.18 2 0
dnstool/go-server/internal/handlers/zone.go:101.18,104.3 2 0
dnstool/go-server/internal/handlers/zone.go:106.2,110.26 4 0
dnstool/go-server/internal/handlers/zone.go:110.26,112.3 1 0
dnstool/go-server/internal/handlers/zone.go:114.2,132.38 3 0
dnstool/go-server/internal/handlers/zone.go:135.209,137.24 2 0
dnstool/go-server/internal/handlers/zone.go:137.24,140.17 3 0
dnstool/go-server/internal/handlers/zone.go:140.17,142.4 1 0
dnstool/go-server/internal/handlers/zone.go:144.2,156.18 3 0
dnstool/go-server/internal/handlers/zone.go:156.18,158.3 1 0
dnstool/go-server/internal/handlers/zone.go:161.144,163.50 2 0
dnstool/go-server/internal/handlers/zone.go:163.50,165.3 1 0
dnstool/go-server/internal/handlers/zone.go:166.2,167.63 2 0
dnstool/go-server/internal/handlers/zone.go:167.63,169.3 1 0
dnstool/go-server/internal/handlers/zone.go:170.2,172.33 3 0
dnstool/go-server/internal/handlers/zone.go:175.103,188.2 3 0
