mode: atomic
dnstool/go-server/internal/config/config.go:59.30,61.24 2 19
dnstool/go-server/internal/config/config.go:61.24,63.10 1 1
dnstool/go-server/internal/config/config.go:65.9,66.32 2 18
dnstool/go-server/internal/config/config.go:66.32,68.10 1 1
dnstool/go-server/internal/config/config.go:70.9,97.15 8 17
dnstool/go-server/internal/config/config.go:100.50,101.41 1 67
dnstool/go-server/internal/config/config.go:101.41,103.10 1 19
dnstool/go-server/internal/config/config.go:104.9,104.26 1 48
dnstool/go-server/internal/config/config.go:107.42,109.32 2 17
dnstool/go-server/internal/config/config.go:109.32,111.10 1 2
dnstool/go-server/internal/config/config.go:112.9,113.57 2 17
dnstool/go-server/internal/config/config.go:113.57,115.10 1 1
dnstool/go-server/internal/config/config.go:116.9,116.42 1 17
dnstool/go-server/internal/config/config.go:119.61,121.30 2 17
dnstool/go-server/internal/config/config.go:121.30,128.10 1 16
dnstool/go-server/internal/config/config.go:129.9,129.77 1 17
dnstool/go-server/internal/config/config.go:129.77,136.10 1 17
dnstool/go-server/internal/config/config.go:137.9,137.22 1 17
dnstool/go-server/internal/config/config.go:140.44,142.44 2 17
dnstool/go-server/internal/config/config.go:142.44,144.10 1 34
dnstool/go-server/internal/config/config.go:145.9,146.28 2 17
dnstool/go-server/internal/config/config.go:146.28,148.10 1 16
dnstool/go-server/internal/config/config.go:149.9,149.60 1 1
dnstool/go-server/internal/config/config.go:149.60,151.36 2 2
dnstool/go-server/internal/config/config.go:151.36,153.18 1 2
dnstool/go-server/internal/config/config.go:155.9,155.22 1 1
dnstool/go-server/internal/config/config.go:158.38,161.26 3 17
dnstool/go-server/internal/config/config.go:161.26,163.10 1 2
dnstool/go-server/internal/config/config.go:164.9,165.35 2 17
dnstool/go-server/internal/config/config.go:165.35,167.10 1 1
dnstool/go-server/internal/config/config.go:168.9,170.33 3 16
dnstool/go-server/internal/config/config.go:173.38,175.40 2 17
dnstool/go-server/internal/config/config.go:175.40,177.10 1 85
dnstool/go-server/internal/config/config.go:178.9,178.25 1 17
dnstool/go-server/internal/entitlements/entitlements.go:55.81,56.20 1 6
dnstool/go-server/internal/entitlements/entitlements.go:56.20,58.3 1 2
dnstool/go-server/internal/entitlements/entitlements.go:59.2,59.21 1 4
dnstool/go-server/internal/entitlements/entitlements.go:59.21,61.3 1 2
dnstool/go-server/internal/entitlements/entitlements.go:62.2,62.24 1 2
dnstool/go-server/internal/entitlements/entitlements.go:62.24,64.3 1 1
dnstool/go-server/internal/entitlements/entitlements.go:65.2,65.23 1 1
dnstool/go-server/internal/entitlements/entitlements.go:69.53,71.13 2 17
dnstool/go-server/internal/entitlements/entitlements.go:71.13,73.3 1 1
dnstool/go-server/internal/entitlements/entitlements.go:74.2,74.59 1 16
dnstool/go-server/internal/entitlements/entitlements.go:79.40,80.36 1 3
dnstool/go-server/internal/entitlements/entitlements.go:80.36,82.3 1 2
dnstool/go-server/internal/entitlements/entitlements.go:83.2,83.22 1 1
dnstool/go-server/internal/entitlements/entitlements.go:87.37,89.29 2 1
dnstool/go-server/internal/entitlements/entitlements.go:89.29,91.3 1 9
dnstool/go-server/internal/entitlements/entitlements.go:92.2,92.15 1 1
dnstool/go-server/internal/icuae/ewma.go:29.99,41.2 1 30
dnstool/go-server/internal/icuae/ewma.go:43.47,49.43 6 107
dnstool/go-server/internal/icuae/ewma.go:49.43,51.48 2 27
dnstool/go-server/internal/icuae/ewma.go:51.48,53.4 1 0
dnstool/go-server/internal/icuae/ewma.go:57.44,61.2 3 1
dnstool/go-server/internal/icuae/ewma.go:63.63,67.2 3 4
dnstool/go-server/internal/icuae/ewma.go:69.63,70.19 1 12
dnstool/go-server/internal/icuae/ewma.go:70.19,72.3 1 1
dnstool/go-server/internal/icuae/ewma.go:73.2,77.8 5 11
dnstool/go-server/internal/icuae/ewma.go:80.50,83.19 3 3
dnstool/go-server/internal/icuae/ewma.go:83.19,85.3 1 1
dnstool/go-server/internal/icuae/ewma.go:86.2,88.27 3 2
dnstool/go-server/internal/icuae/ewma.go:91.43,95.2 3 4
dnstool/go-server/internal/icuae/ewma.go:97.43,99.11 2 10
dnstool/go-server/internal/icuae/ewma.go:99.11,101.3 1 6
dnstool/go-server/internal/icuae/ewma.go:102.2,106.27 5 4
dnstool/go-server/internal/icuae/ewma.go:106.27,108.3 1 2
dnstool/go-server/internal/icuae/ewma.go:109.2,109.15 1 2
dnstool/go-server/internal/icuae/ewma.go:109.15,111.3 1 1
dnstool/go-server/internal/icuae/ewma.go:112.2,112.20 1 1
dnstool/go-server/internal/icuae/ewma.go:115.41,119.2 3 10
dnstool/go-server/internal/icuae/ewma.go:130.53,135.18 5 6
dnstool/go-server/internal/icuae/ewma.go:135.18,137.3 1 6
dnstool/go-server/internal/icuae/ewma.go:138.2,145.3 1 6
dnstool/go-server/internal/icuae/ewma.go:148.40,149.20 1 11
dnstool/go-server/internal/icuae/ewma.go:149.20,151.3 1 1
dnstool/go-server/internal/icuae/ewma.go:152.2,153.25 2 10
dnstool/go-server/internal/icuae/ewma.go:153.25,155.3 1 39
dnstool/go-server/internal/icuae/ewma.go:156.2,156.33 1 10
dnstool/go-server/internal/icuae/ewma.go:172.44,174.34 2 3
dnstool/go-server/internal/icuae/ewma.go:174.34,176.3 1 15
dnstool/go-server/internal/icuae/ewma.go:177.2,177.41 1 3
dnstool/go-server/internal/icuae/ewma.go:180.77,183.33 3 3
dnstool/go-server/internal/icuae/ewma.go:183.33,184.38 1 11
dnstool/go-server/internal/icuae/ewma.go:184.38,186.4 1 10
dnstool/go-server/internal/icuae/ewma.go:190.63,194.36 4 1
dnstool/go-server/internal/icuae/ewma.go:194.36,196.3 1 5
dnstool/go-server/internal/icuae/ewma.go:197.2,197.15 1 1
dnstool/go-server/internal/icuae/icuae.go:101.44,101.75 1 2
dnstool/go-server/internal/icuae/icuae.go:103.44,104.20 1 8
dnstool/go-server/internal/icuae/icuae.go:105.14,106.18 1 3
dnstool/go-server/internal/icuae/icuae.go:107.16,108.19 1 2
dnstool/go-server/internal/icuae/icuae.go:109.10,110.16 1 3
dnstool/go-server/internal/icuae/icuae.go:114.46,116.2 1 1
dnstool/go-server/internal/icuae/icuae.go:118.45,120.2 1 1
dnstool/go-server/internal/icuae/icuae.go:122.43,123.36 1 65
dnstool/go-server/internal/icuae/icuae.go:123.36,125.13 2 9
dnstool/go-server/internal/icuae/icuae.go:125.13,127.4 1 5
dnstool/go-server/internal/icuae/icuae.go:128.3,128.46 1 4
dnstool/go-server/internal/icuae/icuae.go:130.2,130.34 1 56
dnstool/go-server/internal/icuae/icuae.go:130.34,132.13 2 17
dnstool/go-server/internal/icuae/icuae.go:132.13,134.4 1 15
dnstool/go-server/internal/icuae/icuae.go:135.3,135.47 1 2
dnstool/go-server/internal/icuae/icuae.go:137.2,137.30 1 39
dnstool/go-server/internal/icuae/icuae.go:137.30,139.13 2 21
dnstool/go-server/internal/icuae/icuae.go:139.13,141.4 1 4
dnstool/go-server/internal/icuae/icuae.go:142.3,142.49 1 17
dnstool/go-server/internal/icuae/icuae.go:144.2,144.32 1 18
dnstool/go-server/internal/icuae/icuae.go:166.49,168.2 1 3
dnstool/go-server/internal/icuae/icuae.go:170.76,171.26 1 5
dnstool/go-server/internal/icuae/icuae.go:171.26,173.3 1 2
dnstool/go-server/internal/icuae/icuae.go:174.2,175.9 2 3
dnstool/go-server/internal/icuae/icuae.go:175.9,177.3 1 1
dnstool/go-server/internal/icuae/icuae.go:178.2,178.16 1 2
dnstool/go-server/internal/icuae/icuae.go:181.59,183.2 1 2
dnstool/go-server/internal/icuae/icuae.go:185.49,186.54 1 4
dnstool/go-server/internal/icuae/icuae.go:186.54,188.3 1 2
dnstool/go-server/internal/icuae/icuae.go:189.2,189.20 1 2
dnstool/go-server/internal/icuae/icuae.go:192.44,193.33 1 2
dnstool/go-server/internal/icuae/icuae.go:193.33,194.26 1 2
dnstool/go-server/internal/icuae/icuae.go:194.26,196.4 1 1
dnstool/go-server/internal/icuae/icuae.go:198.2,198.14 1 1
dnstool/go-server/internal/icuae/icuae.go:201.52,203.33 2 1
dnstool/go-server/internal/icuae/icuae.go:203.33,205.3 1 2
dnstool/go-server/internal/icuae/icuae.go:206.2,206.12 1 1
dnstool/go-server/internal/icuae/icuae.go:209.54,210.52 1 5
dnstool/go-server/internal/icuae/icuae.go:210.52,212.3 1 3
dnstool/go-server/internal/icuae/icuae.go:213.2,213.18 1 2
dnstool/go-server/internal/icuae/icuae.go:216.49,217.47 1 3
dnstool/go-server/internal/icuae/icuae.go:217.47,219.3 1 1
dnstool/go-server/internal/icuae/icuae.go:220.2,220.20 1 2
dnstool/go-server/internal/icuae/icuae.go:223.47,224.45 1 4
dnstool/go-server/internal/icuae/icuae.go:224.45,226.3 1 2
dnstool/go-server/internal/icuae/icuae.go:227.2,227.18 1 2
dnstool/go-server/internal/icuae/icuae.go:230.46,231.53 1 5
dnstool/go-server/internal/icuae/icuae.go:231.53,233.3 1 3
dnstool/go-server/internal/icuae/icuae.go:234.2,234.20 1 2
dnstool/go-server/internal/icuae/icuae.go:237.66,238.14 1 7
dnstool/go-server/internal/icuae/icuae.go:238.14,240.3 1 1
dnstool/go-server/internal/icuae/icuae.go:241.2,241.38 1 6
dnstool/go-server/internal/icuae/icuae.go:241.38,243.3 1 1
dnstool/go-server/internal/icuae/icuae.go:244.2,245.16 2 5
dnstool/go-server/internal/icuae/icuae.go:245.16,247.3 1 1
dnstool/go-server/internal/icuae/icuae.go:248.2,249.35 2 4
dnstool/go-server/internal/icuae/icuae.go:249.35,251.3 1 1
dnstool/go-server/internal/icuae/icuae.go:252.2,252.17 1 3
dnstool/go-server/internal/icuae/icuae.go:302.46,303.44 1 5
dnstool/go-server/internal/icuae/icuae.go:303.44,305.3 1 3
dnstool/go-server/internal/icuae/icuae.go:306.2,306.12 1 2
dnstool/go-server/internal/icuae/icuae.go:309.41,310.9 1 128
dnstool/go-server/internal/icuae/icuae.go:311.19,312.24 1 49
dnstool/go-server/internal/icuae/icuae.go:313.19,314.19 1 14
dnstool/go-server/internal/icuae/icuae.go:315.19,316.23 1 18
dnstool/go-server/internal/icuae/icuae.go:317.19,318.23 1 15
dnstool/go-server/internal/icuae/icuae.go:319.10,320.20 1 32
dnstool/go-server/internal/icuae/icuae.go:324.67,325.23 1 14
dnstool/go-server/internal/icuae/icuae.go:325.23,334.3 1 3
dnstool/go-server/internal/icuae/icuae.go:336.2,337.28 2 11
dnstool/go-server/internal/icuae/icuae.go:337.28,339.23 2 16
dnstool/go-server/internal/icuae/icuae.go:339.23,341.4 1 2
dnstool/go-server/internal/icuae/icuae.go:342.3,342.23 1 16
dnstool/go-server/internal/icuae/icuae.go:342.23,344.4 1 1
dnstool/go-server/internal/icuae/icuae.go:346.3,346.32 1 16
dnstool/go-server/internal/icuae/icuae.go:346.32,348.4 1 11
dnstool/go-server/internal/icuae/icuae.go:348.9,348.41 1 5
dnstool/go-server/internal/icuae/icuae.go:348.41,350.4 1 2
dnstool/go-server/internal/icuae/icuae.go:350.9,352.4 1 3
dnstool/go-server/internal/icuae/icuae.go:355.2,363.3 2 11
dnstool/go-server/internal/icuae/icuae.go:366.58,368.15 2 16
dnstool/go-server/internal/icuae/icuae.go:369.22,370.61 1 8
dnstool/go-server/internal/icuae/icuae.go:371.17,372.62 1 2
dnstool/go-server/internal/icuae/icuae.go:373.21,374.63 1 2
dnstool/go-server/internal/icuae/icuae.go:375.21,376.83 1 1
dnstool/go-server/internal/icuae/icuae.go:377.10,378.89 1 3
dnstool/go-server/internal/icuae/icuae.go:382.85,383.24 1 13
dnstool/go-server/internal/icuae/icuae.go:383.24,392.3 1 4
dnstool/go-server/internal/icuae/icuae.go:394.2,396.36 3 9
dnstool/go-server/internal/icuae/icuae.go:396.36,398.10 2 16
dnstool/go-server/internal/icuae/icuae.go:398.10,399.12 1 2
dnstool/go-server/internal/icuae/icuae.go:401.3,402.24 2 14
dnstool/go-server/internal/icuae/icuae.go:402.24,404.4 1 13
dnstool/go-server/internal/icuae/icuae.go:407.2,407.16 1 9
dnstool/go-server/internal/icuae/icuae.go:407.16,416.3 1 1
dnstool/go-server/internal/icuae/icuae.go:418.2,426.3 2 8
dnstool/go-server/internal/icuae/icuae.go:429.56,430.24 1 11
dnstool/go-server/internal/icuae/icuae.go:430.24,432.3 1 8
dnstool/go-server/internal/icuae/icuae.go:433.2,434.19 2 3
dnstool/go-server/internal/icuae/icuae.go:434.19,436.3 1 2
dnstool/go-server/internal/icuae/icuae.go:437.2,437.123 1 1
dnstool/go-server/internal/icuae/icuae.go:440.73,442.41 2 11
dnstool/go-server/internal/icuae/icuae.go:442.41,443.24 1 165
dnstool/go-server/internal/icuae/icuae.go:443.24,445.4 1 46
dnstool/go-server/internal/icuae/icuae.go:448.2,456.3 2 11
dnstool/go-server/internal/icuae/icuae.go:459.51,460.20 1 14
dnstool/go-server/internal/icuae/icuae.go:460.20,462.3 1 3
dnstool/go-server/internal/icuae/icuae.go:463.2,464.18 2 11
dnstool/go-server/internal/icuae/icuae.go:464.18,466.3 1 1
dnstool/go-server/internal/icuae/icuae.go:467.2,467.91 1 10
dnstool/go-server/internal/icuae/icuae.go:470.79,471.26 1 11
dnstool/go-server/internal/icuae/icuae.go:471.26,480.3 1 5
dnstool/go-server/internal/icuae/icuae.go:482.2,483.31 2 6
dnstool/go-server/internal/icuae/icuae.go:483.31,484.28 1 7
dnstool/go-server/internal/icuae/icuae.go:484.28,485.12 1 1
dnstool/go-server/internal/icuae/icuae.go:487.3,488.28 2 6
dnstool/go-server/internal/icuae/icuae.go:491.2,499.3 2 6
dnstool/go-server/internal/icuae/icuae.go:502.47,504.15 2 11
dnstool/go-server/internal/icuae/icuae.go:505.22,506.76 1 5
dnstool/go-server/internal/icuae/icuae.go:507.17,508.60 1 1
dnstool/go-server/internal/icuae/icuae.go:509.21,510.73 1 2
dnstool/go-server/internal/icuae/icuae.go:511.21,512.71 1 1
dnstool/go-server/internal/icuae/icuae.go:513.10,514.77 1 2
dnstool/go-server/internal/icuae/icuae.go:518.74,519.28 1 15
dnstool/go-server/internal/icuae/icuae.go:519.28,528.3 1 3
dnstool/go-server/internal/icuae/icuae.go:530.2,533.44 4 12
dnstool/go-server/internal/icuae/icuae.go:533.44,535.10 2 22
dnstool/go-server/internal/icuae/icuae.go:535.10,536.12 1 1
dnstool/go-server/internal/icuae/icuae.go:538.3,540.10 3 21
dnstool/go-server/internal/icuae/icuae.go:541.37,542.21 1 12
dnstool/go-server/internal/icuae/icuae.go:543.37,545.91 2 1
dnstool/go-server/internal/icuae/icuae.go:546.11,548.89 2 8
dnstool/go-server/internal/icuae/icuae.go:552.2,552.20 1 12
dnstool/go-server/internal/icuae/icuae.go:552.20,561.3 1 1
dnstool/go-server/internal/icuae/icuae.go:563.2,572.3 2 11
dnstool/go-server/internal/icuae/icuae.go:575.110,587.2 2 10
dnstool/go-server/internal/icuae/icuae.go:589.76,590.24 1 12
dnstool/go-server/internal/icuae/icuae.go:590.24,601.3 1 11
dnstool/go-server/internal/icuae/icuae.go:602.2,609.3 1 1
dnstool/go-server/internal/icuae/icuae.go:612.48,614.15 2 16
dnstool/go-server/internal/icuae/icuae.go:615.22,616.78 1 6
dnstool/go-server/internal/icuae/icuae.go:617.17,618.48 1 1
dnstool/go-server/internal/icuae/icuae.go:619.21,620.87 1 3
dnstool/go-server/internal/icuae/icuae.go:621.21,622.91 1 1
dnstool/go-server/internal/icuae/icuae.go:623.10,624.84 1 5
dnstool/go-server/internal/icuae/icuae.go:646.18,655.2 1 3
dnstool/go-server/internal/icuae/icuae.go:657.80,668.24 3 6
dnstool/go-server/internal/icuae/icuae.go:668.24,669.23 1 1
dnstool/go-server/internal/icuae/icuae.go:669.23,670.36 1 5
dnstool/go-server/internal/icuae/icuae.go:670.36,672.5 1 1
dnstool/go-server/internal/icuae/icuae.go:676.2,677.25 2 6
dnstool/go-server/internal/icuae/icuae.go:677.25,679.3 1 30
dnstool/go-server/internal/icuae/icuae.go:680.2,692.24 3 6
dnstool/go-server/internal/icuae/icuae.go:692.24,695.3 2 1
dnstool/go-server/internal/icuae/icuae.go:697.2,699.15 2 6
dnstool/go-server/internal/icuae/icuae.go:710.90,712.34 2 11
dnstool/go-server/internal/icuae/icuae.go:712.34,714.3 1 7
dnstool/go-server/internal/icuae/icuae.go:716.2,717.36 2 4
dnstool/go-server/internal/icuae/icuae.go:717.36,718.63 1 20
dnstool/go-server/internal/icuae/icuae.go:718.63,720.4 1 10
dnstool/go-server/internal/icuae/icuae.go:723.2,723.34 1 4
dnstool/go-server/internal/icuae/icuae.go:723.34,725.3 1 2
dnstool/go-server/internal/icuae/icuae.go:727.2,741.3 1 2
dnstool/go-server/internal/icuae/icuae.go:744.44,746.15 2 11
dnstool/go-server/internal/icuae/icuae.go:747.22,748.91 1 1
dnstool/go-server/internal/icuae/icuae.go:749.17,750.85 1 3
dnstool/go-server/internal/icuae/icuae.go:751.21,752.93 1 1
dnstool/go-server/internal/icuae/icuae.go:753.21,754.98 1 4
dnstool/go-server/internal/icuae/icuae.go:755.10,756.76 1 2
dnstool/go-server/internal/icuae/inventory.go:19.40,31.31 3 1
dnstool/go-server/internal/icuae/inventory.go:31.31,33.3 1 7
dnstool/go-server/internal/icuae/inventory.go:35.2,39.3 1 1
dnstool/go-server/internal/icuae/persist.go:36.115,48.16 4 0
dnstool/go-server/internal/icuae/persist.go:48.16,51.3 2 0
dnstool/go-server/internal/icuae/persist.go:53.2,53.40 1 0
dnstool/go-server/internal/icuae/persist.go:53.40,60.18 1 0
dnstool/go-server/internal/icuae/persist.go:60.18,62.4 1 0
dnstool/go-server/internal/icuae/persist.go:139.76,141.16 2 0
dnstool/go-server/internal/icuae/persist.go:141.16,144.3 2 0
dnstool/go-server/internal/icuae/persist.go:146.2,146.27 1 0
dnstool/go-server/internal/icuae/persist.go:146.27,148.3 1 0
dnstool/go-server/internal/icuae/persist.go:150.2,162.33 3 0
dnstool/go-server/internal/icuae/persist.go:162.33,164.3 1 0
dnstool/go-server/internal/icuae/persist.go:166.2,172.10 5 0
dnstool/go-server/internal/icuae/persist.go:175.76,177.16 2 0
dnstool/go-server/internal/icuae/persist.go:177.16,179.3 1 0
dnstool/go-server/internal/icuae/persist.go:180.2,181.28 2 0
dnstool/go-server/internal/icuae/persist.go:181.28,197.3 3 0
dnstool/go-server/internal/icuae/persist.go:198.2,198.14 1 0
dnstool/go-server/internal/icuae/persist.go:201.72,203.35 2 0
dnstool/go-server/internal/icuae/persist.go:203.35,205.3 1 0
dnstool/go-server/internal/icuae/persist.go:206.2,206.39 1 0
dnstool/go-server/internal/icuae/persist.go:209.79,211.16 2 0
dnstool/go-server/internal/icuae/persist.go:211.16,213.3 1 0
dnstool/go-server/internal/icuae/persist.go:214.2,215.30 2 0
dnstool/go-server/internal/icuae/persist.go:215.30,217.3 1 0
dnstool/go-server/internal/icuae/persist.go:218.2,219.30 2 0
dnstool/go-server/internal/icuae/persist.go:219.30,221.16 2 0
dnstool/go-server/internal/icuae/persist.go:221.16,223.4 1 0
dnstool/go-server/internal/icuae/persist.go:224.3,231.5 1 0
dnstool/go-server/internal/icuae/persist.go:233.2,233.14 1 0
dnstool/go-server/internal/icuae/persist.go:236.79,238.9 2 18
dnstool/go-server/internal/icuae/persist.go:238.9,240.3 1 1
dnstool/go-server/internal/icuae/persist.go:241.2,241.20 1 17
dnstool/go-server/internal/icuae/persist.go:241.20,243.3 1 6
dnstool/go-server/internal/icuae/persist.go:244.2,244.31 1 11
dnstool/go-server/internal/icuae/persist.go:244.31,245.29 1 17
dnstool/go-server/internal/icuae/persist.go:245.29,247.4 1 11
dnstool/go-server/internal/icuae/persist.go:249.2,249.15 1 0
dnstool/go-server/internal/icuae/persist.go:252.56,253.9 1 11
dnstool/go-server/internal/icuae/persist.go:254.18,255.34 1 3
dnstool/go-server/internal/icuae/persist.go:256.19,257.34 1 3
dnstool/go-server/internal/icuae/persist.go:258.19,259.42 1 3
dnstool/go-server/internal/icuae/persist.go:260.10,261.32 1 2
dnstool/go-server/internal/icuae/persist.go:265.73,267.11 2 5
dnstool/go-server/internal/icuae/persist.go:267.11,269.3 1 2
dnstool/go-server/internal/icuae/persist.go:271.2,278.27 6 3
dnstool/go-server/internal/icuae/persist.go:278.27,280.3 1 1
dnstool/go-server/internal/icuae/persist.go:281.2,281.15 1 2
dnstool/go-server/internal/icuae/persist.go:281.15,283.3 1 1
dnstool/go-server/internal/icuae/persist.go:284.2,284.35 1 1
dnstool/go-server/internal/icuae/persist.go:287.59,288.20 1 9
dnstool/go-server/internal/icuae/persist.go:288.20,290.3 1 1
dnstool/go-server/internal/icuae/persist.go:291.2,292.25 2 8
dnstool/go-server/internal/icuae/persist.go:292.25,294.3 1 16
dnstool/go-server/internal/icuae/persist.go:295.2,295.35 1 8
dnstool/go-server/internal/icuae/provider_compliance.go:212.65,216.9 3 20
dnstool/go-server/internal/icuae/provider_compliance.go:217.45,218.28 1 3
dnstool/go-server/internal/icuae/provider_compliance.go:219.118,220.25 1 1
dnstool/go-server/internal/icuae/provider_compliance.go:221.86,222.25 1 1
dnstool/go-server/internal/icuae/provider_compliance.go:223.92,224.27 1 1
dnstool/go-server/internal/icuae/provider_compliance.go:225.86,226.27 1 1
dnstool/go-server/internal/icuae/provider_compliance.go:227.40,228.23 1 1
dnstool/go-server/internal/icuae/provider_compliance.go:229.42,230.25 1 1
dnstool/go-server/internal/icuae/provider_compliance.go:231.42,232.25 1 1
dnstool/go-server/internal/icuae/provider_compliance.go:233.47,234.30 1 1
dnstool/go-server/internal/icuae/provider_compliance.go:235.78,236.24 1 0
dnstool/go-server/internal/icuae/provider_compliance.go:237.38,238.21 1 1
dnstool/go-server/internal/icuae/provider_compliance.go:239.79,240.24 1 0
dnstool/go-server/internal/icuae/provider_compliance.go:241.121,242.21 1 0
dnstool/go-server/internal/icuae/provider_compliance.go:243.46,244.29 1 0
dnstool/go-server/internal/icuae/provider_compliance.go:245.85,246.24 1 1
dnstool/go-server/internal/icuae/provider_compliance.go:247.10,248.12 1 7
dnstool/go-server/internal/icuae/provider_compliance.go:252.70,255.2 2 5
dnstool/go-server/internal/icuae/provider_compliance.go:257.69,259.9 2 7
dnstool/go-server/internal/icuae/provider_compliance.go:259.9,261.3 1 1
dnstool/go-server/internal/icuae/provider_compliance.go:263.2,263.9 1 6
dnstool/go-server/internal/icuae/provider_compliance.go:264.67,271.4 1 1
dnstool/go-server/internal/icuae/provider_compliance.go:273.93,274.42 1 3
dnstool/go-server/internal/icuae/provider_compliance.go:274.42,281.4 1 2
dnstool/go-server/internal/icuae/provider_compliance.go:283.90,284.62 1 1
dnstool/go-server/internal/icuae/provider_compliance.go:284.62,290.4 1 1
dnstool/go-server/internal/icuae/provider_compliance.go:292.10,293.72 1 1
dnstool/go-server/internal/icuae/provider_compliance.go:293.72,301.4 1 1
dnstool/go-server/internal/icuae/provider_compliance.go:318.49,318.79 1 6
dnstool/go-server/internal/icuae/provider_compliance.go:330.54,331.20 1 4
dnstool/go-server/internal/icuae/provider_compliance.go:332.21,333.23 1 1
dnstool/go-server/internal/icuae/provider_compliance.go:334.20,335.22 1 1
dnstool/go-server/internal/icuae/provider_compliance.go:336.10,337.18 1 2
dnstool/go-server/internal/icuae/provider_compliance.go:341.76,345.20 3 9
dnstool/go-server/internal/icuae/provider_compliance.go:345.20,347.3 1 1
dnstool/go-server/internal/icuae/provider_compliance.go:349.2,365.22 14 8
dnstool/go-server/internal/icuae/provider_compliance.go:365.22,367.22 2 4
dnstool/go-server/internal/icuae/provider_compliance.go:367.22,369.4 1 3
dnstool/go-server/internal/icuae/provider_compliance.go:370.3,375.41 2 4
dnstool/go-server/internal/icuae/provider_compliance.go:375.41,377.4 1 1
dnstool/go-server/internal/icuae/provider_compliance.go:378.3,386.5 1 4
dnstool/go-server/internal/icuae/provider_compliance.go:389.2,389.20 1 8
dnstool/go-server/internal/icuae/provider_compliance.go:389.20,399.3 1 1
dnstool/go-server/internal/icuae/provider_compliance.go:401.2,401.58 1 8
dnstool/go-server/internal/icuae/provider_compliance.go:401.58,411.3 1 1
dnstool/go-server/internal/icuae/provider_compliance.go:413.2,413.20 1 8
dnstool/go-server/internal/icuae/provider_compliance.go:413.20,423.3 1 1
dnstool/go-server/internal/icuae/provider_compliance.go:425.2,425.15 1 8
dnstool/go-server/internal/icuae/scanner_profile.go:59.51,60.27 1 3
dnstool/go-server/internal/icuae/scanner_profile.go:61.27,62.32 1 1
dnstool/go-server/internal/icuae/scanner_profile.go:63.27,64.33 1 1
dnstool/go-server/internal/icuae/scanner_profile.go:65.17,66.30 1 1
dnstool/go-server/internal/icuae/scanner_profile.go:70.50,71.27 1 5
dnstool/go-server/internal/icuae/scanner_profile.go:72.25,73.32 1 1
dnstool/go-server/internal/icuae/scanner_profile.go:74.22,75.39 1 1
dnstool/go-server/internal/icuae/scanner_profile.go:76.28,77.31 1 1
dnstool/go-server/internal/icuae/scanner_profile.go:78.25,79.30 1 1
dnstool/go-server/internal/icuae/scanner_profile.go:80.17,81.30 1 1
dnstool/go-server/internal/icuae/scanner_profile.go:101.49,103.2 1 3
dnstool/go-server/internal/icuae/scanner_profile.go:105.52,106.30 1 3
dnstool/go-server/internal/icuae/scanner_profile.go:107.27,108.33 1 1
dnstool/go-server/internal/icuae/scanner_profile.go:109.27,110.30 1 1
dnstool/go-server/internal/icuae/scanner_profile.go:111.17,112.35 1 1
dnstool/go-server/internal/icuae/scanner_profile.go:116.90,120.32 3 7
dnstool/go-server/internal/icuae/scanner_profile.go:120.32,127.10 1 1
dnstool/go-server/internal/icuae/scanner_profile.go:129.9,144.34 11 6
dnstool/go-server/internal/icuae/scanner_profile.go:144.34,146.10 1 1
dnstool/go-server/internal/icuae/scanner_profile.go:148.9,153.10 1 6
dnstool/go-server/internal/icuae/scanner_profile.go:156.171,157.34 1 7
dnstool/go-server/internal/icuae/scanner_profile.go:157.34,159.10 1 3
dnstool/go-server/internal/icuae/scanner_profile.go:160.9,161.66 2 7
dnstool/go-server/internal/icuae/scanner_profile.go:161.66,163.10 1 2
dnstool/go-server/internal/icuae/scanner_profile.go:164.9,164.34 1 7
dnstool/go-server/internal/icuae/scanner_profile.go:164.34,166.10 1 2
dnstool/go-server/internal/icuae/scanner_profile.go:169.99,170.37 1 12
dnstool/go-server/internal/icuae/scanner_profile.go:170.37,171.51 1 6
dnstool/go-server/internal/icuae/scanner_profile.go:171.51,172.33 1 1
dnstool/go-server/internal/icuae/scanner_profile.go:174.17,174.24 1 5
dnstool/go-server/internal/icuae/scanner_profile.go:175.37,176.49 1 2
dnstool/go-server/internal/icuae/scanner_profile.go:177.37,178.49 1 1
dnstool/go-server/internal/icuae/scanner_profile.go:183.88,185.40 2 4
dnstool/go-server/internal/icuae/scanner_profile.go:185.40,187.99 2 1
dnstool/go-server/internal/icuae/scanner_profile.go:187.99,189.18 1 1
dnstool/go-server/internal/icuae/scanner_profile.go:191.9,191.70 1 4
dnstool/go-server/internal/icuae/scanner_profile.go:194.93,197.44 2 6
dnstool/go-server/internal/icuae/scanner_profile.go:197.44,210.10 1 2
dnstool/go-server/internal/icuae/scanner_profile.go:212.9,212.27 1 6
dnstool/go-server/internal/icuae/scanner_profile.go:215.90,219.27 3 11
dnstool/go-server/internal/icuae/scanner_profile.go:219.27,221.35 2 6
dnstool/go-server/internal/icuae/scanner_profile.go:221.35,223.18 1 5
dnstool/go-server/internal/icuae/scanner_profile.go:223.23,223.42 1 1
dnstool/go-server/internal/icuae/scanner_profile.go:223.42,225.18 1 1
dnstool/go-server/internal/icuae/scanner_profile.go:227.17,227.58 1 6
dnstool/go-server/internal/icuae/scanner_profile.go:227.58,239.18 1 5
dnstool/go-server/internal/icuae/scanner_profile.go:242.9,242.27 1 11
dnstool/go-server/internal/icuae/scanner_profile.go:245.92,248.72 2 8
dnstool/go-server/internal/icuae/scanner_profile.go:248.72,260.10 1 1
dnstool/go-server/internal/icuae/scanner_profile.go:260.15,260.78 1 7
dnstool/go-server/internal/icuae/scanner_profile.go:260.78,272.10 1 1
dnstool/go-server/internal/icuae/scanner_profile.go:274.9,274.27 1 8
dnstool/go-server/internal/icuae/scanner_profile.go:277.92,281.58 3 8
dnstool/go-server/internal/icuae/scanner_profile.go:281.58,282.49 1 3
dnstool/go-server/internal/icuae/scanner_profile.go:282.49,284.18 1 3
dnstool/go-server/internal/icuae/scanner_profile.go:287.9,287.34 1 8
dnstool/go-server/internal/icuae/scanner_profile.go:287.34,301.10 2 2
dnstool/go-server/internal/icuae/scanner_profile.go:303.9,303.27 1 8
dnstool/go-server/internal/icuae/scanner_profile.go:306.88,314.30 2 2
dnstool/go-server/internal/icuae/scanner_profile.go:314.30,316.10 1 1
dnstool/go-server/internal/icuae/scanner_profile.go:318.9,320.40 3 1
dnstool/go-server/internal/icuae/scanner_profile.go:320.40,321.55 1 2
dnstool/go-server/internal/icuae/scanner_profile.go:321.55,323.42 2 4
dnstool/go-server/internal/icuae/scanner_profile.go:323.42,326.26 2 2
dnstool/go-server/internal/icuae/scanner_profile.go:330.9,330.31 1 1
dnstool/go-server/internal/icuae/scanner_profile.go:330.31,332.10 1 1
dnstool/go-server/internal/icuae/scanner_profile.go:334.9,334.35 1 1
dnstool/go-server/internal/icuae/scanner_profile.go:334.35,336.49 2 1
dnstool/go-server/internal/icuae/scanner_profile.go:336.49,338.18 1 2
dnstool/go-server/internal/icuae/scanner_profile.go:339.17,339.76 1 1
dnstool/go-server/internal/icuae/scanner_profile.go:342.9,342.21 1 1
dnstool/go-server/internal/icuae/scanner_profile.go:345.49,346.27 1 2
dnstool/go-server/internal/icuae/scanner_profile.go:346.27,348.10 1 1
dnstool/go-server/internal/icuae/scanner_profile.go:349.9,349.28 1 1
dnstool/go-server/internal/icuae/scanner_profile.go:352.49,353.33 1 13
dnstool/go-server/internal/icuae/scanner_profile.go:353.33,355.10 1 1
dnstool/go-server/internal/icuae/scanner_profile.go:356.9,357.54 2 12
dnstool/go-server/internal/icuae/scanner_profile.go:357.54,359.10 1 11
dnstool/go-server/internal/icuae/scanner_profile.go:360.9,360.116 1 12
dnstool/go-server/internal/icuae/scanner_profile.go:363.54,371.37 4 3
dnstool/go-server/internal/icuae/scanner_profile.go:371.37,373.10 1 27
dnstool/go-server/internal/icuae/scanner_profile.go:375.9,375.52 1 3
dnstool/go-server/internal/icuae/scanner_profile.go:375.52,377.10 1 29
dnstool/go-server/internal/icuae/scanner_profile.go:379.9,380.40 2 3
dnstool/go-server/internal/icuae/scanner_profile.go:380.40,382.10 1 27
dnstool/go-server/internal/icuae/scanner_profile.go:383.9,383.22 1 3
dnstool/go-server/internal/db/db.go:22.53,24.16 2 6
dnstool/go-server/internal/db/db.go:24.16,26.3 1 0
dnstool/go-server/internal/db/db.go:28.2,38.16 9 6
dnstool/go-server/internal/db/db.go:38.16,40.3 1 0
dnstool/go-server/internal/db/db.go:42.2,42.39 1 6
dnstool/go-server/internal/db/db.go:42.39,45.3 2 0
dnstool/go-server/internal/db/db.go:47.2,51.8 2 6
dnstool/go-server/internal/db/db.go:54.28,55.19 1 6
dnstool/go-server/internal/db/db.go:55.19,58.3 2 6
dnstool/go-server/internal/db/db.go:61.59,63.2 1 1
dnstool/go-server/internal/models/models.go:71.59,99.28 2 4
dnstool/go-server/internal/models/models.go:99.28,101.3 1 3
dnstool/go-server/internal/models/models.go:102.2,102.25 1 4
dnstool/go-server/internal/models/models.go:102.25,104.3 1 1
dnstool/go-server/internal/models/models.go:105.2,105.15 1 4
dnstool/go-server/internal/middleware/analytics.go:44.84,46.46 2 3
dnstool/go-server/internal/middleware/analytics.go:46.46,48.3 1 2
dnstool/go-server/internal/middleware/analytics.go:49.2,59.23 3 3
dnstool/go-server/internal/middleware/analytics.go:59.23,61.3 1 1
dnstool/go-server/internal/middleware/analytics.go:62.2,64.11 3 3
dnstool/go-server/internal/middleware/analytics.go:67.40,69.15 2 5
dnstool/go-server/internal/middleware/analytics.go:69.15,71.3 1 3
dnstool/go-server/internal/middleware/analytics.go:72.2,73.45 2 2
dnstool/go-server/internal/middleware/analytics.go:73.45,75.15 2 5
dnstool/go-server/internal/middleware/analytics.go:75.15,77.4 1 4
dnstool/go-server/internal/middleware/analytics.go:79.2,79.10 1 2
dnstool/go-server/internal/middleware/analytics.go:82.44,84.26 2 16
dnstool/go-server/internal/middleware/analytics.go:84.26,86.3 1 11
dnstool/go-server/internal/middleware/analytics.go:87.2,88.40 2 5
dnstool/go-server/internal/middleware/analytics.go:88.40,90.3 1 0
dnstool/go-server/internal/middleware/analytics.go:91.2,98.18 8 5
dnstool/go-server/internal/middleware/analytics.go:101.62,104.2 2 14
dnstool/go-server/internal/middleware/analytics.go:106.60,107.30 1 14
dnstool/go-server/internal/middleware/analytics.go:107.30,119.29 2 24
dnstool/go-server/internal/middleware/analytics.go:119.29,122.4 2 10
dnstool/go-server/internal/middleware/analytics.go:124.3,127.31 3 14
dnstool/go-server/internal/middleware/analytics.go:127.31,129.4 1 2
dnstool/go-server/internal/middleware/analytics.go:131.3,133.24 2 12
dnstool/go-server/internal/middleware/analytics.go:133.24,135.4 1 1
dnstool/go-server/internal/middleware/analytics.go:136.3,136.71 1 11
dnstool/go-server/internal/middleware/analytics.go:136.71,138.4 1 1
dnstool/go-server/internal/middleware/analytics.go:140.3,150.47 10 10
dnstool/go-server/internal/middleware/analytics.go:150.47,152.4 1 2
dnstool/go-server/internal/middleware/analytics.go:153.3,153.17 1 10
dnstool/go-server/internal/middleware/analytics.go:157.61,162.2 4 7
dnstool/go-server/internal/middleware/analytics.go:164.52,165.15 1 29
dnstool/go-server/internal/middleware/analytics.go:165.15,167.3 1 7
dnstool/go-server/internal/middleware/analytics.go:168.2,169.16 2 22
dnstool/go-server/internal/middleware/analytics.go:169.16,171.3 1 1
dnstool/go-server/internal/middleware/analytics.go:172.2,173.16 2 21
dnstool/go-server/internal/middleware/analytics.go:173.16,175.3 1 4
dnstool/go-server/internal/middleware/analytics.go:176.2,176.83 1 17
dnstool/go-server/internal/middleware/analytics.go:176.83,178.3 1 5
dnstool/go-server/internal/middleware/analytics.go:179.2,179.13 1 12
dnstool/go-server/internal/middleware/analytics.go:182.37,183.14 1 31
dnstool/go-server/internal/middleware/analytics.go:183.14,185.3 1 2
dnstool/go-server/internal/middleware/analytics.go:186.2,188.17 3 29
dnstool/go-server/internal/middleware/analytics.go:191.43,194.21 3 3
dnstool/go-server/internal/middleware/analytics.go:194.21,196.3 1 0
dnstool/go-server/internal/middleware/analytics.go:199.39,201.23 2 4
dnstool/go-server/internal/middleware/analytics.go:201.23,204.3 2 3
dnstool/go-server/internal/middleware/analytics.go:206.2,213.34 7 1
dnstool/go-server/internal/middleware/analytics.go:213.34,215.3 1 2
dnstool/go-server/internal/middleware/analytics.go:216.2,217.33 2 1
dnstool/go-server/internal/middleware/analytics.go:217.33,219.3 1 1
dnstool/go-server/internal/middleware/analytics.go:221.2,228.16 7 1
dnstool/go-server/internal/middleware/analytics.go:228.16,230.3 1 0
dnstool/go-server/internal/middleware/analytics.go:231.2,232.16 2 1
dnstool/go-server/internal/middleware/analytics.go:232.16,234.3 1 0
dnstool/go-server/internal/middleware/analytics.go:236.2,273.16 4 1
dnstool/go-server/internal/middleware/analytics.go:273.16,275.3 1 0
dnstool/go-server/internal/middleware/analytics.go:275.8,277.3 1 0
dnstool/go-server/internal/middleware/auth.go:28.56,30.37 2 2
dnstool/go-server/internal/middleware/auth.go:30.37,32.47 2 2
dnstool/go-server/internal/middleware/auth.go:32.47,35.18 2 2
dnstool/go-server/internal/middleware/auth.go:37.17,38.31 2 0
dnstool/go-server/internal/middleware/auth.go:38.31,41.18 2 0
dnstool/go-server/internal/middleware/auth.go:43.17,50.39 7 0
dnstool/go-server/internal/middleware/auth.go:50.39,53.89 3 0
dnstool/go-server/internal/middleware/auth.go:53.89,55.26 1 0
dnstool/go-server/internal/middleware/auth.go:58.17,58.25 1 0
dnstool/go-server/internal/middleware/auth.go:62.36,63.37 1 4
dnstool/go-server/internal/middleware/auth.go:63.37,66.24 3 4
dnstool/go-server/internal/middleware/auth.go:66.24,68.18 1 2
dnstool/go-server/internal/middleware/auth.go:69.17,69.39 1 4
dnstool/go-server/internal/middleware/auth.go:69.39,75.18 3 3
dnstool/go-server/internal/middleware/auth.go:76.17,76.25 1 1
dnstool/go-server/internal/middleware/auth.go:80.37,81.37 1 6
dnstool/go-server/internal/middleware/auth.go:81.37,84.24 3 6
dnstool/go-server/internal/middleware/auth.go:84.24,86.18 1 2
dnstool/go-server/internal/middleware/auth.go:87.17,87.39 1 6
dnstool/go-server/internal/middleware/auth.go:87.39,93.18 3 3
dnstool/go-server/internal/middleware/auth.go:94.17,95.47 2 3
dnstool/go-server/internal/middleware/auth.go:95.47,101.18 3 2
dnstool/go-server/internal/middleware/auth.go:102.17,102.25 1 1
dnstool/go-server/internal/middleware/auth.go:106.67,107.37 1 0
dnstool/go-server/internal/middleware/auth.go:107.37,109.59 2 0
dnstool/go-server/internal/middleware/auth.go:109.59,110.63 1 0
dnstool/go-server/internal/middleware/auth.go:110.63,114.26 1 0
dnstool/go-server/internal/middleware/auth.go:114.31,118.26 1 0
dnstool/go-server/internal/middleware/auth.go:119.25,120.31 2 0
dnstool/go-server/internal/middleware/auth.go:122.17,122.25 1 0
dnstool/go-server/internal/middleware/auth.go:126.68,128.2 1 0
dnstool/go-server/internal/middleware/auth.go:130.52,132.2 1 0
dnstool/go-server/internal/middleware/auth.go:134.59,137.16 3 4
dnstool/go-server/internal/middleware/auth.go:137.16,139.10 1 2
dnstool/go-server/internal/middleware/auth.go:140.9,140.31 1 4
dnstool/go-server/internal/middleware/auth.go:140.31,142.10 1 3
dnstool/go-server/internal/middleware/auth.go:143.9,149.75 4 1
dnstool/go-server/internal/middleware/auth.go:152.57,164.63 11 4
dnstool/go-server/internal/middleware/auth.go:164.63,166.35 2 3
dnstool/go-server/internal/middleware/auth.go:166.35,168.18 1 2
dnstool/go-server/internal/middleware/auth.go:169.17,175.40 7 1
dnstool/go-server/internal/middleware/auth.go:177.9,177.20 1 2
dnstool/go-server/internal/middleware/csrf.go:32.55,36.2 1 26
dnstool/go-server/internal/middleware/csrf.go:38.49,40.40 2 15
dnstool/go-server/internal/middleware/csrf.go:40.40,42.3 1 0
dnstool/go-server/internal/middleware/csrf.go:43.2,43.45 1 15
dnstool/go-server/internal/middleware/csrf.go:46.52,50.2 3 31
dnstool/go-server/internal/middleware/csrf.go:52.63,54.2 1 15
dnstool/go-server/internal/middleware/csrf.go:56.76,57.40 1 18
dnstool/go-server/internal/middleware/csrf.go:57.40,58.23 1 477
dnstool/go-server/internal/middleware/csrf.go:58.23,62.52 4 16
dnstool/go-server/internal/middleware/csrf.go:62.52,64.5 1 7
dnstool/go-server/internal/middleware/csrf.go:65.4,65.20 1 9
dnstool/go-server/internal/middleware/csrf.go:68.2,68.18 1 2
dnstool/go-server/internal/middleware/csrf.go:71.37,78.2 1 40
dnstool/go-server/internal/middleware/csrf.go:80.52,81.30 1 24
dnstool/go-server/internal/middleware/csrf.go:81.30,82.95 1 28
dnstool/go-server/internal/middleware/csrf.go:82.95,87.4 4 12
dnstool/go-server/internal/middleware/csrf.go:89.3,89.39 1 16
dnstool/go-server/internal/middleware/csrf.go:89.39,92.4 2 1
dnstool/go-server/internal/middleware/csrf.go:94.3,95.33 2 15
dnstool/go-server/internal/middleware/csrf.go:95.33,98.4 2 6
dnstool/go-server/internal/middleware/csrf.go:100.3,101.13 2 9
dnstool/go-server/internal/middleware/csrf.go:101.13,104.4 2 5
dnstool/go-server/internal/middleware/csrf.go:106.3,107.22 2 4
dnstool/go-server/internal/middleware/csrf.go:107.22,109.4 1 1
dnstool/go-server/internal/middleware/csrf.go:111.3,111.44 1 4
dnstool/go-server/internal/middleware/csrf.go:111.44,114.4 2 1
dnstool/go-server/internal/middleware/csrf.go:116.3,117.11 2 3
dnstool/go-server/internal/middleware/csrf.go:121.61,123.32 2 12
dnstool/go-server/internal/middleware/csrf.go:123.32,124.59 1 2
dnstool/go-server/internal/middleware/csrf.go:124.59,126.4 1 1
dnstool/go-server/internal/middleware/csrf.go:129.2,142.14 4 11
dnstool/go-server/internal/middleware/csrf.go:145.68,156.18 4 12
dnstool/go-server/internal/middleware/csrf.go:156.18,158.3 1 10
dnstool/go-server/internal/middleware/csrf.go:159.2,159.18 1 12
dnstool/go-server/internal/middleware/csrf.go:159.18,161.3 1 4
dnstool/go-server/internal/middleware/csrf.go:161.8,163.3 1 8
dnstool/go-server/internal/middleware/csrf.go:164.2,164.11 1 12
dnstool/go-server/internal/middleware/csrf.go:167.42,169.13 2 11
dnstool/go-server/internal/middleware/csrf.go:169.13,171.3 1 1
dnstool/go-server/internal/middleware/csrf.go:172.2,172.33 1 10
dnstool/go-server/internal/middleware/csrf.go:175.45,178.2 2 2
dnstool/go-server/internal/middleware/middleware.go:33.29,35.47 2 44
dnstool/go-server/internal/middleware/middleware.go:35.47,37.10 1 0
dnstool/go-server/internal/middleware/middleware.go:38.9,38.52 1 44
dnstool/go-server/internal/middleware/middleware.go:41.39,42.37 1 23
dnstool/go-server/internal/middleware/middleware.go:42.37,65.10 12 43
dnstool/go-server/internal/middleware/middleware.go:68.53,70.37 2 9
dnstool/go-server/internal/middleware/middleware.go:70.37,71.70 1 9
dnstool/go-server/internal/middleware/middleware.go:71.70,75.18 3 1
dnstool/go-server/internal/middleware/middleware.go:77.17,80.25 4 8
dnstool/go-server/internal/middleware/middleware.go:84.45,86.20 2 10
dnstool/go-server/internal/middleware/middleware.go:86.20,88.10 1 1
dnstool/go-server/internal/middleware/middleware.go:89.9,89.40 1 9
dnstool/go-server/internal/middleware/middleware.go:89.40,91.10 1 8
dnstool/go-server/internal/middleware/middleware.go:92.9,92.18 1 1
dnstool/go-server/internal/middleware/middleware.go:95.61,97.21 2 8
dnstool/go-server/internal/middleware/middleware.go:97.21,98.55 1 6
dnstool/go-server/internal/middleware/middleware.go:98.55,100.18 1 1
dnstool/go-server/internal/middleware/middleware.go:100.23,102.18 1 5
dnstool/go-server/internal/middleware/middleware.go:104.9,107.20 4 8
dnstool/go-server/internal/middleware/middleware.go:107.20,110.10 2 2
dnstool/go-server/internal/middleware/middleware.go:110.15,113.10 2 6
dnstool/go-server/internal/middleware/middleware.go:114.9,114.62 1 8
dnstool/go-server/internal/middleware/middleware.go:117.69,119.20 2 10
dnstool/go-server/internal/middleware/middleware.go:119.20,121.10 1 3
dnstool/go-server/internal/middleware/middleware.go:123.9,124.20 2 10
dnstool/go-server/internal/middleware/middleware.go:124.20,126.10 1 3
dnstool/go-server/internal/middleware/middleware.go:128.9,129.47 2 10
dnstool/go-server/internal/middleware/middleware.go:129.47,131.10 1 2
dnstool/go-server/internal/middleware/middleware.go:133.9,134.80 2 10
dnstool/go-server/internal/middleware/middleware.go:134.80,136.10 1 2
dnstool/go-server/internal/middleware/middleware.go:138.9,155.10 1 10
dnstool/go-server/internal/middleware/middleware.go:158.74,160.26 2 7
dnstool/go-server/internal/middleware/middleware.go:160.26,162.10 1 2
dnstool/go-server/internal/middleware/middleware.go:163.9,163.37 1 7
dnstool/go-server/internal/middleware/middleware.go:163.37,164.30 1 7
dnstool/go-server/internal/middleware/middleware.go:164.30,165.57 1 7
dnstool/go-server/internal/middleware/middleware.go:165.57,185.61 7 4
dnstool/go-server/internal/middleware/middleware.go:185.61,187.34 1 1
dnstool/go-server/internal/middleware/middleware.go:188.33,189.42 2 4
dnstool/go-server/internal/middleware/middleware.go:192.17,192.25 1 7
dnstool/go-server/internal/middleware/middleware.go:196.65,198.44 2 13
dnstool/go-server/internal/middleware/middleware.go:198.44,200.45 2 2
dnstool/go-server/internal/middleware/middleware.go:200.45,200.57 1 2
dnstool/go-server/internal/middleware/middleware.go:202.9,204.34 3 11
dnstool/go-server/internal/middleware/middleware.go:204.34,206.10 1 2
dnstool/go-server/internal/middleware/middleware.go:208.9,208.37 1 11
dnstool/go-server/internal/middleware/middleware.go:208.37,210.65 2 11
dnstool/go-server/internal/middleware/middleware.go:210.65,212.18 1 2
dnstool/go-server/internal/middleware/middleware.go:214.17,214.42 1 11
dnstool/go-server/internal/middleware/middleware.go:214.42,217.18 2 3
dnstool/go-server/internal/middleware/middleware.go:219.17,219.101 1 8
dnstool/go-server/internal/middleware/middleware.go:219.101,225.18 5 6
dnstool/go-server/internal/middleware/middleware.go:227.17,227.25 1 2
dnstool/go-server/internal/middleware/ratelimit.go:47.52,55.2 3 37
dnstool/go-server/internal/middleware/ratelimit.go:57.45,60.28 3 37
dnstool/go-server/internal/middleware/ratelimit.go:60.28,63.53 3 0
dnstool/go-server/internal/middleware/ratelimit.go:63.53,65.53 2 0
dnstool/go-server/internal/middleware/ratelimit.go:65.53,67.26 1 0
dnstool/go-server/internal/middleware/ratelimit.go:69.17,69.30 1 0
dnstool/go-server/internal/middleware/ratelimit.go:73.67,76.35 3 124
dnstool/go-server/internal/middleware/ratelimit.go:76.35,77.42 1 317
dnstool/go-server/internal/middleware/ratelimit.go:77.42,79.18 1 307
dnstool/go-server/internal/middleware/ratelimit.go:81.9,81.22 1 124
dnstool/go-server/internal/middleware/ratelimit.go:84.81,94.49 7 112
dnstool/go-server/internal/middleware/ratelimit.go:94.49,97.36 3 9
dnstool/go-server/internal/middleware/ratelimit.go:97.36,99.18 1 0
dnstool/go-server/internal/middleware/ratelimit.go:100.17,104.18 1 9
dnstool/go-server/internal/middleware/ratelimit.go:107.9,108.48 2 103
dnstool/go-server/internal/middleware/ratelimit.go:108.48,109.60 1 220
dnstool/go-server/internal/middleware/ratelimit.go:109.60,110.30 1 1
dnstool/go-server/internal/middleware/ratelimit.go:112.17,112.48 1 219
dnstool/go-server/internal/middleware/ratelimit.go:112.48,114.44 2 20
dnstool/go-server/internal/middleware/ratelimit.go:114.44,116.26 1 0
dnstool/go-server/internal/middleware/ratelimit.go:117.25,121.26 1 20
dnstool/go-server/internal/middleware/ratelimit.go:125.9,133.10 2 83
dnstool/go-server/internal/middleware/ratelimit.go:136.66,137.37 1 7
dnstool/go-server/internal/middleware/ratelimit.go:137.37,141.71 3 11
dnstool/go-server/internal/middleware/ratelimit.go:141.71,143.18 1 5
dnstool/go-server/internal/middleware/ratelimit.go:145.17,147.36 2 11
dnstool/go-server/internal/middleware/ratelimit.go:147.36,157.18 4 4
dnstool/go-server/internal/middleware/ratelimit.go:159.17,159.25 1 7
dnstool/go-server/internal/middleware/ratelimit.go:163.60,164.37 1 22
dnstool/go-server/internal/middleware/ratelimit.go:164.37,165.47 1 72
dnstool/go-server/internal/middleware/ratelimit.go:165.47,168.18 2 3
dnstool/go-server/internal/middleware/ratelimit.go:170.17,171.33 2 69
dnstool/go-server/internal/middleware/ratelimit.go:171.33,174.18 2 3
dnstool/go-server/internal/middleware/ratelimit.go:176.17,179.36 3 66
dnstool/go-server/internal/middleware/ratelimit.go:179.36,184.18 4 15
dnstool/go-server/internal/middleware/ratelimit.go:186.17,186.25 1 51
dnstool/go-server/internal/middleware/ratelimit.go:190.93,199.2 2 16
dnstool/go-server/internal/middleware/ratelimit.go:201.54,202.30 1 18
dnstool/go-server/internal/middleware/ratelimit.go:203.27,204.122 1 6
dnstool/go-server/internal/middleware/ratelimit.go:205.28,206.137 1 11
dnstool/go-server/internal/middleware/ratelimit.go:207.17,208.102 1 1
dnstool/go-server/internal/middleware/ratelimit.go:212.65,214.56 2 15
dnstool/go-server/internal/middleware/ratelimit.go:214.56,221.10 2 5
dnstool/go-server/internal/middleware/ratelimit.go:222.9,223.60 2 10
dnstool/go-server/internal/middleware/ratelimit.go:226.50,245.2 2 11
dnstool/go-server/internal/middleware/ratelimit.go:247.45,249.22 2 17
dnstool/go-server/internal/middleware/ratelimit.go:249.22,251.10 1 8
dnstool/go-server/internal/middleware/ratelimit.go:252.9,253.108 2 9
dnstool/go-server/internal/middleware/ratelimit.go:253.108,255.10 1 6
dnstool/go-server/internal/middleware/ratelimit.go:256.9,256.22 1 3
dnstool/go-server/internal/unified/confidence.go:58.53,59.55 1 4
dnstool/go-server/internal/unified/confidence.go:59.55,61.10 1 3
dnstool/go-server/internal/unified/confidence.go:62.9,62.27 1 1
dnstool/go-server/internal/unified/confidence.go:65.43,66.46 1 4
dnstool/go-server/internal/unified/confidence.go:66.46,68.10 1 3
dnstool/go-server/internal/unified/confidence.go:69.9,69.33 1 1
dnstool/go-server/internal/unified/confidence.go:72.51,74.2 1 1
dnstool/go-server/internal/unified/confidence.go:76.54,78.2 1 1
dnstool/go-server/internal/unified/confidence.go:80.54,82.2 1 1
dnstool/go-server/internal/unified/confidence.go:90.62,94.31 3 14
dnstool/go-server/internal/unified/confidence.go:94.31,96.10 1 1
dnstool/go-server/internal/unified/confidence.go:97.9,97.33 1 14
dnstool/go-server/internal/unified/confidence.go:97.33,99.10 1 1
dnstool/go-server/internal/unified/confidence.go:101.9,127.10 9 14
dnstool/go-server/internal/unified/confidence.go:130.67,131.33 1 14
dnstool/go-server/internal/unified/confidence.go:131.33,133.10 1 1
dnstool/go-server/internal/unified/confidence.go:134.9,135.38 2 13
dnstool/go-server/internal/unified/confidence.go:135.38,137.10 1 41
dnstool/go-server/internal/unified/confidence.go:138.9,139.26 2 13
dnstool/go-server/internal/unified/confidence.go:142.44,143.49 1 15
dnstool/go-server/internal/unified/confidence.go:143.49,145.10 1 14
dnstool/go-server/internal/unified/confidence.go:146.9,146.18 1 1
dnstool/go-server/internal/unified/confidence.go:149.42,150.29 1 20
dnstool/go-server/internal/unified/confidence.go:150.29,152.10 1 6
dnstool/go-server/internal/unified/confidence.go:153.9,153.32 1 14
dnstool/go-server/internal/unified/confidence.go:156.41,157.35 1 20
dnstool/go-server/internal/unified/confidence.go:157.35,159.10 1 8
dnstool/go-server/internal/unified/confidence.go:160.9,160.39 1 12
dnstool/go-server/internal/unified/confidence.go:160.39,162.10 1 4
dnstool/go-server/internal/unified/confidence.go:163.9,163.24 1 8
dnstool/go-server/internal/unified/confidence.go:166.92,167.27 1 19
dnstool/go-server/internal/unified/confidence.go:167.27,169.10 1 6
dnstool/go-server/internal/unified/confidence.go:170.9,170.33 1 13
dnstool/go-server/internal/unified/confidence.go:170.33,172.10 1 6
dnstool/go-server/internal/unified/confidence.go:173.9,173.145 1 7
dnstool/go-server/internal/unified/confidence.go:176.98,177.22 1 22
dnstool/go-server/internal/unified/confidence.go:178.24,179.150 1 6
dnstool/go-server/internal/unified/confidence.go:180.28,181.32 1 6
dnstool/go-server/internal/unified/confidence.go:182.37,183.157 1 2
dnstool/go-server/internal/unified/confidence.go:184.37,185.149 1 1
dnstool/go-server/internal/unified/confidence.go:186.37,187.177 1 2
dnstool/go-server/internal/unified/confidence.go:188.25,189.121 1 1
dnstool/go-server/internal/unified/confidence.go:191.17,192.32 1 10
dnstool/go-server/internal/unified/confidence.go:193.37,194.123 1 4
dnstool/go-server/internal/unified/confidence.go:195.37,196.133 1 4
dnstool/go-server/internal/unified/confidence.go:197.37,198.107 1 1
dnstool/go-server/internal/unified/confidence.go:199.25,200.86 1 1
dnstool/go-server/internal/templates/funcs.go:31.32,39.38 2 0
dnstool/go-server/internal/templates/funcs.go:39.38,42.31 3 0
dnstool/go-server/internal/templates/funcs.go:42.31,44.33 2 0
dnstool/go-server/internal/templates/funcs.go:46.17,48.43 3 0
dnstool/go-server/internal/templates/funcs.go:50.9,50.64 1 0
dnstool/go-server/internal/templates/funcs.go:53.47,54.45 1 0
dnstool/go-server/internal/templates/funcs.go:54.45,56.10 1 0
dnstool/go-server/internal/templates/funcs.go:57.9,57.18 1 0
dnstool/go-server/internal/templates/funcs.go:66.33,78.2 11 4
dnstool/go-server/internal/templates/funcs.go:80.35,85.2 1 4
dnstool/go-server/internal/templates/funcs.go:87.44,88.31 1 37
dnstool/go-server/internal/templates/funcs.go:88.31,90.10 1 329
dnstool/go-server/internal/templates/funcs.go:93.71,94.30 1 8
dnstool/go-server/internal/templates/funcs.go:95.24,96.40 1 5
dnstool/go-server/internal/templates/funcs.go:97.21,98.25 1 1
dnstool/go-server/internal/templates/funcs.go:99.17,100.34 1 2
dnstool/go-server/internal/templates/funcs.go:104.39,106.2 1 3
dnstool/go-server/internal/templates/funcs.go:108.44,110.2 1 2
dnstool/go-server/internal/templates/funcs.go:112.39,114.2 1 1
dnstool/go-server/internal/templates/funcs.go:116.43,118.2 1 1
dnstool/go-server/internal/templates/funcs.go:120.47,122.2 1 1
dnstool/go-server/internal/templates/funcs.go:124.43,125.30 1 6
dnstool/go-server/internal/templates/funcs.go:126.22,127.28 1 4
dnstool/go-server/internal/templates/funcs.go:127.28,129.18 1 2
dnstool/go-server/internal/templates/funcs.go:130.17,130.47 1 2
dnstool/go-server/internal/templates/funcs.go:131.22,132.47 1 1
dnstool/go-server/internal/templates/funcs.go:133.17,134.44 1 1
dnstool/go-server/internal/templates/funcs.go:138.39,146.43 1 4
dnstool/go-server/internal/templates/funcs.go:146.43,148.18 1 0
dnstool/go-server/internal/templates/funcs.go:152.55,153.30 1 6
dnstool/go-server/internal/templates/funcs.go:154.22,155.57 1 2
dnstool/go-server/internal/templates/funcs.go:156.22,157.66 1 1
dnstool/go-server/internal/templates/funcs.go:158.18,159.66 1 1
dnstool/go-server/internal/templates/funcs.go:160.20,161.66 1 1
dnstool/go-server/internal/templates/funcs.go:162.17,163.44 1 1
dnstool/go-server/internal/templates/funcs.go:167.56,170.19 3 4
dnstool/go-server/internal/templates/funcs.go:170.19,172.10 1 1
dnstool/go-server/internal/templates/funcs.go:173.9,173.46 1 3
dnstool/go-server/internal/templates/funcs.go:176.48,179.19 3 2
dnstool/go-server/internal/templates/funcs.go:179.19,181.10 1 1
dnstool/go-server/internal/templates/funcs.go:182.9,182.41 1 1
dnstool/go-server/internal/templates/funcs.go:185.27,185.43 1 1
dnstool/go-server/internal/templates/funcs.go:186.27,186.43 1 1
dnstool/go-server/internal/templates/funcs.go:187.27,187.43 1 1
dnstool/go-server/internal/templates/funcs.go:188.27,189.18 1 2
dnstool/go-server/internal/templates/funcs.go:189.18,191.10 1 1
dnstool/go-server/internal/templates/funcs.go:192.9,192.17 1 1
dnstool/go-server/internal/templates/funcs.go:194.27,195.18 1 2
dnstool/go-server/internal/templates/funcs.go:195.18,197.10 1 1
dnstool/go-server/internal/templates/funcs.go:198.9,198.17 1 1
dnstool/go-server/internal/templates/funcs.go:201.37,202.19 1 2
dnstool/go-server/internal/templates/funcs.go:202.19,204.10 1 1
dnstool/go-server/internal/templates/funcs.go:205.9,205.21 1 1
dnstool/go-server/internal/templates/funcs.go:208.27,209.19 1 2
dnstool/go-server/internal/templates/funcs.go:209.19,211.10 1 1
dnstool/go-server/internal/templates/funcs.go:212.9,212.21 1 1
dnstool/go-server/internal/templates/funcs.go:215.35,218.20 3 3
dnstool/go-server/internal/templates/funcs.go:218.20,220.10 1 1
dnstool/go-server/internal/templates/funcs.go:221.9,221.23 1 2
dnstool/go-server/internal/templates/funcs.go:224.40,227.20 3 2
dnstool/go-server/internal/templates/funcs.go:227.20,229.10 1 1
dnstool/go-server/internal/templates/funcs.go:230.9,230.18 1 1
dnstool/go-server/internal/templates/funcs.go:233.37,248.2 1 4
dnstool/go-server/internal/templates/funcs.go:250.47,251.29 1 2
dnstool/go-server/internal/templates/funcs.go:251.29,253.10 1 1
dnstool/go-server/internal/templates/funcs.go:254.9,254.34 1 1
dnstool/go-server/internal/templates/funcs.go:257.52,258.28 1 4
dnstool/go-server/internal/templates/funcs.go:258.28,260.10 1 1
dnstool/go-server/internal/templates/funcs.go:261.9,262.25 2 3
dnstool/go-server/internal/templates/funcs.go:262.25,264.10 1 1
dnstool/go-server/internal/templates/funcs.go:265.9,265.28 1 3
dnstool/go-server/internal/templates/funcs.go:268.44,270.2 1 1
dnstool/go-server/internal/templates/funcs.go:272.33,274.2 1 1
dnstool/go-server/internal/templates/funcs.go:276.31,278.46 2 0
dnstool/go-server/internal/templates/funcs.go:278.46,279.69 1 0
dnstool/go-server/internal/templates/funcs.go:279.69,281.18 1 0
dnstool/go-server/internal/templates/funcs.go:281.23,283.18 1 0
dnstool/go-server/internal/templates/funcs.go:285.9,285.26 1 0
dnstool/go-server/internal/templates/funcs.go:288.48,290.2 1 1
dnstool/go-server/internal/templates/funcs.go:292.37,309.2 1 5
dnstool/go-server/internal/templates/funcs.go:311.35,313.58 1 5
dnstool/go-server/internal/templates/funcs.go:313.58,315.18 1 0
dnstool/go-server/internal/templates/funcs.go:316.56,318.18 1 0
dnstool/go-server/internal/templates/funcs.go:319.62,321.18 1 0
dnstool/go-server/internal/templates/funcs.go:322.54,324.18 1 0
dnstool/go-server/internal/templates/funcs.go:328.63,329.21 1 3
dnstool/go-server/internal/templates/funcs.go:329.21,331.10 1 1
dnstool/go-server/internal/templates/funcs.go:332.9,332.22 1 2
dnstool/go-server/internal/templates/funcs.go:335.61,336.21 1 5
dnstool/go-server/internal/templates/funcs.go:336.21,338.10 1 1
dnstool/go-server/internal/templates/funcs.go:339.9,340.28 2 4
dnstool/go-server/internal/templates/funcs.go:340.28,342.10 1 2
dnstool/go-server/internal/templates/funcs.go:343.9,344.16 2 2
dnstool/go-server/internal/templates/funcs.go:344.16,346.10 1 1
dnstool/go-server/internal/templates/funcs.go:347.9,347.17 1 1
dnstool/go-server/internal/templates/funcs.go:350.58,351.21 1 7
dnstool/go-server/internal/templates/funcs.go:351.21,353.10 1 1
dnstool/go-server/internal/templates/funcs.go:354.9,355.28 2 6
dnstool/go-server/internal/templates/funcs.go:355.28,357.10 1 2
dnstool/go-server/internal/templates/funcs.go:358.9,358.30 1 4
dnstool/go-server/internal/templates/funcs.go:359.18,360.25 1 1
dnstool/go-server/internal/templates/funcs.go:361.20,362.30 1 1
dnstool/go-server/internal/templates/funcs.go:363.22,364.30 1 1
dnstool/go-server/internal/templates/funcs.go:365.17,366.25 1 1
dnstool/go-server/internal/templates/funcs.go:370.64,371.21 1 2
dnstool/go-server/internal/templates/funcs.go:371.21,373.10 1 1
dnstool/go-server/internal/templates/funcs.go:374.9,374.33 1 1
dnstool/go-server/internal/templates/funcs.go:377.60,378.21 1 6
dnstool/go-server/internal/templates/funcs.go:378.21,380.10 1 1
dnstool/go-server/internal/templates/funcs.go:381.9,382.28 2 5
dnstool/go-server/internal/templates/funcs.go:382.28,384.10 1 2
dnstool/go-server/internal/templates/funcs.go:385.9,386.23 2 3
dnstool/go-server/internal/templates/funcs.go:389.77,390.21 1 5
dnstool/go-server/internal/templates/funcs.go:390.21,392.10 1 1
dnstool/go-server/internal/templates/funcs.go:393.9,394.28 2 4
dnstool/go-server/internal/templates/funcs.go:394.28,396.10 1 2
dnstool/go-server/internal/templates/funcs.go:397.9,398.16 2 2
dnstool/go-server/internal/templates/funcs.go:398.16,400.10 1 1
dnstool/go-server/internal/templates/funcs.go:401.9,401.19 1 1
dnstool/go-server/internal/templates/funcs.go:404.70,405.21 1 7
dnstool/go-server/internal/templates/funcs.go:405.21,407.10 1 1
dnstool/go-server/internal/templates/funcs.go:408.9,409.28 2 6
dnstool/go-server/internal/templates/funcs.go:409.28,411.10 1 2
dnstool/go-server/internal/templates/funcs.go:412.9,412.30 1 4
dnstool/go-server/internal/templates/funcs.go:413.28,414.25 1 1
dnstool/go-server/internal/templates/funcs.go:415.23,417.39 2 1
dnstool/go-server/internal/templates/funcs.go:417.39,419.18 1 2
dnstool/go-server/internal/templates/funcs.go:420.17,420.30 1 1
dnstool/go-server/internal/templates/funcs.go:421.39,423.37 2 1
dnstool/go-server/internal/templates/funcs.go:423.37,425.18 1 1
dnstool/go-server/internal/templates/funcs.go:426.17,426.30 1 1
dnstool/go-server/internal/templates/funcs.go:427.17,428.27 1 1
dnstool/go-server/internal/templates/funcs.go:432.49,433.21 1 2
dnstool/go-server/internal/templates/funcs.go:433.21,435.10 1 1
dnstool/go-server/internal/templates/funcs.go:436.9,437.26 2 1
dnstool/go-server/internal/templates/funcs.go:437.26,439.10 1 2
dnstool/go-server/internal/templates/funcs.go:440.9,440.20 1 1
dnstool/go-server/internal/templates/funcs.go:443.57,444.31 1 3
dnstool/go-server/internal/templates/funcs.go:444.31,446.10 1 1
dnstool/go-server/internal/templates/funcs.go:447.9,448.45 2 2
dnstool/go-server/internal/templates/funcs.go:448.45,450.24 2 3
dnstool/go-server/internal/templates/funcs.go:450.24,451.33 1 1
dnstool/go-server/internal/templates/funcs.go:453.17,453.37 1 2
dnstool/go-server/internal/templates/funcs.go:455.9,455.17 1 2
dnstool/go-server/internal/templates/funcs.go:458.32,461.2 2 2
dnstool/go-server/internal/templates/funcs.go:463.50,464.21 1 3
dnstool/go-server/internal/templates/funcs.go:464.21,466.10 1 1
dnstool/go-server/internal/templates/funcs.go:467.9,468.16 2 2
dnstool/go-server/internal/templates/funcs.go:468.16,470.10 1 1
dnstool/go-server/internal/templates/funcs.go:471.9,471.17 1 1
dnstool/go-server/internal/templates/funcs.go:474.34,488.2 1 4
dnstool/go-server/internal/templates/funcs.go:490.53,492.2 1 1
dnstool/go-server/internal/templates/funcs.go:494.32,496.39 2 1
dnstool/go-server/internal/templates/funcs.go:496.39,498.10 1 5
dnstool/go-server/internal/templates/funcs.go:499.9,499.22 1 1
dnstool/go-server/internal/templates/funcs.go:502.34,503.25 1 5
dnstool/go-server/internal/templates/funcs.go:504.56,505.28 1 4
dnstool/go-server/internal/templates/funcs.go:506.17,507.29 1 1
dnstool/go-server/internal/templates/funcs.go:511.58,512.28 1 2
dnstool/go-server/internal/templates/funcs.go:512.28,514.10 1 1
dnstool/go-server/internal/templates/funcs.go:515.9,515.25 1 1
dnstool/go-server/internal/templates/funcs.go:518.53,519.33 1 3
dnstool/go-server/internal/templates/funcs.go:519.33,521.10 1 2
dnstool/go-server/internal/templates/funcs.go:522.9,522.20 1 1
dnstool/go-server/internal/templates/funcs.go:525.31,526.30 1 6
dnstool/go-server/internal/templates/funcs.go:527.18,528.25 1 1
dnstool/go-server/internal/templates/funcs.go:529.20,530.30 1 1
dnstool/go-server/internal/templates/funcs.go:531.20,532.30 1 1
dnstool/go-server/internal/templates/funcs.go:533.22,534.30 1 1
dnstool/go-server/internal/templates/funcs.go:535.22,536.30 1 1
dnstool/go-server/internal/templates/funcs.go:537.17,538.25 1 1
dnstool/go-server/internal/templates/funcs.go:542.44,543.21 1 4
dnstool/go-server/internal/templates/funcs.go:543.21,545.10 1 1
dnstool/go-server/internal/templates/funcs.go:546.9,546.30 1 3
dnstool/go-server/internal/templates/funcs.go:547.23,548.25 1 1
dnstool/go-server/internal/templates/funcs.go:549.28,551.40 2 1
dnstool/go-server/internal/templates/funcs.go:551.40,552.57 1 3
dnstool/go-server/internal/templates/funcs.go:552.57,554.26 1 2
dnstool/go-server/internal/templates/funcs.go:556.17,556.30 1 1
dnstool/go-server/internal/templates/funcs.go:557.17,558.27 1 1
dnstool/go-server/internal/templates/funcs.go:562.57,563.21 1 4
dnstool/go-server/internal/templates/funcs.go:563.21,565.10 1 1
dnstool/go-server/internal/templates/funcs.go:566.9,566.30 1 3
dnstool/go-server/internal/templates/funcs.go:567.39,568.25 1 1
dnstool/go-server/internal/templates/funcs.go:569.28,571.40 2 1
dnstool/go-server/internal/templates/funcs.go:571.40,572.71 1 2
dnstool/go-server/internal/templates/funcs.go:572.71,574.26 1 1
dnstool/go-server/internal/templates/funcs.go:576.17,576.30 1 1
dnstool/go-server/internal/templates/funcs.go:577.17,578.27 1 1
dnstool/go-server/internal/templates/funcs.go:582.36,593.2 1 4
dnstool/go-server/internal/templates/funcs.go:595.36,596.25 1 131
dnstool/go-server/internal/templates/funcs.go:599.34,600.28 1 120
dnstool/go-server/internal/templates/funcs.go:601.17,602.29 1 11
dnstool/go-server/internal/templates/funcs.go:606.39,607.41 1 63
dnstool/go-server/internal/templates/funcs.go:607.41,609.10 1 54
dnstool/go-server/internal/templates/funcs.go:610.9,610.33 1 9
dnstool/go-server/internal/templates/funcs.go:610.33,612.10 1 3
dnstool/go-server/internal/templates/funcs.go:613.9,613.60 1 6
dnstool/go-server/internal/templates/funcs.go:616.57,617.35 1 40
dnstool/go-server/internal/templates/funcs.go:617.35,618.42 1 46
dnstool/go-server/internal/templates/funcs.go:618.42,620.18 1 22
dnstool/go-server/internal/templates/funcs.go:622.9,622.21 1 18
dnstool/go-server/internal/templates/funcs.go:625.36,625.63 1 17
dnstool/go-server/internal/templates/funcs.go:627.36,627.74 1 17
dnstool/go-server/internal/templates/funcs.go:628.36,628.75 1 3
dnstool/go-server/internal/templates/funcs.go:629.36,629.74 1 16
dnstool/go-server/internal/templates/funcs.go:630.36,630.75 1 3
dnstool/go-server/internal/templates/funcs.go:631.36,631.75 1 14
dnstool/go-server/internal/templates/funcs.go:632.36,632.75 1 14
dnstool/go-server/internal/templates/funcs.go:633.36,633.55 1 2
dnstool/go-server/internal/templates/funcs.go:634.36,634.55 1 2
dnstool/go-server/internal/templates/funcs.go:636.56,637.23 1 4
dnstool/go-server/internal/templates/funcs.go:637.23,639.10 1 1
dnstool/go-server/internal/templates/funcs.go:640.9,640.49 1 3
dnstool/go-server/internal/templates/funcs.go:640.49,642.10 1 1
dnstool/go-server/internal/templates/funcs.go:643.9,643.19 1 2
dnstool/go-server/internal/templates/funcs.go:646.48,647.32 1 3
dnstool/go-server/internal/templates/funcs.go:647.32,648.29 1 6
dnstool/go-server/internal/templates/funcs.go:648.29,649.33 1 3
dnstool/go-server/internal/templates/funcs.go:651.17,651.55 1 3
dnstool/go-server/internal/templates/funcs.go:651.55,652.33 1 1
dnstool/go-server/internal/templates/funcs.go:654.17,654.25 1 2
dnstool/go-server/internal/templates/funcs.go:656.9,656.19 1 1
dnstool/go-server/internal/templates/funcs.go:659.41,674.2 1 4
dnstool/go-server/internal/templates/funcs.go:698.45,699.70 1 8
dnstool/go-server/internal/templates/funcs.go:699.70,701.10 1 7
dnstool/go-server/internal/templates/funcs.go:702.9,702.30 1 1
dnstool/go-server/internal/templates/funcs.go:705.40,706.65 1 8
dnstool/go-server/internal/templates/funcs.go:706.65,708.10 1 7
dnstool/go-server/internal/templates/funcs.go:709.9,709.27 1 1
dnstool/go-server/internal/templates/funcs.go:712.38,713.27 1 4
dnstool/go-server/internal/templates/funcs.go:713.27,715.10 1 2
dnstool/go-server/internal/templates/funcs.go:716.9,719.38 4 2
dnstool/go-server/internal/templates/funcs.go:722.36,724.2 1 1
dnstool/go-server/internal/templates/funcs.go:726.52,728.45 2 1
dnstool/go-server/internal/templates/funcs.go:728.45,730.34 2 0
dnstool/go-server/internal/templates/funcs.go:730.34,732.18 1 0
dnstool/go-server/internal/templates/funcs.go:734.9,734.17 1 1
dnstool/go-server/internal/templates/funcs.go:737.35,739.23 2 2
dnstool/go-server/internal/templates/funcs.go:739.23,741.10 1 1
dnstool/go-server/internal/templates/funcs.go:742.9,742.25 1 1
dnstool/go-server/internal/templates/funcs.go:745.34,746.21 1 3
dnstool/go-server/internal/templates/funcs.go:746.21,748.10 1 1
dnstool/go-server/internal/templates/funcs.go:749.9,750.15 2 2
dnstool/go-server/internal/templates/funcs.go:750.15,752.10 1 1
dnstool/go-server/internal/templates/funcs.go:753.9,753.36 1 1
dnstool/go-server/internal/templates/funcs.go:756.67,758.19 2 3
dnstool/go-server/internal/templates/funcs.go:758.19,760.10 1 1
dnstool/go-server/internal/templates/funcs.go:761.9,761.22 1 2
dnstool/go-server/internal/templates/funcs.go:764.42,768.2 3 1
dnstool/go-server/internal/templates/funcs.go:770.38,785.2 1 4
dnstool/go-server/internal/templates/funcs.go:805.45,806.70 1 8
dnstool/go-server/internal/templates/funcs.go:806.70,808.10 1 7
dnstool/go-server/internal/templates/funcs.go:809.9,809.34 1 1
dnstool/go-server/internal/templates/funcs.go:812.46,813.71 1 7
dnstool/go-server/internal/templates/funcs.go:813.71,815.10 1 6
dnstool/go-server/internal/templates/funcs.go:816.9,816.26 1 1
dnstool/go-server/internal/templates/funcs.go:819.39,820.30 1 285
dnstool/go-server/internal/templates/funcs.go:821.18,822.34 1 159
dnstool/go-server/internal/templates/funcs.go:823.19,824.34 1 1
dnstool/go-server/internal/templates/funcs.go:825.20,826.34 1 1
dnstool/go-server/internal/templates/funcs.go:827.20,828.34 1 8
dnstool/go-server/internal/templates/funcs.go:829.20,830.34 1 8
dnstool/go-server/internal/templates/funcs.go:831.19,832.34 1 14
dnstool/go-server/internal/templates/funcs.go:833.20,834.34 1 1
dnstool/go-server/internal/templates/funcs.go:835.21,836.34 1 1
dnstool/go-server/internal/templates/funcs.go:837.21,838.34 1 1
dnstool/go-server/internal/templates/funcs.go:839.21,840.34 1 1
dnstool/go-server/internal/templates/funcs.go:841.22,842.34 1 8
dnstool/go-server/internal/templates/funcs.go:843.22,844.25 1 77
dnstool/go-server/internal/templates/funcs.go:845.21,846.68 1 4
dnstool/go-server/internal/templates/funcs.go:846.68,848.18 1 3
dnstool/go-server/internal/templates/funcs.go:849.17,849.25 1 1
dnstool/go-server/internal/templates/funcs.go:850.17,851.25 1 1
dnstool/go-server/internal/notifier/notifier.go:44.42,51.2 1 1
dnstool/go-server/internal/notifier/notifier.go:72.41,73.42 1 22
dnstool/go-server/internal/notifier/notifier.go:74.25,75.32 1 5
dnstool/go-server/internal/notifier/notifier.go:76.21,77.32 1 6
dnstool/go-server/internal/notifier/notifier.go:78.23,79.32 1 3
dnstool/go-server/internal/notifier/notifier.go:80.20,81.32 1 5
dnstool/go-server/internal/notifier/notifier.go:82.17,83.32 1 3
dnstool/go-server/internal/notifier/notifier.go:87.86,89.23 2 7
dnstool/go-server/internal/notifier/notifier.go:89.23,91.10 1 1
dnstool/go-server/internal/notifier/notifier.go:92.9,92.30 1 6
dnstool/go-server/internal/notifier/notifier.go:92.30,94.10 1 1
dnstool/go-server/internal/notifier/notifier.go:96.9,97.39 2 5
dnstool/go-server/internal/notifier/notifier.go:97.39,98.48 1 6
dnstool/go-server/internal/notifier/notifier.go:98.48,100.18 1 5
dnstool/go-server/internal/notifier/notifier.go:102.9,102.30 1 5
dnstool/go-server/internal/notifier/notifier.go:105.104,106.44 1 6
dnstool/go-server/internal/notifier/notifier.go:106.44,108.10 1 4
dnstool/go-server/internal/notifier/notifier.go:109.9,109.48 1 2
dnstool/go-server/internal/notifier/notifier.go:112.99,124.29 5 6
dnstool/go-server/internal/notifier/notifier.go:124.29,129.10 1 1
dnstool/go-server/internal/notifier/notifier.go:130.9,130.30 1 6
dnstool/go-server/internal/notifier/notifier.go:133.84,137.25 4 6
dnstool/go-server/internal/notifier/notifier.go:137.25,140.10 2 5
dnstool/go-server/internal/notifier/notifier.go:141.9,141.27 1 6
dnstool/go-server/internal/notifier/notifier.go:141.27,145.10 3 1
dnstool/go-server/internal/notifier/notifier.go:146.9,146.42 1 6
dnstool/go-server/internal/notifier/notifier.go:149.92,150.27 1 6
dnstool/go-server/internal/notifier/notifier.go:150.27,159.10 2 1
dnstool/go-server/internal/notifier/notifier.go:160.9,165.10 1 5
dnstool/go-server/internal/notifier/notifier.go:168.49,174.69 2 10
dnstool/go-server/internal/notifier/notifier.go:174.69,176.10 1 5
dnstool/go-server/internal/notifier/notifier.go:177.9,178.39 2 5
dnstool/go-server/internal/notifier/notifier.go:178.39,184.10 1 2
dnstool/go-server/internal/notifier/notifier.go:185.9,185.22 1 5
dnstool/go-server/internal/notifier/notifier.go:188.105,189.26 1 11
dnstool/go-server/internal/notifier/notifier.go:189.26,190.61 1 2
dnstool/go-server/internal/notifier/notifier.go:190.61,192.18 1 1
dnstool/go-server/internal/notifier/notifier.go:195.9,211.23 4 10
dnstool/go-server/internal/notifier/notifier.go:211.23,213.10 1 0
dnstool/go-server/internal/notifier/notifier.go:215.9,216.23 2 10
dnstool/go-server/internal/notifier/notifier.go:216.23,218.10 1 0
dnstool/go-server/internal/notifier/notifier.go:219.9,222.23 3 10
dnstool/go-server/internal/notifier/notifier.go:222.23,224.10 1 2
dnstool/go-server/internal/notifier/notifier.go:225.9,227.60 2 8
dnstool/go-server/internal/notifier/notifier.go:227.60,229.35 2 1
dnstool/go-server/internal/notifier/notifier.go:229.35,231.18 1 0
dnstool/go-server/internal/notifier/notifier.go:232.17,232.113 1 1
dnstool/go-server/internal/notifier/notifier.go:234.9,234.36 1 7
dnstool/go-server/internal/notifier/notifier.go:237.112,238.26 1 9
dnstool/go-server/internal/notifier/notifier.go:238.26,239.61 1 2
dnstool/go-server/internal/notifier/notifier.go:239.61,241.18 1 1
dnstool/go-server/internal/notifier/notifier.go:244.9,251.39 2 8
dnstool/go-server/internal/notifier/notifier.go:251.39,254.10 2 3
dnstool/go-server/internal/notifier/notifier.go:256.9,257.23 2 8
dnstool/go-server/internal/notifier/notifier.go:257.23,259.10 1 0
dnstool/go-server/internal/notifier/notifier.go:261.9,262.23 2 8
dnstool/go-server/internal/notifier/notifier.go:262.23,264.10 1 0
dnstool/go-server/internal/notifier/notifier.go:265.9,266.55 2 8
dnstool/go-server/internal/notifier/notifier.go:266.55,268.10 1 1
dnstool/go-server/internal/notifier/notifier.go:270.9,271.23 2 8
dnstool/go-server/internal/notifier/notifier.go:271.23,273.10 1 1
dnstool/go-server/internal/notifier/notifier.go:274.9,276.60 2 7
dnstool/go-server/internal/notifier/notifier.go:276.60,278.35 2 1
dnstool/go-server/internal/notifier/notifier.go:278.35,280.18 1 0
dnstool/go-server/internal/notifier/notifier.go:281.17,281.113 1 1
dnstool/go-server/internal/notifier/notifier.go:283.9,283.36 1 6
dnstool/go-server/internal/notifier/notifier.go:286.82,305.23 3 4
dnstool/go-server/internal/notifier/notifier.go:305.23,307.10 1 0
dnstool/go-server/internal/notifier/notifier.go:309.9,310.23 2 4
dnstool/go-server/internal/notifier/notifier.go:310.23,312.10 1 1
dnstool/go-server/internal/notifier/notifier.go:313.9,316.23 3 3
dnstool/go-server/internal/notifier/notifier.go:316.23,318.10 1 1
dnstool/go-server/internal/notifier/notifier.go:319.9,321.60 2 2
dnstool/go-server/internal/notifier/notifier.go:321.60,323.35 2 1
dnstool/go-server/internal/notifier/notifier.go:323.35,325.18 1 0
dnstool/go-server/internal/notifier/notifier.go:326.17,326.96 1 1
dnstool/go-server/internal/notifier/notifier.go:328.9,328.19 1 1
dnstool/go-server/internal/notifier/notifier.go:331.38,333.23 2 4
dnstool/go-server/internal/notifier/notifier.go:333.23,335.10 1 2
dnstool/go-server/internal/notifier/notifier.go:336.9,336.54 1 2
dnstool/go-server/internal/notifier/notifier.go:336.54,338.10 1 0
dnstool/go-server/internal/notifier/notifier.go:339.9,340.23 2 2
dnstool/go-server/internal/notifier/notifier.go:340.23,342.10 1 0
dnstool/go-server/internal/notifier/notifier.go:343.9,344.23 2 2
dnstool/go-server/internal/notifier/notifier.go:344.23,346.10 1 0
dnstool/go-server/internal/notifier/notifier.go:347.9,347.35 1 2
dnstool/go-server/internal/notifier/notifier.go:347.35,349.30 2 2
dnstool/go-server/internal/notifier/notifier.go:349.30,350.33 1 0
dnstool/go-server/internal/notifier/notifier.go:352.17,352.110 1 2
dnstool/go-server/internal/notifier/notifier.go:352.110,354.18 1 0
dnstool/go-server/internal/notifier/notifier.go:356.9,356.19 1 2
dnstool/go-server/internal/notifier/notifier.go:359.43,360.41 1 17
dnstool/go-server/internal/notifier/notifier.go:360.41,362.10 1 0
dnstool/go-server/internal/telemetry/cache.go:35.83,46.2 3 26
dnstool/go-server/internal/telemetry/cache.go:48.49,53.9 4 255
dnstool/go-server/internal/telemetry/cache.go:53.9,59.3 5 36
dnstool/go-server/internal/telemetry/cache.go:61.2,61.39 1 219
dnstool/go-server/internal/telemetry/cache.go:61.39,68.3 6 4
dnstool/go-server/internal/telemetry/cache.go:70.2,74.26 4 215
dnstool/go-server/internal/telemetry/cache.go:77.48,81.31 3 205
dnstool/go-server/internal/telemetry/cache.go:81.31,83.3 1 3
dnstool/go-server/internal/telemetry/cache.go:85.2,88.3 1 205
dnstool/go-server/internal/telemetry/cache.go:91.42,97.15 5 65
dnstool/go-server/internal/telemetry/cache.go:97.15,99.3 1 56
dnstool/go-server/internal/telemetry/cache.go:101.2,108.3 1 65
dnstool/go-server/internal/telemetry/cache.go:111.37,116.34 4 3
dnstool/go-server/internal/telemetry/cache.go:116.34,117.50 1 6
dnstool/go-server/internal/telemetry/cache.go:117.50,121.4 3 4
dnstool/go-server/internal/telemetry/cache.go:124.2,124.12 1 3
dnstool/go-server/internal/telemetry/cache.go:124.12,126.3 1 3
dnstool/go-server/internal/telemetry/cache.go:129.37,132.21 3 26
dnstool/go-server/internal/telemetry/cache.go:132.21,135.35 3 0
dnstool/go-server/internal/telemetry/cache.go:135.35,136.34 1 0
dnstool/go-server/internal/telemetry/cache.go:136.34,138.5 1 0
dnstool/go-server/internal/telemetry/cache.go:140.3,140.16 1 0
dnstool/go-server/internal/telemetry/cache.go:144.38,145.12 1 56
dnstool/go-server/internal/telemetry/cache.go:145.12,147.3 1 1
dnstool/go-server/internal/telemetry/cache.go:148.2,148.29 1 55
dnstool/go-server/internal/telemetry/cache.go:151.43,153.11 2 55
dnstool/go-server/internal/telemetry/cache.go:153.11,155.3 1 0
dnstool/go-server/internal/telemetry/cache.go:157.2,158.28 2 55
dnstool/go-server/internal/telemetry/cache.go:158.28,160.3 1 55
dnstool/go-server/internal/telemetry/cache.go:161.2,167.18 5 55
dnstool/go-server/internal/telemetry/cache.go:167.18,169.3 1 0
dnstool/go-server/internal/telemetry/cache.go:169.8,170.19 1 55
dnstool/go-server/internal/telemetry/cache.go:170.19,173.4 2 161
dnstool/go-server/internal/telemetry/cache.go:176.2,176.14 1 55
dnstool/go-server/internal/telemetry/cache.go:176.14,179.29 3 55
dnstool/go-server/internal/telemetry/cache.go:179.29,182.4 2 55
dnstool/go-server/internal/telemetry/cache.go:183.3,183.10 1 55
dnstool/go-server/internal/telemetry/cache.go:186.2,186.10 1 55
dnstool/go-server/internal/telemetry/telemetry.go:64.30,68.2 1 34
dnstool/go-server/internal/telemetry/telemetry.go:70.55,74.8 4 1783
dnstool/go-server/internal/telemetry/telemetry.go:74.8,76.3 1 1737
dnstool/go-server/internal/telemetry/telemetry.go:78.2,80.35 3 46
dnstool/go-server/internal/telemetry/telemetry.go:80.35,82.3 1 0
dnstool/go-server/internal/telemetry/telemetry.go:83.2,88.10 3 46
dnstool/go-server/internal/telemetry/telemetry.go:91.70,106.39 13 363
dnstool/go-server/internal/telemetry/telemetry.go:106.39,109.3 2 1
dnstool/go-server/internal/telemetry/telemetry.go:112.55,124.43 10 365
dnstool/go-server/internal/telemetry/telemetry.go:124.43,130.3 2 196
dnstool/go-server/internal/telemetry/telemetry.go:133.49,137.9 4 4
dnstool/go-server/internal/telemetry/telemetry.go:137.9,139.3 1 0
dnstool/go-server/internal/telemetry/telemetry.go:141.2,143.30 3 4
dnstool/go-server/internal/telemetry/telemetry.go:143.30,145.3 1 1
dnstool/go-server/internal/telemetry/telemetry.go:146.2,146.43 1 3
dnstool/go-server/internal/telemetry/telemetry.go:149.56,154.2 4 1055
dnstool/go-server/internal/telemetry/telemetry.go:156.47,159.32 3 5
dnstool/go-server/internal/telemetry/telemetry.go:159.32,161.3 1 17
dnstool/go-server/internal/telemetry/telemetry.go:162.2,165.29 3 5
dnstool/go-server/internal/telemetry/telemetry.go:165.29,167.3 1 17
dnstool/go-server/internal/telemetry/telemetry.go:168.2,168.14 1 5
dnstool/go-server/internal/telemetry/telemetry.go:171.42,181.31 2 1055
dnstool/go-server/internal/telemetry/telemetry.go:181.31,184.3 2 38
dnstool/go-server/internal/telemetry/telemetry.go:185.2,185.29 1 1055
dnstool/go-server/internal/telemetry/telemetry.go:185.29,188.3 2 1025
dnstool/go-server/internal/telemetry/telemetry.go:190.2,190.9 1 1055
dnstool/go-server/internal/telemetry/telemetry.go:191.46,192.22 1 9
dnstool/go-server/internal/telemetry/telemetry.go:193.45,194.21 1 13
dnstool/go-server/internal/telemetry/telemetry.go:195.10,196.20 1 1033
dnstool/go-server/internal/telemetry/telemetry.go:199.2,200.62 2 1055
dnstool/go-server/internal/telemetry/telemetry.go:200.62,204.3 3 22
dnstool/go-server/internal/telemetry/telemetry.go:206.2,207.19 2 1055
dnstool/go-server/internal/telemetry/telemetry.go:207.19,209.3 1 1
dnstool/go-server/internal/telemetry/telemetry.go:210.2,210.15 1 1055
dnstool/go-server/internal/telemetry/telemetry.go:210.15,216.3 5 1025
dnstool/go-server/internal/telemetry/telemetry.go:218.2,218.10 1 1055
dnstool/go-server/internal/telemetry/telemetry.go:221.40,222.20 1 1025
dnstool/go-server/internal/telemetry/telemetry.go:222.20,224.3 1 0
dnstool/go-server/internal/telemetry/telemetry.go:225.2,226.25 2 1025
dnstool/go-server/internal/telemetry/telemetry.go:226.25,228.3 1 50313
dnstool/go-server/internal/telemetry/telemetry.go:229.2,229.33 1 1025
dnstool/go-server/internal/zoneparse/drift.go:42.88,65.2 13 6
dnstool/go-server/internal/zoneparse/drift.go:67.80,69.34 2 8
dnstool/go-server/internal/zoneparse/drift.go:69.34,70.41 1 9
dnstool/go-server/internal/zoneparse/drift.go:70.41,71.29 1 3
dnstool/go-server/internal/zoneparse/drift.go:71.29,80.5 1 3
dnstool/go-server/internal/zoneparse/drift.go:83.2,83.16 1 8
dnstool/go-server/internal/zoneparse/drift.go:86.82,88.34 2 8
dnstool/go-server/internal/zoneparse/drift.go:88.34,89.41 1 8
dnstool/go-server/internal/zoneparse/drift.go:89.41,90.29 1 2
dnstool/go-server/internal/zoneparse/drift.go:90.29,99.5 1 2
dnstool/go-server/internal/zoneparse/drift.go:102.2,102.16 1 8
dnstool/go-server/internal/zoneparse/drift.go:105.104,107.34 2 10
dnstool/go-server/internal/zoneparse/drift.go:107.34,109.14 2 10
dnstool/go-server/internal/zoneparse/drift.go:109.14,110.12 1 3
dnstool/go-server/internal/zoneparse/drift.go:113.3,114.28 2 7
dnstool/go-server/internal/zoneparse/drift.go:114.28,116.4 1 7
dnstool/go-server/internal/zoneparse/drift.go:117.3,118.28 2 7
dnstool/go-server/internal/zoneparse/drift.go:118.28,120.4 1 7
dnstool/go-server/internal/zoneparse/drift.go:122.3,124.34 3 7
dnstool/go-server/internal/zoneparse/drift.go:126.2,126.25 1 10
dnstool/go-server/internal/zoneparse/drift.go:129.101,134.36 4 7
dnstool/go-server/internal/zoneparse/drift.go:134.36,135.44 1 7
dnstool/go-server/internal/zoneparse/drift.go:135.44,136.20 1 5
dnstool/go-server/internal/zoneparse/drift.go:136.20,147.5 1 2
dnstool/go-server/internal/zoneparse/drift.go:148.9,150.29 2 2
dnstool/go-server/internal/zoneparse/drift.go:150.29,152.5 1 2
dnstool/go-server/internal/zoneparse/drift.go:153.4,161.6 1 2
dnstool/go-server/internal/zoneparse/drift.go:164.2,164.25 1 7
dnstool/go-server/internal/zoneparse/drift.go:167.71,169.28 2 14
dnstool/go-server/internal/zoneparse/drift.go:169.28,172.3 2 14
dnstool/go-server/internal/zoneparse/drift.go:173.2,173.10 1 14
dnstool/go-server/internal/zoneparse/drift.go:176.38,180.2 3 19
dnstool/go-server/internal/zoneparse/drift.go:182.64,186.18 3 10
dnstool/go-server/internal/zoneparse/drift.go:186.18,188.3 1 3
dnstool/go-server/internal/zoneparse/drift.go:190.2,192.45 3 7
dnstool/go-server/internal/zoneparse/drift.go:192.45,194.3 1 7
dnstool/go-server/internal/zoneparse/drift.go:195.2,198.33 3 7
dnstool/go-server/internal/zoneparse/drift.go:198.33,200.3 1 56
dnstool/go-server/internal/zoneparse/drift.go:202.2,202.16 1 7
[...]
dnstool/go-server/internal/dnsclient/client.go:278.22,280.4 1 16
dnstool/go-server/internal/dnsclient/client.go:283.2,283.24 1 5
dnstool/go-server/internal/dnsclient/client.go:283.24,285.25 2 16
dnstool/go-server/internal/dnsclient/client.go:285.25,287.4 1 0
dnstool/go-server/internal/dnsclient/client.go:289.2,289.12 1 5
dnstool/go-server/internal/dnsclient/client.go:292.96,293.38 1 7
dnstool/go-server/internal/dnsclient/client.go:293.38,295.3 1 5
dnstool/go-server/internal/dnsclient/client.go:297.2,298.29 2 2
dnstool/go-server/internal/dnsclient/client.go:298.29,300.3 1 1
dnstool/go-server/internal/dnsclient/client.go:302.2,302.59 1 1
dnstool/go-server/internal/dnsclient/client.go:305.104,310.39 4 3
dnstool/go-server/internal/dnsclient/client.go:310.39,311.22 1 6
dnstool/go-server/internal/dnsclient/client.go:311.22,313.4 1 6
dnstool/go-server/internal/dnsclient/client.go:316.2,316.24 1 3
dnstool/go-server/internal/dnsclient/client.go:316.24,318.25 2 6
dnstool/go-server/internal/dnsclient/client.go:318.25,320.4 1 0
dnstool/go-server/internal/dnsclient/client.go:322.2,322.24 1 3
dnstool/go-server/internal/dnsclient/client.go:325.125,327.16 2 24
dnstool/go-server/internal/dnsclient/client.go:327.16,329.3 1 2
dnstool/go-server/internal/dnsclient/client.go:331.2,338.16 6 22
dnstool/go-server/internal/dnsclient/client.go:338.16,340.3 1 22
dnstool/go-server/internal/dnsclient/client.go:342.2,342.35 1 0
dnstool/go-server/internal/dnsclient/client.go:342.35,344.3 1 0
dnstool/go-server/internal/dnsclient/client.go:346.2,347.30 2 0
dnstool/go-server/internal/dnsclient/client.go:347.30,349.14 2 0
dnstool/go-server/internal/dnsclient/client.go:349.14,351.4 1 0
dnstool/go-server/internal/dnsclient/client.go:353.2,354.32 2 0
dnstool/go-server/internal/dnsclient/client.go:357.101,358.38 1 26
dnstool/go-server/internal/dnsclient/client.go:358.38,360.3 1 9
dnstool/go-server/internal/dnsclient/client.go:362.2,372.32 5 17
dnstool/go-server/internal/dnsclient/client.go:372.32,373.36 1 21
dnstool/go-server/internal/dnsclient/client.go:373.36,376.4 2 21
dnstool/go-server/internal/dnsclient/client.go:379.2,380.40 2 17
dnstool/go-server/internal/dnsclient/client.go:380.40,381.10 1 21
dnstool/go-server/internal/dnsclient/client.go:382.19,383.20 1 17
dnstool/go-server/internal/dnsclient/client.go:383.20,385.5 1 0
dnstool/go-server/internal/dnsclient/client.go:385.10,387.5 1 17
dnstool/go-server/internal/dnsclient/client.go:388.22,389.9 1 4
dnstool/go-server/internal/dnsclient/client.go:393.2,393.31 1 17
dnstool/go-server/internal/dnsclient/client.go:393.31,401.3 2 17
dnstool/go-server/internal/dnsclient/client.go:403.2,404.14 2 0
dnstool/go-server/internal/dnsclient/client.go:404.14,406.3 1 0
dnstool/go-server/internal/dnsclient/client.go:408.2,414.3 1 0
dnstool/go-server/internal/dnsclient/client.go:417.114,419.42 2 16
dnstool/go-server/internal/dnsclient/client.go:419.42,422.3 2 42
dnstool/go-server/internal/dnsclient/client.go:424.2,426.37 3 16
dnstool/go-server/internal/dnsclient/client.go:426.37,427.30 1 23
dnstool/go-server/internal/dnsclient/client.go:427.30,430.4 2 15
dnstool/go-server/internal/dnsclient/client.go:433.2,433.25 1 16
dnstool/go-server/internal/dnsclient/client.go:433.25,435.44 2 12
dnstool/go-server/internal/dnsclient/client.go:435.44,437.4 1 0
dnstool/go-server/internal/dnsclient/client.go:440.2,441.14 2 16
dnstool/go-server/internal/dnsclient/client.go:441.14,442.46 1 6
dnstool/go-server/internal/dnsclient/client.go:442.46,444.28 2 16
dnstool/go-server/internal/dnsclient/client.go:444.28,446.5 1 8
dnstool/go-server/internal/dnsclient/client.go:449.2,449.8 1 16
dnstool/go-server/internal/dnsclient/client.go:452.95,472.35 7 4
dnstool/go-server/internal/dnsclient/client.go:472.35,473.30 1 16
dnstool/go-server/internal/dnsclient/client.go:473.30,476.4 2 16
dnstool/go-server/internal/dnsclient/client.go:479.2,484.42 5 4
dnstool/go-server/internal/dnsclient/client.go:484.42,485.10 1 16
dnstool/go-server/internal/dnsclient/client.go:486.19,493.31 3 12
dnstool/go-server/internal/dnsclient/client.go:493.31,495.50 2 0
dnstool/go-server/internal/dnsclient/client.go:495.50,497.6 1 0
dnstool/go-server/internal/dnsclient/client.go:499.22,500.9 1 4
dnstool/go-server/internal/dnsclient/client.go:504.2,508.15 5 4
dnstool/go-server/internal/dnsclient/client.go:511.85,515.49 3 4
dnstool/go-server/internal/dnsclient/client.go:515.49,524.17 7 5
dnstool/go-server/internal/dnsclient/client.go:524.17,525.21 1 2
dnstool/go-server/internal/dnsclient/client.go:525.21,529.5 3 0
dnstool/go-server/internal/dnsclient/client.go:530.4,531.12 2 2
dnstool/go-server/internal/dnsclient/client.go:534.3,534.36 1 3
dnstool/go-server/internal/dnsclient/client.go:534.36,538.4 3 1
dnstool/go-server/internal/dnsclient/client.go:540.3,540.25 1 2
dnstool/go-server/internal/dnsclient/client.go:540.25,545.19 5 1
dnstool/go-server/internal/dnsclient/client.go:545.19,547.5 1 1
dnstool/go-server/internal/dnsclient/client.go:550.3,550.26 1 2
dnstool/go-server/internal/dnsclient/client.go:550.26,555.4 4 2
dnstool/go-server/internal/dnsclient/client.go:556.3,559.16 4 0
dnstool/go-server/internal/dnsclient/client.go:562.2,564.15 3 1
dnstool/go-server/internal/dnsclient/client.go:567.87,570.2 2 2
dnstool/go-server/internal/dnsclient/client.go:572.113,575.16 3 8
dnstool/go-server/internal/dnsclient/client.go:575.16,577.3 1 0
dnstool/go-server/internal/dnsclient/client.go:579.2,581.15 3 8
dnstool/go-server/internal/dnsclient/client.go:584.118,586.16 2 3
dnstool/go-server/internal/dnsclient/client.go:586.16,588.3 1 1
dnstool/go-server/internal/dnsclient/client.go:590.2,596.16 6 2
dnstool/go-server/internal/dnsclient/client.go:596.16,598.3 1 2
dnstool/go-server/internal/dnsclient/client.go:600.2,600.35 1 0
dnstool/go-server/internal/dnsclient/client.go:600.35,602.3 1 0
dnstool/go-server/internal/dnsclient/client.go:604.2,605.30 2 0
dnstool/go-server/internal/dnsclient/client.go:605.30,607.14 2 0
dnstool/go-server/internal/dnsclient/client.go:607.14,609.4 1 0
dnstool/go-server/internal/dnsclient/client.go:611.2,611.21 1 0
dnstool/go-server/internal/dnsclient/client.go:614.117,616.16 2 3
dnstool/go-server/internal/dnsclient/client.go:616.16,618.3 1 1
dnstool/go-server/internal/dnsclient/client.go:620.2,626.16 6 2
dnstool/go-server/internal/dnsclient/client.go:626.16,628.3 1 2
dnstool/go-server/internal/dnsclient/client.go:630.2,630.35 1 0
dnstool/go-server/internal/dnsclient/client.go:630.35,632.3 1 0
dnstool/go-server/internal/dnsclient/client.go:634.2,636.30 3 0
dnstool/go-server/internal/dnsclient/client.go:636.30,638.14 2 0
dnstool/go-server/internal/dnsclient/client.go:638.14,640.18 2 0
dnstool/go-server/internal/dnsclient/client.go:640.18,643.5 2 0
dnstool/go-server/internal/dnsclient/client.go:646.2,646.50 1 0
dnstool/go-server/internal/dnsclient/client.go:649.84,652.2 2 24
dnstool/go-server/internal/dnsclient/client.go:664.96,666.16 2 36
dnstool/go-server/internal/dnsclient/client.go:666.16,668.3 1 0
dnstool/go-server/internal/dnsclient/client.go:670.2,679.16 9 36
dnstool/go-server/internal/dnsclient/client.go:679.16,682.3 2 8
dnstool/go-server/internal/dnsclient/client.go:683.2,685.38 2 28
dnstool/go-server/internal/dnsclient/client.go:685.38,687.3 1 1
dnstool/go-server/internal/dnsclient/client.go:689.2,690.16 2 27
dnstool/go-server/internal/dnsclient/client.go:690.16,692.3 1 0
dnstool/go-server/internal/dnsclient/client.go:694.2,694.43 1 27
dnstool/go-server/internal/dnsclient/client.go:697.69,699.40 2 67
dnstool/go-server/internal/dnsclient/client.go:699.40,701.3 1 3
dnstool/go-server/internal/dnsclient/client.go:703.2,703.22 1 64
dnstool/go-server/internal/dnsclient/client.go:703.22,705.3 1 9
dnstool/go-server/internal/dnsclient/client.go:707.2,707.27 1 55
dnstool/go-server/internal/dnsclient/client.go:707.27,709.3 1 8
dnstool/go-server/internal/dnsclient/client.go:711.2,715.37 5 47
dnstool/go-server/internal/dnsclient/client.go:715.37,716.53 1 92
dnstool/go-server/internal/dnsclient/client.go:716.53,717.12 1 18
dnstool/go-server/internal/dnsclient/client.go:719.3,720.15 2 74
dnstool/go-server/internal/dnsclient/client.go:720.15,721.12 1 2
dnstool/go-server/internal/dnsclient/client.go:723.3,723.48 1 72
dnstool/go-server/internal/dnsclient/client.go:723.48,725.4 1 9
dnstool/go-server/internal/dnsclient/client.go:726.3,726.16 1 72
dnstool/go-server/internal/dnsclient/client.go:726.16,729.4 2 70
dnstool/go-server/internal/dnsclient/client.go:730.3,730.17 1 72
dnstool/go-server/internal/dnsclient/client.go:730.17,733.4 2 46
dnstool/go-server/internal/dnsclient/client.go:736.2,736.74 1 47
dnstool/go-server/internal/dnsclient/client.go:739.94,748.16 7 3
dnstool/go-server/internal/dnsclient/client.go:748.16,751.17 3 1
dnstool/go-server/internal/dnsclient/client.go:751.17,753.4 1 1
dnstool/go-server/internal/dnsclient/client.go:756.2,756.35 1 2
dnstool/go-server/internal/dnsclient/client.go:756.35,758.3 1 1
dnstool/go-server/internal/dnsclient/client.go:760.2,762.30 3 1
dnstool/go-server/internal/dnsclient/client.go:762.30,763.25 1 0
dnstool/go-server/internal/dnsclient/client.go:764.15,765.15 1 0
dnstool/go-server/internal/dnsclient/client.go:766.19,767.25 1 0
dnstool/go-server/internal/dnsclient/client.go:767.25,769.5 1 0
dnstool/go-server/internal/dnsclient/client.go:773.2,773.31 1 1
dnstool/go-server/internal/dnsclient/client.go:773.31,775.3 1 0
dnstool/go-server/internal/dnsclient/client.go:776.2,776.18 1 1
dnstool/go-server/internal/dnsclient/client.go:779.96,782.2 2 19
dnstool/go-server/internal/dnsclient/client.go:784.108,786.16 2 28
dnstool/go-server/internal/dnsclient/client.go:786.16,788.3 1 4
dnstool/go-server/internal/dnsclient/client.go:790.2,798.16 7 24
dnstool/go-server/internal/dnsclient/client.go:798.16,800.3 1 21
dnstool/go-server/internal/dnsclient/client.go:802.2,802.35 1 3
dnstool/go-server/internal/dnsclient/client.go:802.35,804.3 1 0
dnstool/go-server/internal/dnsclient/client.go:806.2,808.30 3 3
dnstool/go-server/internal/dnsclient/client.go:808.30,809.71 1 0
dnstool/go-server/internal/dnsclient/client.go:809.71,810.12 1 0
dnstool/go-server/internal/dnsclient/client.go:812.3,813.14 2 0
dnstool/go-server/internal/dnsclient/client.go:813.14,815.18 2 0
dnstool/go-server/internal/dnsclient/client.go:815.18,818.5 2 0
dnstool/go-server/internal/dnsclient/client.go:822.2,822.86 1 3
dnstool/go-server/internal/dnsclient/client.go:825.54,835.2 1 66
dnstool/go-server/internal/dnsclient/client.go:837.34,839.2 1 7
dnstool/go-server/internal/dnsclient/client.go:841.28,842.7 1 23
dnstool/go-server/internal/dnsclient/client.go:842.7,844.3 1 11
dnstool/go-server/internal/dnsclient/client.go:845.2,845.10 1 12
dnstool/go-server/internal/dnsclient/domain.go:19.51,25.16 5 76
dnstool/go-server/internal/dnsclient/domain.go:25.16,26.65 1 19
dnstool/go-server/internal/dnsclient/domain.go:26.65,28.33 2 4
dnstool/go-server/internal/dnsclient/domain.go:28.33,29.105 1 4
dnstool/go-server/internal/dnsclient/domain.go:29.105,31.6 1 4
dnstool/go-server/internal/dnsclient/domain.go:33.4,33.22 1 0
dnstool/go-server/internal/dnsclient/domain.go:35.3,35.17 1 15
dnstool/go-server/internal/dnsclient/domain.go:37.2,37.19 1 57
dnstool/go-server/internal/dnsclient/domain.go:42.41,43.39 1 63
dnstool/go-server/internal/dnsclient/domain.go:43.39,45.3 1 2
dnstool/go-server/internal/dnsclient/domain.go:47.2,50.18 4 61
dnstool/go-server/internal/dnsclient/domain.go:50.18,52.3 1 3
dnstool/go-server/internal/dnsclient/domain.go:54.2,55.16 2 58
dnstool/go-server/internal/dnsclient/domain.go:55.16,57.3 1 17
dnstool/go-server/internal/dnsclient/domain.go:59.2,59.101 1 41
dnstool/go-server/internal/dnsclient/domain.go:59.101,61.3 1 1
dnstool/go-server/internal/dnsclient/domain.go:63.2,65.22 2 40
dnstool/go-server/internal/dnsclient/domain.go:65.22,67.3 1 1
dnstool/go-server/internal/dnsclient/domain.go:69.2,69.33 1 39
dnstool/go-server/internal/dnsclient/domain.go:69.33,71.3 1 2
dnstool/go-server/internal/dnsclient/domain.go:73.2,73.29 1 37
dnstool/go-server/internal/dnsclient/domain.go:73.29,75.3 1 1
dnstool/go-server/internal/dnsclient/domain.go:77.2,77.43 1 36
dnstool/go-server/internal/dnsclient/domain.go:80.37,84.13 4 32
dnstool/go-server/internal/dnsclient/domain.go:84.13,86.3 1 8
dnstool/go-server/internal/dnsclient/domain.go:87.2,87.52 1 24
dnstool/go-server/internal/dnsclient/domain.go:90.43,91.31 1 60
dnstool/go-server/internal/dnsclient/domain.go:91.31,92.37 1 143
dnstool/go-server/internal/dnsclient/domain.go:92.37,94.4 1 5
dnstool/go-server/internal/dnsclient/domain.go:95.3,95.69 1 138
dnstool/go-server/internal/dnsclient/domain.go:95.69,97.4 1 5
dnstool/go-server/internal/dnsclient/domain.go:98.3,98.37 1 133
dnstool/go-server/internal/dnsclient/domain.go:98.37,100.4 1 4
dnstool/go-server/internal/dnsclient/domain.go:102.2,102.13 1 46
dnstool/go-server/internal/dnsclient/domain.go:105.35,107.2 1 81
dnstool/go-server/internal/dnsclient/domain.go:109.35,111.21 2 25
dnstool/go-server/internal/dnsclient/domain.go:111.21,113.3 1 0
dnstool/go-server/internal/dnsclient/domain.go:114.2,114.45 1 25
dnstool/go-server/internal/dnsclient/domain.go:117.75,119.36 2 5
dnstool/go-server/internal/dnsclient/domain.go:119.36,122.23 3 4
dnstool/go-server/internal/dnsclient/domain.go:122.23,124.4 1 2
dnstool/go-server/internal/dnsclient/domain.go:126.2,126.11 1 3
dnstool/go-server/internal/dnsclient/exports_ice.go:6.120,8.2 1 1
dnstool/go-server/internal/dnsclient/http.go:28.42,30.2 1 24
dnstool/go-server/internal/dnsclient/http.go:32.74,42.70 1 27
dnstool/go-server/internal/dnsclient/http.go:42.70,43.22 1 1
dnstool/go-server/internal/dnsclient/http.go:43.22,45.6 1 0
dnstool/go-server/internal/dnsclient/http.go:46.5,46.45 1 1
dnstool/go-server/internal/dnsclient/http.go:46.45,48.6 1 1
dnstool/go-server/internal/dnsclient/http.go:49.5,49.15 1 0
dnstool/go-server/internal/dnsclient/http.go:56.42,67.70 1 14
dnstool/go-server/internal/dnsclient/http.go:67.70,68.22 1 0
dnstool/go-server/internal/dnsclient/http.go:68.22,70.6 1 0
dnstool/go-server/internal/dnsclient/http.go:71.5,71.15 1 0
dnstool/go-server/internal/dnsclient/http.go:99.46,101.2 1 52
dnstool/go-server/internal/dnsclient/http.go:103.96,105.16 2 12
dnstool/go-server/internal/dnsclient/http.go:105.16,107.3 1 2
dnstool/go-server/internal/dnsclient/http.go:108.2,108.30 1 10
dnstool/go-server/internal/dnsclient/http.go:108.30,110.3 1 5
dnstool/go-server/internal/dnsclient/http.go:111.2,112.33 2 5
dnstool/go-server/internal/dnsclient/http.go:112.33,113.33 1 2
dnstool/go-server/internal/dnsclient/http.go:113.33,115.4 1 2
dnstool/go-server/internal/dnsclient/http.go:118.2,119.16 2 3
dnstool/go-server/internal/dnsclient/http.go:119.16,121.3 1 0
dnstool/go-server/internal/dnsclient/http.go:122.2,125.25 3 3
dnstool/go-server/internal/dnsclient/http.go:128.90,129.47 1 14
dnstool/go-server/internal/dnsclient/http.go:129.47,131.3 1 2
dnstool/go-server/internal/dnsclient/http.go:133.2,134.16 2 12
dnstool/go-server/internal/dnsclient/http.go:134.16,136.3 1 1
dnstool/go-server/internal/dnsclient/http.go:137.2,139.25 2 11
dnstool/go-server/internal/dnsclient/http.go:142.128,143.47 1 8
dnstool/go-server/internal/dnsclient/http.go:143.47,145.3 1 2
dnstool/go-server/internal/dnsclient/http.go:147.2,148.16 2 6
dnstool/go-server/internal/dnsclient/http.go:148.16,150.3 1 0
dnstool/go-server/internal/dnsclient/http.go:151.2,152.28 2 6
dnstool/go-server/internal/dnsclient/http.go:152.28,154.3 1 6
dnstool/go-server/internal/dnsclient/http.go:156.2,156.25 1 6
dnstool/go-server/internal/dnsclient/http.go:159.43,160.34 1 32
dnstool/go-server/internal/dnsclient/http.go:160.34,162.3 1 0
dnstool/go-server/internal/dnsclient/http.go:165.88,168.2 2 4
dnstool/go-server/internal/dnsclient/http.go:170.37,172.15 2 102
dnstool/go-server/internal/dnsclient/http.go:172.15,174.3 1 6
dnstool/go-server/internal/dnsclient/http.go:176.2,177.51 1 96
dnstool/go-server/internal/dnsclient/http.go:177.51,179.3 1 45
dnstool/go-server/internal/dnsclient/http.go:181.2,181.33 1 51
dnstool/go-server/internal/dnsclient/http.go:181.33,182.53 1 39
dnstool/go-server/internal/dnsclient/http.go:182.53,184.4 1 4
dnstool/go-server/internal/dnsclient/http.go:185.3,185.50 1 35
dnstool/go-server/internal/dnsclient/http.go:185.50,187.4 1 3
dnstool/go-server/internal/dnsclient/http.go:188.3,188.54 1 32
dnstool/go-server/internal/dnsclient/http.go:188.54,190.4 1 4
dnstool/go-server/internal/dnsclient/http.go:193.2,193.14 1 40
dnstool/go-server/internal/dnsclient/http.go:196.44,198.16 2 21
dnstool/go-server/internal/dnsclient/http.go:198.16,200.3 1 3
dnstool/go-server/internal/dnsclient/http.go:201.2,202.20 2 18
dnstool/go-server/internal/dnsclient/http.go:202.20,204.3 1 3
dnstool/go-server/internal/dnsclient/http.go:206.2,207.16 2 15
dnstool/go-server/internal/dnsclient/http.go:207.16,209.3 1 0
dnstool/go-server/internal/dnsclient/http.go:210.2,210.21 1 15
dnstool/go-server/internal/dnsclient/http.go:210.21,212.3 1 0
dnstool/go-server/internal/dnsclient/http.go:214.2,214.29 1 15
dnstool/go-server/internal/dnsclient/http.go:214.29,215.24 1 33
dnstool/go-server/internal/dnsclient/http.go:215.24,217.4 1 13
dnstool/go-server/internal/dnsclient/http.go:219.2,219.13 1 2
dnstool/go-server/internal/scanner/cisa.go:24.25,25.12 1 0
dnstool/go-server/internal/scanner/cisa.go:25.12,29.22 4 0
dnstool/go-server/internal/scanner/cisa.go:29.22,31.4 1 0
dnstool/go-server/internal/scanner/cisa.go:35.22,38.16 3 4
dnstool/go-server/internal/scanner/cisa.go:38.16,41.3 2 1
dnstool/go-server/internal/scanner/cisa.go:42.2,44.38 2 3
dnstool/go-server/internal/scanner/cisa.go:44.38,47.3 2 1
dnstool/go-server/internal/scanner/cisa.go:49.2,51.19 2 2
dnstool/go-server/internal/scanner/cisa.go:51.19,56.3 4 1
dnstool/go-server/internal/scanner/cisa.go:59.46,62.16 3 13
dnstool/go-server/internal/scanner/cisa.go:62.16,64.49 2 26
dnstool/go-server/internal/scanner/cisa.go:64.49,65.12 1 7
dnstool/go-server/internal/scanner/cisa.go:68.3,68.35 1 19
dnstool/go-server/internal/scanner/cisa.go:68.35,69.35 1 8
dnstool/go-server/internal/scanner/cisa.go:69.35,71.5 1 3
dnstool/go-server/internal/scanner/cisa.go:71.10,73.5 1 5
dnstool/go-server/internal/scanner/cisa.go:76.3,77.17 2 19
dnstool/go-server/internal/scanner/cisa.go:77.17,78.12 1 1
dnstool/go-server/internal/scanner/cisa.go:80.3,80.28 1 18
dnstool/go-server/internal/scanner/cisa.go:82.2,82.13 1 13
dnstool/go-server/internal/scanner/cisa.go:85.43,86.34 1 3
dnstool/go-server/internal/scanner/cisa.go:86.34,88.3 1 0
dnstool/go-server/internal/scanner/cisa.go:91.25,95.2 3 52
dnstool/go-server/internal/scanner/classifier.go:47.55,50.44 2 41
dnstool/go-server/internal/scanner/classifier.go:50.44,51.40 1 432
dnstool/go-server/internal/scanner/classifier.go:51.40,56.4 4 29
dnstool/go-server/internal/scanner/classifier.go:59.2,59.51 1 12
dnstool/go-server/internal/scanner/classifier.go:59.51,64.3 4 1
dnstool/go-server/internal/scanner/classifier.go:66.2,66.32 1 11
dnstool/go-server/internal/scanner/classifier.go:66.32,71.3 4 1
dnstool/go-server/internal/scanner/classifier.go:73.2,73.15 1 10
dnstool/go-server/internal/scanner/classifier.go:76.45,78.21 2 23
dnstool/go-server/internal/scanner/classifier.go:78.21,80.3 1 12
dnstool/go-server/internal/scanner/classifier.go:82.2,83.31 2 11
dnstool/go-server/internal/scanner/classifier.go:83.31,84.78 1 66
dnstool/go-server/internal/scanner/classifier.go:84.78,86.4 1 12
dnstool/go-server/internal/scanner/classifier.go:89.2,89.22 1 11
dnstool/go-server/internal/scanner/classifier.go:92.36,93.14 1 22
dnstool/go-server/internal/scanner/classifier.go:93.14,95.3 1 2
dnstool/go-server/internal/scanner/classifier.go:97.2,98.21 2 20
dnstool/go-server/internal/scanner/classifier.go:98.21,100.3 1 1
dnstool/go-server/internal/scanner/classifier.go:102.2,105.34 3 19
dnstool/go-server/internal/scanner/classifier.go:105.34,106.30 1 12
dnstool/go-server/internal/scanner/classifier.go:106.30,108.4 1 5
dnstool/go-server/internal/scanner/classifier.go:111.2,111.11 1 14
