mode: atomic
dnstool/go-server/internal/middleware/analytics.go:43.84,45.53 2 2
dnstool/go-server/internal/middleware/analytics.go:45.53,47.10 1 1
dnstool/go-server/internal/middleware/analytics.go:48.9,58.30 3 2
dnstool/go-server/internal/middleware/analytics.go:58.30,60.10 1 2
dnstool/go-server/internal/middleware/analytics.go:61.9,63.18 3 2
dnstool/go-server/internal/middleware/analytics.go:66.40,68.22 2 2
dnstool/go-server/internal/middleware/analytics.go:68.22,70.10 1 0
dnstool/go-server/internal/middleware/analytics.go:71.9,72.52 2 2
dnstool/go-server/internal/middleware/analytics.go:72.52,74.29 2 2
dnstool/go-server/internal/middleware/analytics.go:74.29,76.18 1 2
dnstool/go-server/internal/middleware/analytics.go:78.9,78.17 1 2
dnstool/go-server/internal/middleware/analytics.go:81.44,83.33 2 14
dnstool/go-server/internal/middleware/analytics.go:83.33,85.10 1 10
dnstool/go-server/internal/middleware/analytics.go:86.9,96.25 10 4
dnstool/go-server/internal/middleware/analytics.go:99.62,102.2 2 13
dnstool/go-server/internal/middleware/analytics.go:104.60,105.37 1 11
dnstool/go-server/internal/middleware/analytics.go:105.37,117.50 2 21
dnstool/go-server/internal/middleware/analytics.go:117.50,120.18 2 10
dnstool/go-server/internal/middleware/analytics.go:122.17,125.45 3 11
dnstool/go-server/internal/middleware/analytics.go:125.45,127.18 1 2
dnstool/go-server/internal/middleware/analytics.go:129.17,131.38 2 9
dnstool/go-server/internal/middleware/analytics.go:131.38,133.18 1 0
dnstool/go-server/internal/middleware/analytics.go:134.17,134.85 1 9
dnstool/go-server/internal/middleware/analytics.go:134.85,136.18 1 0
dnstool/go-server/internal/middleware/analytics.go:138.17,148.61 10 9
dnstool/go-server/internal/middleware/analytics.go:148.61,150.18 1 2
dnstool/go-server/internal/middleware/analytics.go:151.17,151.31 1 9
dnstool/go-server/internal/middleware/analytics.go:155.61,160.2 4 7
dnstool/go-server/internal/middleware/analytics.go:162.52,163.22 1 28
dnstool/go-server/internal/middleware/analytics.go:163.22,165.10 1 7
dnstool/go-server/internal/middleware/analytics.go:166.9,167.23 2 21
dnstool/go-server/internal/middleware/analytics.go:167.23,169.10 1 1
dnstool/go-server/internal/middleware/analytics.go:170.9,171.23 2 20
dnstool/go-server/internal/middleware/analytics.go:171.23,173.10 1 4
dnstool/go-server/internal/middleware/analytics.go:174.9,174.90 1 16
dnstool/go-server/internal/middleware/analytics.go:174.90,176.10 1 4
dnstool/go-server/internal/middleware/analytics.go:177.9,177.20 1 12
dnstool/go-server/internal/middleware/analytics.go:180.37,181.21 1 30
dnstool/go-server/internal/middleware/analytics.go:181.21,183.10 1 2
dnstool/go-server/internal/middleware/analytics.go:184.9,186.24 3 28
dnstool/go-server/internal/middleware/analytics.go:189.43,192.28 3 2
dnstool/go-server/internal/middleware/analytics.go:192.28,194.10 1 0
dnstool/go-server/internal/middleware/analytics.go:197.39,199.30 2 3
dnstool/go-server/internal/middleware/analytics.go:199.30,202.10 2 3
dnstool/go-server/internal/middleware/analytics.go:204.9,211.41 7 0
dnstool/go-server/internal/middleware/analytics.go:211.41,213.10 1 0
dnstool/go-server/internal/middleware/analytics.go:214.9,215.40 2 0
dnstool/go-server/internal/middleware/analytics.go:215.40,217.10 1 0
dnstool/go-server/internal/middleware/analytics.go:219.9,226.23 7 0
dnstool/go-server/internal/middleware/analytics.go:226.23,228.10 1 0
dnstool/go-server/internal/middleware/analytics.go:229.9,230.23 2 0
dnstool/go-server/internal/middleware/analytics.go:230.23,232.10 1 0
dnstool/go-server/internal/middleware/analytics.go:234.9,271.23 4 0
dnstool/go-server/internal/middleware/analytics.go:271.23,273.10 1 0
dnstool/go-server/internal/middleware/analytics.go:273.15,275.10 1 0
dnstool/go-server/internal/middleware/auth.go:21.56,23.37 2 2
dnstool/go-server/internal/middleware/auth.go:23.37,25.47 2 2
dnstool/go-server/internal/middleware/auth.go:25.47,28.18 2 2
dnstool/go-server/internal/middleware/auth.go:30.17,31.31 2 0
dnstool/go-server/internal/middleware/auth.go:31.31,34.18 2 0
dnstool/go-server/internal/middleware/auth.go:36.17,43.39 7 0
dnstool/go-server/internal/middleware/auth.go:43.39,47.18 3 0
dnstool/go-server/internal/middleware/auth.go:49.17,49.25 1 0
dnstool/go-server/internal/middleware/auth.go:53.36,54.37 1 3
dnstool/go-server/internal/middleware/auth.go:54.37,57.39 3 3
dnstool/go-server/internal/middleware/auth.go:57.39,63.18 3 2
dnstool/go-server/internal/middleware/auth.go:64.17,64.25 1 1
dnstool/go-server/internal/middleware/auth.go:68.37,69.37 1 4
dnstool/go-server/internal/middleware/auth.go:69.37,72.39 3 4
dnstool/go-server/internal/middleware/auth.go:72.39,78.18 3 2
dnstool/go-server/internal/middleware/auth.go:79.17,80.36 2 2
dnstool/go-server/internal/middleware/auth.go:80.36,86.18 3 1
dnstool/go-server/internal/middleware/auth.go:87.17,87.25 1 1
dnstool/go-server/internal/middleware/auth.go:91.57,93.63 2 4
dnstool/go-server/internal/middleware/auth.go:93.63,95.28 2 3
dnstool/go-server/internal/middleware/auth.go:95.28,97.18 1 2
dnstool/go-server/internal/middleware/auth.go:98.17,104.40 7 1
dnstool/go-server/internal/middleware/auth.go:106.9,106.20 1 2
dnstool/go-server/internal/middleware/csrf.go:31.55,35.2 1 24
dnstool/go-server/internal/middleware/csrf.go:37.49,42.2 3 15
dnstool/go-server/internal/middleware/csrf.go:44.52,48.2 3 30
dnstool/go-server/internal/middleware/csrf.go:50.63,52.2 1 15
dnstool/go-server/internal/middleware/csrf.go:54.76,55.47 1 17
dnstool/go-server/internal/middleware/csrf.go:55.47,56.37 1 470
dnstool/go-server/internal/middleware/csrf.go:56.37,60.73 4 15
dnstool/go-server/internal/middleware/csrf.go:60.73,62.26 1 7
dnstool/go-server/internal/middleware/csrf.go:63.25,63.41 1 8
dnstool/go-server/internal/middleware/csrf.go:66.9,66.25 1 2
dnstool/go-server/internal/middleware/csrf.go:69.37,76.2 1 38
dnstool/go-server/internal/middleware/csrf.go:78.52,79.37 1 22
dnstool/go-server/internal/middleware/csrf.go:79.37,80.109 1 26
dnstool/go-server/internal/middleware/csrf.go:80.109,85.18 4 12
dnstool/go-server/internal/middleware/csrf.go:87.17,87.53 1 14
dnstool/go-server/internal/middleware/csrf.go:87.53,90.18 2 1
dnstool/go-server/internal/middleware/csrf.go:92.17,93.47 2 13
dnstool/go-server/internal/middleware/csrf.go:93.47,96.18 2 5
dnstool/go-server/internal/middleware/csrf.go:98.17,99.27 2 8
dnstool/go-server/internal/middleware/csrf.go:99.27,102.18 2 4
dnstool/go-server/internal/middleware/csrf.go:104.17,105.36 2 4
dnstool/go-server/internal/middleware/csrf.go:105.36,107.18 1 1
dnstool/go-server/internal/middleware/csrf.go:109.17,109.58 1 4
dnstool/go-server/internal/middleware/csrf.go:109.58,112.18 2 1
dnstool/go-server/internal/middleware/csrf.go:114.17,115.25 2 3
dnstool/go-server/internal/middleware/csrf.go:119.61,121.39 2 12
dnstool/go-server/internal/middleware/csrf.go:121.39,122.73 1 2
dnstool/go-server/internal/middleware/csrf.go:122.73,124.18 1 1
dnstool/go-server/internal/middleware/csrf.go:127.9,140.21 4 11
dnstool/go-server/internal/middleware/csrf.go:143.68,154.25 4 10
dnstool/go-server/internal/middleware/csrf.go:154.25,156.10 1 8
dnstool/go-server/internal/middleware/csrf.go:157.9,157.25 1 10
dnstool/go-server/internal/middleware/csrf.go:157.25,159.10 1 3
dnstool/go-server/internal/middleware/csrf.go:159.15,161.10 1 7
dnstool/go-server/internal/middleware/csrf.go:162.9,162.18 1 10
dnstool/go-server/internal/middleware/csrf.go:165.42,167.20 2 11
dnstool/go-server/internal/middleware/csrf.go:167.20,169.10 1 1
dnstool/go-server/internal/middleware/csrf.go:170.9,170.40 1 10
dnstool/go-server/internal/middleware/csrf.go:173.45,176.2 2 2
dnstool/go-server/internal/middleware/middleware.go:32.29,37.2 3 34
dnstool/go-server/internal/middleware/middleware.go:39.39,40.37 1 14
dnstool/go-server/internal/middleware/middleware.go:40.37,63.10 12 34
dnstool/go-server/internal/middleware/middleware.go:66.53,68.37 2 4
dnstool/go-server/internal/middleware/middleware.go:68.37,73.29 4 4
dnstool/go-server/internal/middleware/middleware.go:73.29,75.18 1 4
dnstool/go-server/internal/middleware/middleware.go:76.17,79.28 4 4
dnstool/go-server/internal/middleware/middleware.go:79.28,82.18 2 0
dnstool/go-server/internal/middleware/middleware.go:82.23,85.18 2 4
dnstool/go-server/internal/middleware/middleware.go:86.17,89.88 3 4
dnstool/go-server/internal/middleware/middleware.go:89.88,91.18 1 2
dnstool/go-server/internal/middleware/middleware.go:93.17,94.28 2 4
dnstool/go-server/internal/middleware/middleware.go:94.28,96.18 1 0
dnstool/go-server/internal/middleware/middleware.go:98.17,99.28 2 4
dnstool/go-server/internal/middleware/middleware.go:99.28,101.18 1 0
dnstool/go-server/internal/middleware/middleware.go:103.17,123.25 3 4
dnstool/go-server/internal/middleware/middleware.go:127.50,128.37 1 3
dnstool/go-server/internal/middleware/middleware.go:128.37,129.30 1 3
dnstool/go-server/internal/middleware/middleware.go:129.30,130.57 1 3
dnstool/go-server/internal/middleware/middleware.go:130.57,151.26 7 2
dnstool/go-server/internal/middleware/middleware.go:153.17,153.25 1 3
dnstool/go-server/internal/middleware/middleware.go:157.65,159.44 2 8
dnstool/go-server/internal/middleware/middleware.go:159.44,161.45 2 1
dnstool/go-server/internal/middleware/middleware.go:161.45,161.57 1 1
dnstool/go-server/internal/middleware/middleware.go:163.9,165.34 3 7
dnstool/go-server/internal/middleware/middleware.go:165.34,167.10 1 1
dnstool/go-server/internal/middleware/middleware.go:169.9,169.37 1 7
dnstool/go-server/internal/middleware/middleware.go:169.37,171.65 2 7
dnstool/go-server/internal/middleware/middleware.go:171.65,173.18 1 1
dnstool/go-server/internal/middleware/middleware.go:175.17,175.42 1 7
dnstool/go-server/internal/middleware/middleware.go:175.42,178.18 2 2
dnstool/go-server/internal/middleware/middleware.go:180.17,180.101 1 5
dnstool/go-server/internal/middleware/middleware.go:180.101,186.18 5 4
dnstool/go-server/internal/middleware/middleware.go:188.17,188.25 1 1
dnstool/go-server/internal/middleware/ratelimit.go:47.52,55.2 3 37
dnstool/go-server/internal/middleware/ratelimit.go:57.45,60.28 3 37
dnstool/go-server/internal/middleware/ratelimit.go:60.28,63.53 3 0
dnstool/go-server/internal/middleware/ratelimit.go:63.53,65.53 2 0
dnstool/go-server/internal/middleware/ratelimit.go:65.53,67.26 1 0
dnstool/go-server/internal/middleware/ratelimit.go:69.17,69.30 1 0
dnstool/go-server/internal/middleware/ratelimit.go:73.67,76.35 3 124
dnstool/go-server/internal/middleware/ratelimit.go:76.35,77.42 1 317
dnstool/go-server/internal/middleware/ratelimit.go:77.42,79.18 1 307
dnstool/go-server/internal/middleware/ratelimit.go:81.9,81.22 1 124
dnstool/go-server/internal/middleware/ratelimit.go:84.81,94.49 7 112
dnstool/go-server/internal/middleware/ratelimit.go:94.49,97.36 3 9
dnstool/go-server/internal/middleware/ratelimit.go:97.36,99.18 1 0
dnstool/go-server/internal/middleware/ratelimit.go:100.17,104.18 1 9
dnstool/go-server/internal/middleware/ratelimit.go:107.9,108.48 2 103
dnstool/go-server/internal/middleware/ratelimit.go:108.48,109.60 1 220
dnstool/go-server/internal/middleware/ratelimit.go:109.60,110.30 1 1
dnstool/go-server/internal/middleware/ratelimit.go:112.17,112.48 1 219
dnstool/go-server/internal/middleware/ratelimit.go:112.48,114.44 2 20
dnstool/go-server/internal/middleware/ratelimit.go:114.44,116.26 1 0
dnstool/go-server/internal/middleware/ratelimit.go:117.25,121.26 1 20
dnstool/go-server/internal/middleware/ratelimit.go:125.9,133.10 2 83
dnstool/go-server/internal/middleware/ratelimit.go:136.66,137.37 1 7
dnstool/go-server/internal/middleware/ratelimit.go:137.37,141.71 3 11
dnstool/go-server/internal/middleware/ratelimit.go:141.71,143.18 1 5
dnstool/go-server/internal/middleware/ratelimit.go:145.17,147.36 2 11
dnstool/go-server/internal/middleware/ratelimit.go:147.36,157.18 4 4
dnstool/go-server/internal/middleware/ratelimit.go:159.17,159.25 1 7
dnstool/go-server/internal/middleware/ratelimit.go:163.60,164.37 1 22
dnstool/go-server/internal/middleware/ratelimit.go:164.37,165.47 1 72
dnstool/go-server/internal/middleware/ratelimit.go:165.47,168.18 2 3
dnstool/go-server/internal/middleware/ratelimit.go:170.17,171.33 2 69
dnstool/go-server/internal/middleware/ratelimit.go:171.33,174.18 2 3
dnstool/go-server/internal/middleware/ratelimit.go:176.17,179.36 3 66
dnstool/go-server/internal/middleware/ratelimit.go:179.36,190.46 4 15
dnstool/go-server/internal/middleware/ratelimit.go:191.43,192.137 1 5
dnstool/go-server/internal/middleware/ratelimit.go:193.44,194.152 1 10
dnstool/go-server/internal/middleware/ratelimit.go:197.25,197.72 1 15
dnstool/go-server/internal/middleware/ratelimit.go:197.72,203.26 1 5
dnstool/go-server/internal/middleware/ratelimit.go:203.31,223.74 4 10
dnstool/go-server/internal/middleware/ratelimit.go:223.74,224.97 1 3
dnstool/go-server/internal/middleware/ratelimit.go:224.97,226.42 1 1
dnstool/go-server/internal/middleware/ratelimit.go:228.33,228.76 1 10
dnstool/go-server/internal/middleware/ratelimit.go:230.25,231.31 2 15
dnstool/go-server/internal/middleware/ratelimit.go:234.17,234.25 1 51
