mode: set
dnstool/go-server/internal/handlers/about.go:17.56,19.2 1 1
dnstool/go-server/internal/handlers/about.go:21.46,32.2 4 0
dnstool/go-server/internal/handlers/admin.go:54.100,56.2 1 1
dnstool/go-server/internal/handlers/admin.go:112.50,126.43 11 0
dnstool/go-server/internal/handlers/admin.go:126.43,128.10 1 0
dnstool/go-server/internal/handlers/admin.go:130.9,146.50 3 0
dnstool/go-server/internal/handlers/admin.go:149.68,161.23 2 0
dnstool/go-server/internal/handlers/admin.go:161.23,164.10 2 0
dnstool/go-server/internal/handlers/admin.go:165.9,168.25 3 0
dnstool/go-server/internal/handlers/admin.go:168.25,172.73 3 0
dnstool/go-server/internal/handlers/admin.go:172.73,174.33 2 0
dnstool/go-server/internal/handlers/admin.go:176.17,178.41 3 0
dnstool/go-server/internal/handlers/admin.go:180.9,180.21 1 0
dnstool/go-server/internal/handlers/admin.go:183.81,190.23 2 0
dnstool/go-server/internal/handlers/admin.go:190.23,193.10 2 0
dnstool/go-server/internal/handlers/admin.go:194.9,197.25 3 0
dnstool/go-server/internal/handlers/admin.go:197.25,203.125 5 0
dnstool/go-server/internal/handlers/admin.go:203.125,205.33 2 0
dnstool/go-server/internal/handlers/admin.go:207.17,207.35 1 0
dnstool/go-server/internal/handlers/admin.go:207.35,209.18 1 0
dnstool/go-server/internal/handlers/admin.go:210.17,210.36 1 0
dnstool/go-server/internal/handlers/admin.go:210.36,212.18 1 0
dnstool/go-server/internal/handlers/admin.go:212.23,214.18 1 0
dnstool/go-server/internal/handlers/admin.go:215.17,216.47 2 0
dnstool/go-server/internal/handlers/admin.go:218.9,218.24 1 0
dnstool/go-server/internal/handlers/admin.go:221.67,235.35 3 0
dnstool/go-server/internal/handlers/admin.go:235.35,236.83 1 0
dnstool/go-server/internal/handlers/admin.go:236.83,238.18 1 0
dnstool/go-server/internal/handlers/admin.go:240.9,240.17 1 0
dnstool/go-server/internal/handlers/admin.go:243.74,247.23 2 0
dnstool/go-server/internal/handlers/admin.go:247.23,250.10 2 0
dnstool/go-server/internal/handlers/admin.go:251.9,254.25 3 0
dnstool/go-server/internal/handlers/admin.go:254.25,258.80 3 0
dnstool/go-server/internal/handlers/admin.go:258.80,260.33 2 0
dnstool/go-server/internal/handlers/admin.go:262.17,263.39 2 0
dnstool/go-server/internal/handlers/admin.go:265.9,265.20 1 0
dnstool/go-server/internal/handlers/admin.go:268.84,275.23 2 0
dnstool/go-server/internal/handlers/admin.go:275.23,278.10 2 0
dnstool/go-server/internal/handlers/admin.go:279.9,282.25 3 0
dnstool/go-server/internal/handlers/admin.go:282.25,286.107 4 0
dnstool/go-server/internal/handlers/admin.go:286.107,288.33 2 0
dnstool/go-server/internal/handlers/admin.go:290.17,290.35 1 0
dnstool/go-server/internal/handlers/admin.go:290.35,292.18 1 0
dnstool/go-server/internal/handlers/admin.go:293.17,294.43 2 0
dnstool/go-server/internal/handlers/admin.go:296.9,296.22 1 0
dnstool/go-server/internal/handlers/admin.go:299.51,302.67 3 0
dnstool/go-server/internal/handlers/admin.go:302.67,305.10 2 0
dnstool/go-server/internal/handlers/admin.go:307.9,309.23 3 0
dnstool/go-server/internal/handlers/admin.go:309.23,312.10 2 0
dnstool/go-server/internal/handlers/admin.go:313.9,313.32 1 0
dnstool/go-server/internal/handlers/admin.go:313.32,316.10 2 0
dnstool/go-server/internal/handlers/admin.go:318.9,320.23 3 0
dnstool/go-server/internal/handlers/admin.go:320.23,324.10 3 0
dnstool/go-server/internal/handlers/admin.go:325.9,331.23 6 0
dnstool/go-server/internal/handlers/admin.go:331.23,335.10 3 0
dnstool/go-server/internal/handlers/admin.go:337.9,337.46 1 0
dnstool/go-server/internal/handlers/admin.go:337.46,341.10 3 0
dnstool/go-server/internal/handlers/admin.go:343.9,344.48 2 0
dnstool/go-server/internal/handlers/admin.go:347.58,350.67 3 0
dnstool/go-server/internal/handlers/admin.go:350.67,353.10 2 0
dnstool/go-server/internal/handlers/admin.go:355.9,357.34 3 0
dnstool/go-server/internal/handlers/admin.go:357.34,360.10 2 0
dnstool/go-server/internal/handlers/admin.go:362.9,363.23 2 0
dnstool/go-server/internal/handlers/admin.go:363.23,367.10 3 0
dnstool/go-server/internal/handlers/admin.go:369.9,370.48 2 0
dnstool/go-server/internal/handlers/admin.go:373.61,376.23 2 0
dnstool/go-server/internal/handlers/admin.go:376.23,380.10 3 0
dnstool/go-server/internal/handlers/admin.go:382.9,384.48 3 0
dnstool/go-server/internal/handlers/admin.go:459.53,462.16 3 0
dnstool/go-server/internal/handlers/admin.go:462.16,466.10 3 0
dnstool/go-server/internal/handlers/admin.go:468.9,484.28 13 0
dnstool/go-server/internal/handlers/admin.go:484.28,485.35 1 0
dnstool/go-server/internal/handlers/admin.go:485.35,487.18 1 0
dnstool/go-server/internal/handlers/admin.go:487.23,489.18 1 0
dnstool/go-server/internal/handlers/admin.go:492.9,492.21 1 0
dnstool/go-server/internal/handlers/admin.go:492.21,494.10 1 0
dnstool/go-server/internal/handlers/admin.go:494.15,496.10 1 0
dnstool/go-server/internal/handlers/admin.go:498.9,516.54 5 0
dnstool/go-server/internal/handlers/admin.go:519.55,534.2 5 0
dnstool/go-server/internal/handlers/admin.go:536.30,539.34 3 1
dnstool/go-server/internal/handlers/admin.go:539.34,540.50 1 1
dnstool/go-server/internal/handlers/admin.go:540.50,542.18 1 1
dnstool/go-server/internal/handlers/admin.go:544.9,544.21 1 1
dnstool/go-server/internal/handlers/admin_probes.go:39.89,41.2 1 0
dnstool/go-server/internal/handlers/admin_probes.go:57.60,59.57 2 1
dnstool/go-server/internal/handlers/admin_probes.go:59.57,61.32 2 1
dnstool/go-server/internal/handlers/admin_probes.go:61.32,63.18 1 1
dnstool/go-server/internal/handlers/admin_probes.go:64.17,64.91 1 1
dnstool/go-server/internal/handlers/admin_probes.go:66.9,66.59 1 1
dnstool/go-server/internal/handlers/admin_probes.go:66.59,68.32 2 1
dnstool/go-server/internal/handlers/admin_probes.go:68.32,70.18 1 1
dnstool/go-server/internal/handlers/admin_probes.go:71.17,71.91 1 1
dnstool/go-server/internal/handlers/admin_probes.go:73.9,73.22 1 1
dnstool/go-server/internal/handlers/admin_probes.go:76.60,80.34 3 0
dnstool/go-server/internal/handlers/admin_probes.go:80.34,83.10 2 0
dnstool/go-server/internal/handlers/admin_probes.go:85.9,100.63 5 0
dnstool/go-server/internal/handlers/admin_probes.go:100.63,102.10 1 0
dnstool/go-server/internal/handlers/admin_probes.go:104.9,104.57 1 0
dnstool/go-server/internal/handlers/admin_probes.go:107.60,113.31 5 0
dnstool/go-server/internal/handlers/admin_probes.go:113.31,114.44 1 0
dnstool/go-server/internal/handlers/admin_probes.go:114.44,116.30 2 0
dnstool/go-server/internal/handlers/admin_probes.go:119.9,119.26 1 0
dnstool/go-server/internal/handlers/admin_probes.go:119.26,122.10 2 0
dnstool/go-server/internal/handlers/admin_probes.go:124.9,127.23 3 0
dnstool/go-server/internal/handlers/admin_probes.go:128.27,129.51 1 0
dnstool/go-server/internal/handlers/admin_probes.go:130.27,131.60 1 0
dnstool/go-server/internal/handlers/admin_probes.go:132.28,133.61 1 0
dnstool/go-server/internal/handlers/admin_probes.go:134.26,135.59 1 0
dnstool/go-server/internal/handlers/admin_probes.go:136.17,138.23 2 0
dnstool/go-server/internal/handlers/admin_probes.go:141.9,144.28 3 0
dnstool/go-server/internal/handlers/admin_probes.go:147.54,159.23 5 1
dnstool/go-server/internal/handlers/admin_probes.go:159.23,167.10 1 1
dnstool/go-server/internal/handlers/admin_probes.go:168.9,173.56 4 1
dnstool/go-server/internal/handlers/admin_probes.go:173.56,181.10 1 1
dnstool/go-server/internal/handlers/admin_probes.go:183.9,189.10 1 1
dnstool/go-server/internal/handlers/admin_probes.go:192.64,196.23 3 1
dnstool/go-server/internal/handlers/admin_probes.go:196.23,204.10 1 1
dnstool/go-server/internal/handlers/admin_probes.go:206.9,207.23 2 1
dnstool/go-server/internal/handlers/admin_probes.go:208.27,209.45 1 0
dnstool/go-server/internal/handlers/admin_probes.go:210.28,211.46 1 0
dnstool/go-server/internal/handlers/admin_probes.go:212.26,213.44 1 0
dnstool/go-server/internal/handlers/admin_probes.go:214.17,221.18 1 1
dnstool/go-server/internal/handlers/admin_probes.go:224.9,236.10 5 0
dnstool/go-server/internal/handlers/admin_probes.go:245.58,246.24 1 1
dnstool/go-server/internal/handlers/admin_probes.go:247.25,251.61 4 1
dnstool/go-server/internal/handlers/admin_probes.go:251.61,253.18 1 1
dnstool/go-server/internal/handlers/admin_probes.go:254.17,255.31 2 1
dnstool/go-server/internal/handlers/admin_probes.go:255.31,257.18 1 0
dnstool/go-server/internal/handlers/admin_probes.go:258.17,258.81 1 1
dnstool/go-server/internal/handlers/admin_probes.go:259.25,263.61 4 1
dnstool/go-server/internal/handlers/admin_probes.go:263.61,265.18 1 1
dnstool/go-server/internal/handlers/admin_probes.go:266.17,267.31 2 0
dnstool/go-server/internal/handlers/admin_probes.go:267.31,269.18 1 0
dnstool/go-server/internal/handlers/admin_probes.go:270.17,270.81 1 0
dnstool/go-server/internal/handlers/admin_probes.go:271.17,272.69 1 1
dnstool/go-server/internal/handlers/admin_probes.go:276.57,278.23 2 1
dnstool/go-server/internal/handlers/admin_probes.go:278.23,280.57 2 1
dnstool/go-server/internal/handlers/admin_probes.go:280.57,282.18 1 1
dnstool/go-server/internal/handlers/admin_probes.go:282.23,284.18 1 1
dnstool/go-server/internal/handlers/admin_probes.go:287.9,288.23 2 1
dnstool/go-server/internal/handlers/admin_probes.go:288.23,290.10 1 0
dnstool/go-server/internal/handlers/admin_probes.go:291.9,291.57 1 1
dnstool/go-server/internal/handlers/admin_probes.go:291.57,295.10 3 0
dnstool/go-server/internal/handlers/admin_probes.go:296.9,297.62 2 1
dnstool/go-server/internal/handlers/admin_probes.go:297.62,300.10 2 0
dnstool/go-server/internal/handlers/admin_probes.go:301.9,301.35 1 1
dnstool/go-server/internal/handlers/admin_probes.go:304.88,325.73 10 0
dnstool/go-server/internal/handlers/admin_probes.go:325.73,326.33 1 0
dnstool/go-server/internal/handlers/admin_probes.go:326.33,328.18 1 0
dnstool/go-server/internal/handlers/admin_probes.go:328.23,330.18 1 0
dnstool/go-server/internal/handlers/admin_probes.go:333.9,333.27 1 0
dnstool/go-server/internal/handlers/admin_probes.go:336.33,355.2 1 1
dnstool/go-server/internal/handlers/admin_probes.go:357.34,366.2 1 1
dnstool/go-server/internal/handlers/admin_probes.go:368.32,404.2 1 1
dnstool/go-server/internal/handlers/analysis.go:63.147,72.2 1 0
dnstool/go-server/internal/handlers/analysis.go:74.99,75.21 1 0
dnstool/go-server/internal/handlers/analysis.go:75.21,77.10 1 0
dnstool/go-server/internal/handlers/analysis.go:78.9,79.36 2 0
dnstool/go-server/internal/handlers/analysis.go:79.36,81.10 1 0
dnstool/go-server/internal/handlers/analysis.go:82.9,83.16 2 0
dnstool/go-server/internal/handlers/analysis.go:83.16,85.10 1 0
dnstool/go-server/internal/handlers/analysis.go:86.9,87.16 2 0
dnstool/go-server/internal/handlers/analysis.go:87.16,89.10 1 0
dnstool/go-server/internal/handlers/analysis.go:90.9,94.37 2 0
dnstool/go-server/internal/handlers/analysis.go:97.47,98.48 1 0
dnstool/go-server/internal/handlers/analysis.go:98.48,99.46 1 0
dnstool/go-server/internal/handlers/analysis.go:100.26,101.35 1 0
dnstool/go-server/internal/handlers/analysis.go:102.27,103.36 1 0
dnstool/go-server/internal/handlers/analysis.go:104.26,105.35 1 0
dnstool/go-server/internal/handlers/analysis.go:106.27,107.36 1 0
dnstool/go-server/internal/handlers/analysis.go:108.26,109.35 1 0
dnstool/go-server/internal/handlers/analysis.go:110.25,111.35 1 0
dnstool/go-server/internal/handlers/analysis.go:114.9,114.41 1 0
dnstool/go-server/internal/handlers/analysis.go:114.41,116.10 1 0
dnstool/go-server/internal/handlers/analysis.go:117.9,117.19 1 0
dnstool/go-server/internal/handlers/analysis.go:120.45,121.21 1 1
dnstool/go-server/internal/handlers/analysis.go:122.24,123.45 1 1
dnstool/go-server/internal/handlers/analysis.go:124.18,125.48 1 1
dnstool/go-server/internal/handlers/analysis.go:126.17,127.38 1 1
dnstool/go-server/internal/handlers/analysis.go:131.37,133.2 1 1
dnstool/go-server/internal/handlers/analysis.go:135.62,137.2 1 0
dnstool/go-server/internal/handlers/analysis.go:139.56,141.2 1 0
dnstool/go-server/internal/handlers/analysis.go:143.65,145.2 1 0
dnstool/go-server/internal/handlers/analysis.go:147.77,152.23 5 0
dnstool/go-server/internal/handlers/analysis.go:152.23,155.10 2 0
dnstool/go-server/internal/handlers/analysis.go:157.9,159.23 3 0
dnstool/go-server/internal/handlers/analysis.go:159.23,162.10 2 0
dnstool/go-server/internal/handlers/analysis.go:164.9,164.68 1 0
dnstool/go-server/internal/handlers/analysis.go:164.68,167.10 2 0
dnstool/go-server/internal/handlers/analysis.go:169.9,169.85 1 0
dnstool/go-server/internal/handlers/analysis.go:169.85,172.10 2 0
dnstool/go-server/internal/handlers/analysis.go:174.9,175.27 2 0
dnstool/go-server/internal/handlers/analysis.go:175.27,178.10 2 0
dnstool/go-server/internal/handlers/analysis.go:180.9,180.55 1 0
dnstool/go-server/internal/handlers/analysis.go:180.55,181.32 1 0
dnstool/go-server/internal/handlers/analysis.go:181.32,183.18 1 0
dnstool/go-server/internal/handlers/analysis.go:183.23,183.39 1 0
dnstool/go-server/internal/handlers/analysis.go:183.39,185.18 1 0
dnstool/go-server/internal/handlers/analysis.go:188.9,242.66 17 0
dnstool/go-server/internal/handlers/analysis.go:245.51,250.25 4 0
dnstool/go-server/internal/handlers/analysis.go:250.25,252.10 1 0
dnstool/go-server/internal/handlers/analysis.go:254.9,254.25 1 0
dnstool/go-server/internal/handlers/analysis.go:254.25,257.10 2 0
dnstool/go-server/internal/handlers/analysis.go:259.9,259.46 1 0
dnstool/go-server/internal/handlers/analysis.go:259.46,262.10 2 0
dnstool/go-server/internal/handlers/analysis.go:264.9,265.23 2 0
dnstool/go-server/internal/handlers/analysis.go:265.23,267.10 1 0
dnstool/go-server/internal/handlers/analysis.go:269.9,289.78 13 0
dnstool/go-server/internal/handlers/analysis.go:289.78,290.68 1 0
dnstool/go-server/internal/handlers/analysis.go:290.68,293.18 2 0
dnstool/go-server/internal/handlers/analysis.go:296.9,362.69 19 0
dnstool/go-server/internal/handlers/analysis.go:365.126,366.39 1 0
dnstool/go-server/internal/handlers/analysis.go:366.39,368.10 1 0
dnstool/go-server/internal/handlers/analysis.go:369.9,370.16 2 0
dnstool/go-server/internal/handlers/analysis.go:370.16,372.10 1 0
dnstool/go-server/internal/handlers/analysis.go:373.9,373.62 1 0
dnstool/go-server/internal/handlers/analysis.go:373.62,375.10 1 0
dnstool/go-server/internal/handlers/analysis.go:378.56,379.20 1 0
dnstool/go-server/internal/handlers/analysis.go:379.20,382.10 2 0
dnstool/go-server/internal/handlers/analysis.go:385.67,388.28 3 0
dnstool/go-server/internal/handlers/analysis.go:388.28,390.10 1 0
dnstool/go-server/internal/handlers/analysis.go:391.9,391.19 1 0
dnstool/go-server/internal/handlers/analysis.go:391.19,393.10 1 0
dnstool/go-server/internal/handlers/analysis.go:394.9,394.18 1 0
dnstool/go-server/internal/handlers/analysis.go:394.18,396.10 1 0
dnstool/go-server/internal/handlers/analysis.go:397.9,397.19 1 0
dnstool/go-server/internal/handlers/analysis.go:400.139,402.89 2 0
dnstool/go-server/internal/handlers/analysis.go:402.89,405.10 2 0
dnstool/go-server/internal/handlers/analysis.go:406.9,407.56 2 0
dnstool/go-server/internal/handlers/analysis.go:407.56,408.82 1 0
dnstool/go-server/internal/handlers/analysis.go:408.82,411.18 2 0
dnstool/go-server/internal/handlers/analysis.go:414.9,415.53 2 0
dnstool/go-server/internal/handlers/analysis.go:415.53,422.10 2 0
dnstool/go-server/internal/handlers/analysis.go:424.9,424.27 1 0
dnstool/go-server/internal/handlers/analysis.go:424.27,425.111 1 0
dnstool/go-server/internal/handlers/analysis.go:425.111,427.18 1 0
dnstool/go-server/internal/handlers/analysis.go:431.60,433.37 2 1
dnstool/go-server/internal/handlers/analysis.go:433.37,435.10 1 1
dnstool/go-server/internal/handlers/analysis.go:436.9,436.18 1 1
dnstool/go-server/internal/handlers/analysis.go:439.60,440.45 1 1
dnstool/go-server/internal/handlers/analysis.go:440.45,442.10 1 1
dnstool/go-server/internal/handlers/analysis.go:443.9,443.19 1 1
dnstool/go-server/internal/handlers/analysis.go:446.130,448.30 2 1
dnstool/go-server/internal/handlers/analysis.go:448.30,450.10 1 1
dnstool/go-server/internal/handlers/analysis.go:451.9,451.112 1 1
dnstool/go-server/internal/handlers/analysis.go:454.36,455.21 1 1
dnstool/go-server/internal/handlers/analysis.go:455.21,457.10 1 1
dnstool/go-server/internal/handlers/analysis.go:458.9,458.18 1 1
dnstool/go-server/internal/handlers/analysis.go:461.150,462.30 1 0
dnstool/go-server/internal/handlers/analysis.go:462.30,464.10 1 0
dnstool/go-server/internal/handlers/analysis.go:465.9,469.27 2 0
dnstool/go-server/internal/handlers/analysis.go:469.27,471.10 1 0
dnstool/go-server/internal/handlers/analysis.go:472.9,478.20 1 0
dnstool/go-server/internal/handlers/analysis.go:481.152,482.36 1 0
dnstool/go-server/internal/handlers/analysis.go:482.36,484.10 1 0
dnstool/go-server/internal/handlers/analysis.go:485.9,486.19 2 0
dnstool/go-server/internal/handlers/analysis.go:489.52,492.79 3 0
dnstool/go-server/internal/handlers/analysis.go:492.79,494.55 2 0
dnstool/go-server/internal/handlers/analysis.go:494.55,496.18 1 0
dnstool/go-server/internal/handlers/analysis.go:498.9,498.39 1 0
dnstool/go-server/internal/handlers/analysis.go:501.155,503.37 2 0
dnstool/go-server/internal/handlers/analysis.go:503.37,505.35 2 0
dnstool/go-server/internal/handlers/analysis.go:505.35,513.43 2 0
dnstool/go-server/internal/handlers/analysis.go:513.43,515.26 1 0
dnstool/go-server/internal/handlers/analysis.go:518.9,518.21 1 0
dnstool/go-server/internal/handlers/analysis.go:534.103,536.71 2 0
dnstool/go-server/internal/handlers/analysis.go:536.71,539.10 2 0
dnstool/go-server/internal/handlers/analysis.go:540.9,550.11 1 0
dnstool/go-server/internal/handlers/analysis.go:553.73,554.20 1 1
dnstool/go-server/internal/handlers/analysis.go:554.20,556.10 1 1
dnstool/go-server/internal/handlers/analysis.go:556.15,556.33 1 1
dnstool/go-server/internal/handlers/analysis.go:556.33,558.10 1 1
dnstool/go-server/internal/handlers/analysis.go:558.15,560.10 1 1
dnstool/go-server/internal/handlers/analysis.go:576.115,577.29 1 0
dnstool/go-server/internal/handlers/analysis.go:577.29,579.37 2 0
dnstool/go-server/internal/handlers/analysis.go:579.37,581.18 1 0
dnstool/go-server/internal/handlers/analysis.go:584.9,584.43 1 0
dnstool/go-server/internal/handlers/analysis.go:584.43,587.10 2 0
dnstool/go-server/internal/handlers/analysis.go:589.9,589.69 1 0
dnstool/go-server/internal/handlers/analysis.go:592.72,593.48 1 0
dnstool/go-server/internal/handlers/analysis.go:593.48,595.10 1 0
dnstool/go-server/internal/handlers/analysis.go:596.9,596.19 1 0
dnstool/go-server/internal/handlers/analysis.go:596.19,601.31 2 0
dnstool/go-server/internal/handlers/analysis.go:601.31,603.18 1 0
dnstool/go-server/internal/handlers/analysis.go:607.76,613.20 5 0
dnstool/go-server/internal/handlers/analysis.go:613.20,615.10 1 0
dnstool/go-server/internal/handlers/analysis.go:615.15,617.10 1 0
dnstool/go-server/internal/handlers/analysis.go:619.9,632.23 2 0
dnstool/go-server/internal/handlers/analysis.go:632.23,634.10 1 0
dnstool/go-server/internal/handlers/analysis.go:637.62,639.20 2 0
dnstool/go-server/internal/handlers/analysis.go:639.20,641.10 1 0
dnstool/go-server/internal/handlers/analysis.go:642.9,642.74 1 0
dnstool/go-server/internal/handlers/analysis.go:642.74,644.10 1 0
dnstool/go-server/internal/handlers/analysis.go:661.109,708.89 8 0
dnstool/go-server/internal/handlers/analysis.go:708.89,710.10 1 0
dnstool/go-server/internal/handlers/analysis.go:711.9,711.58 1 0
dnstool/go-server/internal/handlers/analysis.go:711.58,712.82 1 0
dnstool/go-server/internal/handlers/analysis.go:712.82,714.18 1 0
dnstool/go-server/internal/handlers/analysis.go:716.9,716.27 1 0
dnstool/go-server/internal/handlers/analysis.go:735.115,736.78 1 1
dnstool/go-server/internal/handlers/analysis.go:736.78,738.10 1 1
dnstool/go-server/internal/handlers/analysis.go:739.9,744.32 2 1
dnstool/go-server/internal/handlers/analysis.go:744.32,746.10 1 1
dnstool/go-server/internal/handlers/analysis.go:747.9,747.36 1 1
dnstool/go-server/internal/handlers/analysis.go:747.36,749.74 2 1
dnstool/go-server/internal/handlers/analysis.go:749.74,751.18 1 1
dnstool/go-server/internal/handlers/analysis.go:753.9,753.18 1 1
dnstool/go-server/internal/handlers/analysis.go:756.115,758.23 2 0
dnstool/go-server/internal/handlers/analysis.go:758.23,761.10 2 0
dnstool/go-server/internal/handlers/analysis.go:763.9,764.40 2 0
dnstool/go-server/internal/handlers/analysis.go:764.40,765.49 1 0
dnstool/go-server/internal/handlers/analysis.go:765.49,767.30 2 0
dnstool/go-server/internal/handlers/analysis.go:769.17,769.78 1 0
dnstool/go-server/internal/handlers/analysis.go:769.78,771.18 1 0
dnstool/go-server/internal/handlers/analysis.go:774.9,783.29 2 0
dnstool/go-server/internal/handlers/analysis.go:783.29,786.10 2 0
dnstool/go-server/internal/handlers/analysis.go:787.9,787.124 1 0
dnstool/go-server/internal/handlers/analysis.go:790.112,800.2 3 0
dnstool/go-server/internal/handlers/analysis.go:802.88,804.25 2 0
dnstool/go-server/internal/handlers/analysis.go:804.25,807.10 2 0
dnstool/go-server/internal/handlers/analysis.go:808.9,812.111 2 0
dnstool/go-server/internal/handlers/analysis.go:815.119,817.2 1 0
dnstool/go-server/internal/handlers/analysis.go:819.56,820.60 1 1
dnstool/go-server/internal/handlers/analysis.go:820.60,822.10 1 1
dnstool/go-server/internal/handlers/analysis.go:823.9,823.18 1 1
dnstool/go-server/internal/handlers/analysis.go:826.108,828.2 1 0
dnstool/go-server/internal/handlers/analysis.go:830.54,832.98 2 0
dnstool/go-server/internal/handlers/analysis.go:832.98,834.30 2 0
dnstool/go-server/internal/handlers/analysis.go:834.30,836.18 1 0
dnstool/go-server/internal/handlers/analysis.go:838.9,838.31 1 0
dnstool/go-server/internal/handlers/analysis.go:841.57,843.62 2 0
dnstool/go-server/internal/handlers/analysis.go:843.62,846.10 2 0
dnstool/go-server/internal/handlers/analysis.go:847.9,848.23 2 0
dnstool/go-server/internal/handlers/analysis.go:848.23,850.10 1 0
dnstool/go-server/internal/handlers/analysis.go:852.9,854.29 2 0
dnstool/go-server/internal/handlers/analysis.go:854.29,857.10 2 0
dnstool/go-server/internal/handlers/analysis.go:859.9,862.85 3 0
dnstool/go-server/internal/handlers/analysis.go:862.85,865.10 2 0
dnstool/go-server/internal/handlers/analysis.go:867.9,868.23 2 0
dnstool/go-server/internal/handlers/analysis.go:868.23,871.10 2 0
dnstool/go-server/internal/handlers/analysis.go:873.9,873.38 1 0
dnstool/go-server/internal/handlers/analysis.go:876.100,877.67 1 0
dnstool/go-server/internal/handlers/analysis.go:877.67,879.10 1 0
dnstool/go-server/internal/handlers/analysis.go:881.9,881.63 1 0
dnstool/go-server/internal/handlers/analysis.go:884.55,885.50 1 1
dnstool/go-server/internal/handlers/analysis.go:885.50,886.42 1 1
dnstool/go-server/internal/handlers/analysis.go:886.42,888.18 1 1
dnstool/go-server/internal/handlers/analysis.go:890.9,890.20 1 1
dnstool/go-server/internal/handlers/analysis.go:893.57,896.25 3 0
dnstool/go-server/internal/handlers/analysis.go:896.25,899.10 2 0
dnstool/go-server/internal/handlers/analysis.go:900.9,900.46 1 0
dnstool/go-server/internal/handlers/analysis.go:900.46,903.10 2 0
dnstool/go-server/internal/handlers/analysis.go:904.9,905.38 2 0
dnstool/go-server/internal/handlers/analysis.go:908.63,910.25 2 0
dnstool/go-server/internal/handlers/analysis.go:910.25,913.10 2 0
dnstool/go-server/internal/handlers/analysis.go:914.9,914.46 1 0
dnstool/go-server/internal/handlers/analysis.go:914.46,917.10 2 0
dnstool/go-server/internal/handlers/analysis.go:919.9,920.36 2 0
dnstool/go-server/internal/handlers/analysis.go:920.36,923.10 2 0
dnstool/go-server/internal/handlers/analysis.go:925.9,935.35 8 0
dnstool/go-server/internal/handlers/analysis.go:935.35,938.70 3 0
dnstool/go-server/internal/handlers/analysis.go:938.70,940.18 1 0
dnstool/go-server/internal/handlers/analysis.go:941.17,948.84 7 0
dnstool/go-server/internal/handlers/analysis.go:948.84,950.18 1 0
dnstool/go-server/internal/handlers/analysis.go:952.17,959.53 1 0
dnstool/go-server/internal/handlers/analysis.go:961.9,961.18 1 0
dnstool/go-server/internal/handlers/analysis.go:964.33,965.46 1 1
dnstool/go-server/internal/handlers/analysis.go:965.46,967.10 1 1
dnstool/go-server/internal/handlers/analysis.go:968.9,968.17 1 1
dnstool/go-server/internal/handlers/analysis.go:971.112,973.42 2 0
dnstool/go-server/internal/handlers/analysis.go:973.42,975.10 1 0
dnstool/go-server/internal/handlers/analysis.go:976.9,977.43 2 0
dnstool/go-server/internal/handlers/analysis.go:977.43,979.10 1 0
dnstool/go-server/internal/handlers/analysis.go:981.9,982.66 2 0
dnstool/go-server/internal/handlers/analysis.go:982.66,983.70 1 0
dnstool/go-server/internal/handlers/analysis.go:983.70,985.18 1 0
dnstool/go-server/internal/handlers/analysis.go:988.9,1007.34 2 0
dnstool/go-server/internal/handlers/analysis.go:1007.34,1009.10 1 0
dnstool/go-server/internal/handlers/analysis.go:1010.9,1010.89 1 0
dnstool/go-server/internal/handlers/analysis.go:1010.89,1020.10 1 0
dnstool/go-server/internal/handlers/analysis.go:1022.9,1045.32 3 0
dnstool/go-server/internal/handlers/analysis.go:1045.32,1047.10 1 0
dnstool/go-server/internal/handlers/analysis.go:1048.9,1054.32 3 0
dnstool/go-server/internal/handlers/analysis.go:1054.32,1057.10 2 0
dnstool/go-server/internal/handlers/analysis.go:1059.9,1060.43 2 0
dnstool/go-server/internal/handlers/analysis.go:1060.43,1061.26 1 0
dnstool/go-server/internal/handlers/analysis.go:1061.26,1063.18 1 0
dnstool/go-server/internal/handlers/analysis.go:1064.17,1068.47 5 0
dnstool/go-server/internal/handlers/analysis.go:1070.9,1074.48 4 0
dnstool/go-server/internal/handlers/analysis.go:1077.89,1080.23 3 0
dnstool/go-server/internal/handlers/analysis.go:1080.23,1083.10 2 0
dnstool/go-server/internal/handlers/analysis.go:1085.9,1087.23 3 0
dnstool/go-server/internal/handlers/analysis.go:1087.23,1090.10 2 0
dnstool/go-server/internal/handlers/analysis.go:1092.9,1092.68 1 0
dnstool/go-server/internal/handlers/analysis.go:1092.68,1094.33 2 0
dnstool/go-server/internal/handlers/analysis.go:1094.33,1099.18 1 0
dnstool/go-server/internal/handlers/analysis.go:1099.23,1101.18 1 0
dnstool/go-server/internal/handlers/analysis.go:1102.17,1102.51 1 0
dnstool/go-server/internal/handlers/analysis.go:1105.9,1105.30 1 0
dnstool/go-server/internal/handlers/analysis.go:1108.55,1110.16 2 0
dnstool/go-server/internal/handlers/analysis.go:1110.16,1112.10 1 0
dnstool/go-server/internal/handlers/analysis.go:1114.9,1117.103 3 0
dnstool/go-server/internal/handlers/analysis.go:1117.103,1119.10 1 0
dnstool/go-server/internal/handlers/analysis.go:1120.9,1121.76 2 0
dnstool/go-server/internal/handlers/analysis.go:1124.63,1126.16 2 0
dnstool/go-server/internal/handlers/analysis.go:1126.16,1128.10 1 0
dnstool/go-server/internal/handlers/analysis.go:1130.9,1134.29 4 0
dnstool/go-server/internal/handlers/analysis.go:1134.29,1166.10 31 0
dnstool/go-server/internal/handlers/analysis.go:1168.9,1187.48 2 0
dnstool/go-server/internal/handlers/analysis.go:1202.98,1257.23 21 0
dnstool/go-server/internal/handlers/analysis.go:1257.23,1260.10 2 0
dnstool/go-server/internal/handlers/analysis.go:1262.9,1263.32 2 0
dnstool/go-server/internal/handlers/analysis.go:1263.32,1265.10 1 0
dnstool/go-server/internal/handlers/analysis.go:1266.9,1266.33 1 0
dnstool/go-server/internal/handlers/analysis.go:1269.67,1270.76 1 1
dnstool/go-server/internal/handlers/analysis.go:1270.76,1272.10 1 1
dnstool/go-server/internal/handlers/analysis.go:1273.9,1273.25 1 1
dnstool/go-server/internal/handlers/analysis.go:1276.54,1278.20 2 1
dnstool/go-server/internal/handlers/analysis.go:1278.20,1280.10 1 1
dnstool/go-server/internal/handlers/analysis.go:1281.9,1281.20 1 1
dnstool/go-server/internal/handlers/analysis.go:1281.20,1283.10 1 1
dnstool/go-server/internal/handlers/analysis.go:1284.9,1284.22 1 1
dnstool/go-server/internal/handlers/analysis.go:1287.70,1289.22 2 1
dnstool/go-server/internal/handlers/analysis.go:1289.22,1291.10 1 1
dnstool/go-server/internal/handlers/analysis.go:1292.9,1292.24 1 1
dnstool/go-server/internal/handlers/analysis.go:1292.24,1294.10 1 1
dnstool/go-server/internal/handlers/analysis.go:1295.9,1295.34 1 1
dnstool/go-server/internal/handlers/analysis.go:1305.48,1306.57 1 1
dnstool/go-server/internal/handlers/analysis.go:1306.57,1308.10 1 1
dnstool/go-server/internal/handlers/analysis.go:1310.9,1310.52 1 0
dnstool/go-server/internal/handlers/analysis.go:1310.52,1312.61 2 0
dnstool/go-server/internal/handlers/analysis.go:1312.61,1314.18 1 0
dnstool/go-server/internal/handlers/analysis.go:1317.9,1319.23 3 0
dnstool/go-server/internal/handlers/analysis.go:1319.23,1321.10 1 0
dnstool/go-server/internal/handlers/analysis.go:1322.9,1324.35 2 0
dnstool/go-server/internal/handlers/analysis.go:1324.35,1326.10 1 0
dnstool/go-server/internal/handlers/analysis.go:1328.9,1333.104 2 0
dnstool/go-server/internal/handlers/analysis.go:1333.104,1335.10 1 0
dnstool/go-server/internal/handlers/analysis.go:1337.9,1338.50 2 0
dnstool/go-server/internal/handlers/analysis.go:1341.80,1342.22 1 1
dnstool/go-server/internal/handlers/analysis.go:1342.22,1343.50 1 1
dnstool/go-server/internal/handlers/analysis.go:1343.50,1344.52 1 1
dnstool/go-server/internal/handlers/analysis.go:1344.52,1346.26 1 1
dnstool/go-server/internal/handlers/analysis.go:1348.17,1348.27 1 1
dnstool/go-server/internal/handlers/analysis.go:1350.9,1351.16 2 1
dnstool/go-server/internal/handlers/analysis.go:1351.16,1353.10 1 1
dnstool/go-server/internal/handlers/analysis.go:1354.9,1355.16 2 1
dnstool/go-server/internal/handlers/analysis.go:1355.16,1357.10 1 1
dnstool/go-server/internal/handlers/analysis.go:1358.9,1359.16 2 1
dnstool/go-server/internal/handlers/analysis.go:1359.16,1361.10 1 1
dnstool/go-server/internal/handlers/analysis.go:1362.9,1362.18 1 1
dnstool/go-server/internal/handlers/analysis.go:1365.100,1368.37 3 0
dnstool/go-server/internal/handlers/analysis.go:1368.37,1369.45 1 0
dnstool/go-server/internal/handlers/analysis.go:1369.45,1370.33 1 0
dnstool/go-server/internal/handlers/analysis.go:1372.17,1373.63 2 0
dnstool/go-server/internal/handlers/analysis.go:1373.63,1374.33 1 0
dnstool/go-server/internal/handlers/analysis.go:1376.17,1376.59 1 0
dnstool/go-server/internal/handlers/analysis.go:1376.59,1377.90 1 0
dnstool/go-server/internal/handlers/analysis.go:1377.90,1379.26 1 0
dnstool/go-server/internal/handlers/analysis.go:1381.17,1381.47 1 0
dnstool/go-server/internal/handlers/analysis.go:1381.47,1383.18 1 0
dnstool/go-server/internal/handlers/analysis.go:1385.9,1385.34 1 0
dnstool/go-server/internal/handlers/analysis.go:1388.125,1393.54 2 0
dnstool/go-server/internal/handlers/analysis.go:1393.54,1395.10 1 0
dnstool/go-server/internal/handlers/analysis.go:1397.9,1399.29 2 0
dnstool/go-server/internal/handlers/analysis.go:1399.29,1401.10 1 0
dnstool/go-server/internal/handlers/analysis.go:1403.9,1406.23 4 0
dnstool/go-server/internal/handlers/analysis.go:1409.86,1411.22 2 1
dnstool/go-server/internal/handlers/analysis.go:1411.22,1413.10 1 1
dnstool/go-server/internal/handlers/analysis.go:1413.15,1415.24 2 1
dnstool/go-server/internal/handlers/analysis.go:1415.24,1417.18 1 1
dnstool/go-server/internal/handlers/analysis.go:1418.17,1418.40 1 1
dnstool/go-server/internal/handlers/analysis.go:1420.9,1420.24 1 1
dnstool/go-server/internal/handlers/analysis.go:1420.24,1422.10 1 1
dnstool/go-server/internal/handlers/analysis.go:1423.9,1424.23 2 1
dnstool/go-server/internal/handlers/analysis.go:1424.23,1426.10 1 0
dnstool/go-server/internal/handlers/analysis.go:1427.9,1427.17 1 1
dnstool/go-server/internal/handlers/analysis.go:1450.74,1452.16 2 0
dnstool/go-server/internal/handlers/analysis.go:1452.16,1454.10 1 0
dnstool/go-server/internal/handlers/analysis.go:1456.9,1465.10 5 0
dnstool/go-server/internal/handlers/analysis.go:1468.123,1472.61 3 0
dnstool/go-server/internal/handlers/analysis.go:1472.61,1476.10 3 0
dnstool/go-server/internal/handlers/analysis.go:1477.9,1477.26 1 0
dnstool/go-server/internal/handlers/analysis.go:1480.78,1482.16 2 1
dnstool/go-server/internal/handlers/analysis.go:1482.16,1484.10 1 1
dnstool/go-server/internal/handlers/analysis.go:1485.9,1486.23 2 1
dnstool/go-server/internal/handlers/analysis.go:1487.48,1488.27 1 1
dnstool/go-server/internal/handlers/analysis.go:1489.47,1490.27 1 1
dnstool/go-server/internal/handlers/analysis.go:1491.51,1492.27 1 1
dnstool/go-server/internal/handlers/analysis.go:1493.37,1494.27 1 1
dnstool/go-server/internal/handlers/analysis.go:1495.17,1496.27 1 1
dnstool/go-server/internal/handlers/analysis.go:1500.68,1502.16 2 1
dnstool/go-server/internal/handlers/analysis.go:1502.16,1504.10 1 1
dnstool/go-server/internal/handlers/analysis.go:1505.9,1506.16 2 1
dnstool/go-server/internal/handlers/analysis.go:1506.16,1508.10 1 1
dnstool/go-server/internal/handlers/analysis.go:1509.9,1511.40 3 1
dnstool/go-server/internal/handlers/analysis.go:1511.40,1513.24 2 1
dnstool/go-server/internal/handlers/analysis.go:1513.24,1514.33 1 1
dnstool/go-server/internal/handlers/analysis.go:1516.17,1519.33 4 1
dnstool/go-server/internal/handlers/analysis.go:1519.33,1521.43 2 1
dnstool/go-server/internal/handlers/analysis.go:1521.43,1523.26 1 1
dnstool/go-server/internal/handlers/analysis.go:1525.17,1526.37 2 1
dnstool/go-server/internal/handlers/analysis.go:1528.9,1528.42 1 1
dnstool/go-server/internal/handlers/analysis.go:1531.105,1533.43 2 0
dnstool/go-server/internal/handlers/analysis.go:1533.43,1534.71 1 0
dnstool/go-server/internal/handlers/analysis.go:1534.71,1536.18 1 0
dnstool/go-server/internal/handlers/analysis.go:1538.9,1539.37 2 0
dnstool/go-server/internal/handlers/analytics.go:24.87,26.2 1 1
dnstool/go-server/internal/handlers/analytics.go:60.54,80.2 8 0
dnstool/go-server/internal/handlers/analytics.go:82.95,88.23 2 0
dnstool/go-server/internal/handlers/analytics.go:88.23,91.10 2 0
dnstool/go-server/internal/handlers/analytics.go:92.9,95.25 3 0
dnstool/go-server/internal/handlers/analytics.go:95.25,100.86 4 0
dnstool/go-server/internal/handlers/analytics.go:100.86,102.33 2 0
dnstool/go-server/internal/handlers/analytics.go:104.17,107.84 4 0
dnstool/go-server/internal/handlers/analytics.go:107.84,109.18 1 0
dnstool/go-server/internal/handlers/analytics.go:110.17,110.78 1 0
dnstool/go-server/internal/handlers/analytics.go:110.78,112.18 1 0
dnstool/go-server/internal/handlers/analytics.go:113.17,113.39 1 0
dnstool/go-server/internal/handlers/analytics.go:115.9,115.20 1 0
dnstool/go-server/internal/handlers/analytics.go:118.102,125.32 5 0
dnstool/go-server/internal/handlers/analytics.go:125.32,130.53 5 0
dnstool/go-server/internal/handlers/analytics.go:130.53,132.18 1 0
dnstool/go-server/internal/handlers/analytics.go:133.17,133.46 1 0
dnstool/go-server/internal/handlers/analytics.go:133.46,135.18 1 0
dnstool/go-server/internal/handlers/analytics.go:138.9,138.30 1 0
dnstool/go-server/internal/handlers/analytics.go:138.30,141.10 2 0
dnstool/go-server/internal/handlers/analytics.go:143.9,146.17 3 0
dnstool/go-server/internal/handlers/analytics.go:149.52,151.29 2 1
dnstool/go-server/internal/handlers/analytics.go:151.29,153.10 1 1
dnstool/go-server/internal/handlers/analytics.go:154.9,154.43 1 1
dnstool/go-server/internal/handlers/analytics.go:154.43,155.55 1 1
dnstool/go-server/internal/handlers/analytics.go:155.55,156.64 1 1
dnstool/go-server/internal/handlers/analytics.go:156.64,158.26 1 1
dnstool/go-server/internal/handlers/analytics.go:161.9,161.29 1 1
dnstool/go-server/internal/handlers/analytics.go:161.29,163.10 1 1
dnstool/go-server/internal/handlers/analytics.go:164.9,164.23 1 1
dnstool/go-server/internal/handlers/analytics.go:167.53,169.29 2 1
dnstool/go-server/internal/handlers/analytics.go:169.29,171.10 1 1
dnstool/go-server/internal/handlers/analytics.go:172.9,172.43 1 1
dnstool/go-server/internal/handlers/analytics.go:172.43,173.55 1 1
dnstool/go-server/internal/handlers/analytics.go:173.55,174.64 1 1
dnstool/go-server/internal/handlers/analytics.go:174.64,176.26 1 1
dnstool/go-server/internal/handlers/analytics.go:179.9,179.29 1 1
dnstool/go-server/internal/handlers/analytics.go:179.29,181.10 1 1
dnstool/go-server/internal/handlers/analytics.go:182.9,182.23 1 1
dnstool/go-server/internal/handlers/approach.go:17.62,19.2 1 1
dnstool/go-server/internal/handlers/approach.go:21.52,32.2 4 0
dnstool/go-server/internal/handlers/architecture.go:17.70,19.2 1 1
dnstool/go-server/internal/handlers/architecture.go:21.60,33.2 4 0
dnstool/go-server/internal/handlers/audit_log.go:38.41,40.42 2 1
dnstool/go-server/internal/handlers/audit_log.go:40.42,41.77 1 1
dnstool/go-server/internal/handlers/audit_log.go:41.77,43.18 1 1
dnstool/go-server/internal/handlers/audit_log.go:45.9,45.20 1 1
dnstool/go-server/internal/handlers/audit_log.go:48.90,50.24 2 0
dnstool/go-server/internal/handlers/audit_log.go:50.24,52.10 1 0
dnstool/go-server/internal/handlers/audit_log.go:54.9,56.23 3 0
dnstool/go-server/internal/handlers/audit_log.go:56.23,59.45 3 0
dnstool/go-server/internal/handlers/audit_log.go:59.45,61.18 1 0
dnstool/go-server/internal/handlers/audit_log.go:62.17,62.48 1 0
dnstool/go-server/internal/handlers/audit_log.go:62.48,65.18 2 0
dnstool/go-server/internal/handlers/audit_log.go:68.9,73.23 3 0
dnstool/go-server/internal/handlers/audit_log.go:73.23,75.10 1 0
dnstool/go-server/internal/handlers/audit_log.go:77.9,81.31 5 0
dnstool/go-server/internal/handlers/audit_log.go:84.73,86.34 2 1
dnstool/go-server/internal/handlers/audit_log.go:86.34,91.43 2 1
dnstool/go-server/internal/handlers/audit_log.go:91.43,93.18 1 1
dnstool/go-server/internal/handlers/audit_log.go:94.17,94.40 1 1
dnstool/go-server/internal/handlers/audit_log.go:94.40,96.18 1 1
dnstool/go-server/internal/handlers/audit_log.go:97.17,97.49 1 1
dnstool/go-server/internal/handlers/audit_log.go:99.9,99.23 1 1
dnstool/go-server/internal/handlers/audit_log.go:102.54,121.2 9 0
dnstool/go-server/internal/handlers/audit_log.go:123.87,125.2 1 1
dnstool/go-server/internal/handlers/auth.go:48.74,54.2 1 0
dnstool/go-server/internal/handlers/auth.go:56.53,58.47 2 1
dnstool/go-server/internal/handlers/auth.go:58.47,60.10 1 0
dnstool/go-server/internal/handlers/auth.go:61.9,61.60 1 1
dnstool/go-server/internal/handlers/auth.go:64.42,66.47 2 1
dnstool/go-server/internal/handlers/auth.go:66.47,68.10 1 0
dnstool/go-server/internal/handlers/auth.go:69.9,69.42 1 1
dnstool/go-server/internal/handlers/auth.go:72.51,75.2 2 1
dnstool/go-server/internal/handlers/auth.go:77.45,79.23 2 0
dnstool/go-server/internal/handlers/auth.go:79.23,83.10 3 0
dnstool/go-server/internal/handlers/auth.go:85.9,86.23 2 0
dnstool/go-server/internal/handlers/auth.go:86.23,90.10 3 0
dnstool/go-server/internal/handlers/auth.go:92.9,93.23 2 0
dnstool/go-server/internal/handlers/auth.go:93.23,97.10 3 0
dnstool/go-server/internal/handlers/auth.go:99.9,120.46 8 0
dnstool/go-server/internal/handlers/auth.go:123.48,125.16 2 0
dnstool/go-server/internal/handlers/auth.go:125.16,128.10 2 0
dnstool/go-server/internal/handlers/auth.go:130.9,131.23 2 0
dnstool/go-server/internal/handlers/auth.go:131.23,135.10 3 0
dnstool/go-server/internal/handlers/auth.go:137.9,139.79 2 0
dnstool/go-server/internal/handlers/auth.go:139.79,143.10 3 0
dnstool/go-server/internal/handlers/auth.go:145.9,146.37 2 0
dnstool/go-server/internal/handlers/auth.go:146.37,150.10 3 0
dnstool/go-server/internal/handlers/auth.go:152.9,153.23 2 0
dnstool/go-server/internal/handlers/auth.go:153.23,157.10 3 0
dnstool/go-server/internal/handlers/auth.go:159.9,160.55 2 0
dnstool/go-server/internal/handlers/auth.go:160.55,168.10 3 0
dnstool/go-server/internal/handlers/auth.go:170.9,180.23 4 0
dnstool/go-server/internal/handlers/auth.go:180.23,184.10 3 0
dnstool/go-server/internal/handlers/auth.go:186.9,189.23 3 0
dnstool/go-server/internal/handlers/auth.go:189.23,192.10 2 0
dnstool/go-server/internal/handlers/auth.go:194.9,194.57 1 0
dnstool/go-server/internal/handlers/auth.go:197.144,198.59 1 0
dnstool/go-server/internal/handlers/auth.go:198.59,200.10 1 0
dnstool/go-server/internal/handlers/auth.go:201.9,201.73 1 0
dnstool/go-server/internal/handlers/auth.go:201.73,204.10 2 0
dnstool/go-server/internal/handlers/auth.go:205.9,209.27 2 0
dnstool/go-server/internal/handlers/auth.go:212.106,221.37 7 0
dnstool/go-server/internal/handlers/auth.go:221.37,223.10 1 0
dnstool/go-server/internal/handlers/auth.go:225.9,227.23 2 0
dnstool/go-server/internal/handlers/auth.go:227.23,229.10 1 0
dnstool/go-server/internal/handlers/auth.go:229.15,231.10 1 0
dnstool/go-server/internal/handlers/auth.go:234.88,236.44 2 0
dnstool/go-server/internal/handlers/auth.go:236.44,239.10 2 0
dnstool/go-server/internal/handlers/auth.go:241.9,242.58 2 0
dnstool/go-server/internal/handlers/auth.go:242.58,245.10 2 0
dnstool/go-server/internal/handlers/auth.go:247.9,248.45 2 0
dnstool/go-server/internal/handlers/auth.go:248.45,251.10 2 0
dnstool/go-server/internal/handlers/auth.go:253.9,254.44 2 0
dnstool/go-server/internal/handlers/auth.go:254.44,257.10 2 0
dnstool/go-server/internal/handlers/auth.go:259.9,260.23 2 0
dnstool/go-server/internal/handlers/auth.go:260.23,263.10 2 0
dnstool/go-server/internal/handlers/auth.go:265.9,265.66 1 0
dnstool/go-server/internal/handlers/auth.go:268.80,274.2 5 1
dnstool/go-server/internal/handlers/auth.go:276.87,279.45 3 0
dnstool/go-server/internal/handlers/auth.go:279.45,285.10 1 0
dnstool/go-server/internal/handlers/auth.go:286.9,286.101 1 0
dnstool/go-server/internal/handlers/auth.go:286.101,288.36 2 0
dnstool/go-server/internal/handlers/auth.go:288.36,290.18 1 0
dnstool/go-server/internal/handlers/auth.go:290.23,290.43 1 0
dnstool/go-server/internal/handlers/auth.go:290.43,298.18 3 0
dnstool/go-server/internal/handlers/auth.go:300.9,300.42 1 0
dnstool/go-server/internal/handlers/auth.go:303.92,305.23 2 0
dnstool/go-server/internal/handlers/auth.go:305.23,308.10 2 0
dnstool/go-server/internal/handlers/auth.go:310.9,319.23 3 0
dnstool/go-server/internal/handlers/auth.go:319.23,322.10 2 0
dnstool/go-server/internal/handlers/auth.go:323.9,323.30 1 0
dnstool/go-server/internal/handlers/auth.go:326.46,328.39 2 0
dnstool/go-server/internal/handlers/auth.go:328.39,329.98 1 0
dnstool/go-server/internal/handlers/auth.go:329.98,331.18 1 0
dnstool/go-server/internal/handlers/auth.go:334.9,335.42 2 0
dnstool/go-server/internal/handlers/auth.go:338.99,340.36 2 0
dnstool/go-server/internal/handlers/auth.go:340.36,342.10 1 0
dnstool/go-server/internal/handlers/auth.go:344.9,345.23 2 0
dnstool/go-server/internal/handlers/auth.go:345.23,347.10 1 0
dnstool/go-server/internal/handlers/auth.go:349.9,349.97 1 0
dnstool/go-server/internal/handlers/auth.go:349.97,351.10 1 0
dnstool/go-server/internal/handlers/auth.go:353.9,353.61 1 0
dnstool/go-server/internal/handlers/auth.go:353.61,355.10 1 0
dnstool/go-server/internal/handlers/auth.go:357.9,357.59 1 0
dnstool/go-server/internal/handlers/auth.go:360.69,362.28 2 1
dnstool/go-server/internal/handlers/auth.go:362.28,364.10 1 1
dnstool/go-server/internal/handlers/auth.go:365.9,366.23 2 1
dnstool/go-server/internal/handlers/auth.go:366.23,368.10 1 1
dnstool/go-server/internal/handlers/auth.go:369.9,370.64 2 1
dnstool/go-server/internal/handlers/auth.go:370.64,372.10 1 1
dnstool/go-server/internal/handlers/auth.go:373.9,373.27 1 1
dnstool/go-server/internal/handlers/auth.go:376.93,378.81 2 1
dnstool/go-server/internal/handlers/auth.go:378.81,380.10 1 1
dnstool/go-server/internal/handlers/auth.go:381.9,382.36 2 1
dnstool/go-server/internal/handlers/auth.go:382.36,384.10 1 1
dnstool/go-server/internal/handlers/auth.go:385.9,385.19 1 1
dnstool/go-server/internal/handlers/auth.go:388.57,391.47 3 1
dnstool/go-server/internal/handlers/auth.go:391.47,393.10 1 1
dnstool/go-server/internal/handlers/auth.go:394.9,394.62 1 1
dnstool/go-server/internal/handlers/auth.go:394.62,396.58 2 1
dnstool/go-server/internal/handlers/auth.go:396.58,398.18 1 1
dnstool/go-server/internal/handlers/auth.go:400.9,400.19 1 1
dnstool/go-server/internal/handlers/auth.go:403.78,404.32 1 1
dnstool/go-server/internal/handlers/auth.go:404.32,406.10 1 1
dnstool/go-server/internal/handlers/auth.go:407.9,408.29 2 1
dnstool/go-server/internal/handlers/auth.go:408.29,410.10 1 1
dnstool/go-server/internal/handlers/auth.go:411.9,411.40 1 1
dnstool/go-server/internal/handlers/auth.go:411.40,413.10 1 1
dnstool/go-server/internal/handlers/auth.go:414.9,414.19 1 1
dnstool/go-server/internal/handlers/auth.go:421.87,432.23 3 0
dnstool/go-server/internal/handlers/auth.go:432.23,434.10 1 0
dnstool/go-server/internal/handlers/auth.go:435.9,438.23 3 0
dnstool/go-server/internal/handlers/auth.go:438.23,440.10 1 0
dnstool/go-server/internal/handlers/auth.go:442.9,442.45 1 0
dnstool/go-server/internal/handlers/auth.go:442.45,444.10 1 0
dnstool/go-server/internal/handlers/auth.go:446.9,447.61 2 0
dnstool/go-server/internal/handlers/auth.go:447.61,449.10 1 0
dnstool/go-server/internal/handlers/auth.go:451.9,451.27 1 0
dnstool/go-server/internal/handlers/auth.go:454.81,456.23 2 0
dnstool/go-server/internal/handlers/auth.go:456.23,458.10 1 0
dnstool/go-server/internal/handlers/auth.go:459.9,462.23 3 0
dnstool/go-server/internal/handlers/auth.go:462.23,464.10 1 0
dnstool/go-server/internal/handlers/auth.go:465.9,468.23 3 0
dnstool/go-server/internal/handlers/auth.go:468.23,470.10 1 0
dnstool/go-server/internal/handlers/auth.go:472.9,472.45 1 0
dnstool/go-server/internal/handlers/auth.go:472.45,474.10 1 0
dnstool/go-server/internal/handlers/auth.go:476.9,477.61 2 0
dnstool/go-server/internal/handlers/auth.go:477.61,479.10 1 0
dnstool/go-server/internal/handlers/auth.go:481.9,481.27 1 0
dnstool/go-server/internal/handlers/auth.go:484.65,486.56 2 1
dnstool/go-server/internal/handlers/auth.go:486.56,488.10 1 1
dnstool/go-server/internal/handlers/auth.go:489.9,494.28 5 1
dnstool/go-server/internal/handlers/auth.go:494.28,496.64 2 1
dnstool/go-server/internal/handlers/auth.go:496.64,498.18 1 1
dnstool/go-server/internal/handlers/auth.go:500.9,500.23 1 1
dnstool/go-server/internal/handlers/auth.go:503.77,505.23 2 0
dnstool/go-server/internal/handlers/auth.go:505.23,508.10 2 0
dnstool/go-server/internal/handlers/auth.go:509.9,510.36 2 0
dnstool/go-server/internal/handlers/auth.go:510.36,512.10 1 0
dnstool/go-server/internal/handlers/auth.go:513.9,513.84 1 0
dnstool/go-server/internal/handlers/auth.go:513.84,514.38 1 0
dnstool/go-server/internal/handlers/auth.go:514.38,515.33 1 0
dnstool/go-server/internal/handlers/auth.go:517.17,523.31 2 0
dnstool/go-server/internal/handlers/auth.go:523.31,525.18 1 0
dnstool/go-server/internal/handlers/auth.go:525.23,527.18 1 0
dnstool/go-server/internal/handlers/auth.go:530.9,530.43 1 0
dnstool/go-server/internal/handlers/auth.go:533.78,534.45 1 0
dnstool/go-server/internal/handlers/auth.go:534.45,536.10 1 0
dnstool/go-server/internal/handlers/auth.go:537.9,538.23 2 0
dnstool/go-server/internal/handlers/auth.go:538.23,541.10 2 0
dnstool/go-server/internal/handlers/auth.go:542.9,542.38 1 0
dnstool/go-server/internal/handlers/auth.go:542.38,543.57 1 0
dnstool/go-server/internal/handlers/auth.go:543.57,545.18 1 0
dnstool/go-server/internal/handlers/auth.go:547.9,553.23 2 0
dnstool/go-server/internal/handlers/auth.go:553.23,555.10 1 0
dnstool/go-server/internal/handlers/auth.go:555.15,557.10 1 0
dnstool/go-server/internal/handlers/auth_helpers.go:9.74,10.68 1 1
dnstool/go-server/internal/handlers/auth_helpers.go:10.68,18.3 7 0
dnstool/go-server/internal/handlers/auth_helpers.go:19.2,19.30 1 1
dnstool/go-server/internal/handlers/auth_helpers.go:19.30,21.3 1 0
dnstool/go-server/internal/handlers/auth_helpers.go:22.2,22.13 1 1
dnstool/go-server/internal/handlers/badge.go:38.79,40.2 1 1
dnstool/go-server/internal/handlers/badge.go:42.46,44.25 2 0
dnstool/go-server/internal/handlers/badge.go:44.25,47.10 2 0
dnstool/go-server/internal/handlers/badge.go:49.9,50.59 2 0
dnstool/go-server/internal/handlers/badge.go:50.59,53.10 2 0
dnstool/go-server/internal/handlers/badge.go:55.9,57.23 3 0
dnstool/go-server/internal/handlers/badge.go:57.23,60.10 2 0
dnstool/go-server/internal/handlers/badge.go:62.9,62.29 1 0
dnstool/go-server/internal/handlers/badge.go:62.29,65.10 2 0
dnstool/go-server/internal/handlers/badge.go:67.9,68.27 2 0
dnstool/go-server/internal/handlers/badge.go:68.27,71.10 2 0
dnstool/go-server/internal/handlers/badge.go:73.9,81.30 6 0
dnstool/go-server/internal/handlers/badge.go:81.30,83.10 1 0
dnstool/go-server/internal/handlers/badge.go:83.15,85.10 1 0
dnstool/go-server/internal/handlers/badge.go:88.51,97.2 3 0
dnstool/go-server/internal/handlers/badge.go:99.73,100.34 1 1
dnstool/go-server/internal/handlers/badge.go:100.34,102.10 1 1
dnstool/go-server/internal/handlers/badge.go:103.9,104.69 2 1
dnstool/go-server/internal/handlers/badge.go:104.69,107.10 2 1
dnstool/go-server/internal/handlers/badge.go:108.9,108.23 1 1
dnstool/go-server/internal/handlers/badge.go:111.66,114.27 3 1
dnstool/go-server/internal/handlers/badge.go:114.27,116.10 1 1
dnstool/go-server/internal/handlers/badge.go:117.9,118.16 2 1
dnstool/go-server/internal/handlers/badge.go:118.16,120.10 1 1
dnstool/go-server/internal/handlers/badge.go:121.9,122.16 2 1
dnstool/go-server/internal/handlers/badge.go:122.16,124.10 1 1
dnstool/go-server/internal/handlers/badge.go:125.9,125.68 1 1
dnstool/go-server/internal/handlers/badge.go:125.68,127.10 1 1
dnstool/go-server/internal/handlers/badge.go:127.15,127.71 1 1
dnstool/go-server/internal/handlers/badge.go:127.71,129.10 1 1
dnstool/go-server/internal/handlers/badge.go:130.9,130.56 1 1
dnstool/go-server/internal/handlers/badge.go:130.56,132.10 1 1
dnstool/go-server/internal/handlers/badge.go:133.9,133.36 1 1
dnstool/go-server/internal/handlers/badge.go:136.42,137.22 1 1
dnstool/go-server/internal/handlers/badge.go:138.24,139.30 1 1
dnstool/go-server/internal/handlers/badge.go:140.24,141.33 1 1
dnstool/go-server/internal/handlers/badge.go:142.23,143.35 1 1
dnstool/go-server/internal/handlers/badge.go:144.17,145.33 1 1
dnstool/go-server/internal/handlers/badge.go:149.50,181.2 5 1
dnstool/go-server/internal/handlers/badge.go:183.55,185.25 2 0
dnstool/go-server/internal/handlers/badge.go:185.25,194.10 2 0
dnstool/go-server/internal/handlers/badge.go:196.9,197.59 2 0
dnstool/go-server/internal/handlers/badge.go:197.59,206.10 2 0
dnstool/go-server/internal/handlers/badge.go:208.9,210.23 3 0
dnstool/go-server/internal/handlers/badge.go:210.23,218.10 2 0
dnstool/go-server/internal/handlers/badge.go:220.9,220.29 1 0
dnstool/go-server/internal/handlers/badge.go:220.29,228.10 2 0
dnstool/go-server/internal/handlers/badge.go:230.9,246.40 7 0
dnstool/go-server/internal/handlers/badge.go:246.40,248.10 1 0
dnstool/go-server/internal/handlers/badge.go:250.9,250.36 1 0
dnstool/go-server/internal/handlers/badge.go:253.46,254.22 1 1
dnstool/go-server/internal/handlers/badge.go:255.24,256.37 1 1
dnstool/go-server/internal/handlers/badge.go:257.24,258.32 1 1
dnstool/go-server/internal/handlers/badge.go:259.23,260.29 1 1
dnstool/go-server/internal/handlers/badge.go:261.17,262.39 1 1
dnstool/go-server/internal/handlers/badge.go:266.61,296.2 6 1
dnstool/go-server/internal/handlers/brand_colors.go:35.68,37.2 1 1
dnstool/go-server/internal/handlers/brand_colors.go:39.58,55.2 4 0
dnstool/go-server/internal/handlers/brand_colors.go:57.37,114.2 1 1
dnstool/go-server/internal/handlers/brand_colors.go:116.37,149.2 1 1
dnstool/go-server/internal/handlers/brand_colors.go:151.38,178.2 1 1
dnstool/go-server/internal/handlers/brand_colors.go:180.34,223.2 1 1
dnstool/go-server/internal/handlers/brand_colors.go:225.35,268.2 1 1
dnstool/go-server/internal/handlers/changelog.go:100.49,102.26 2 1
dnstool/go-server/internal/handlers/changelog.go:102.26,104.10 1 1
dnstool/go-server/internal/handlers/changelog.go:105.9,105.23 1 1
dnstool/go-server/internal/handlers/changelog.go:108.38,624.2 1 1
dnstool/go-server/internal/handlers/changelog.go:626.44,692.2 1 1
dnstool/go-server/internal/handlers/changelog_handler.go:17.64,19.2 1 1
dnstool/go-server/internal/handlers/changelog_handler.go:21.54,34.2 4 0
dnstool/go-server/internal/handlers/color_science.go:17.70,19.2 1 1
dnstool/go-server/internal/handlers/color_science.go:21.60,32.2 4 0
dnstool/go-server/internal/handlers/compare.go:33.83,35.2 1 1
dnstool/go-server/internal/handlers/compare.go:37.44,38.21 1 1
dnstool/go-server/internal/handlers/compare.go:38.21,40.10 1 1
dnstool/go-server/internal/handlers/compare.go:41.9,41.36 1 1
dnstool/go-server/internal/handlers/compare.go:41.36,43.10 1 1
dnstool/go-server/internal/handlers/compare.go:44.9,45.23 2 1
dnstool/go-server/internal/handlers/compare.go:45.23,47.10 1 0
dnstool/go-server/internal/handlers/compare.go:48.9,48.25 1 1
dnstool/go-server/internal/handlers/compare.go:51.65,53.30 2 1
dnstool/go-server/internal/handlers/compare.go:53.30,55.10 1 1
dnstool/go-server/internal/handlers/compare.go:56.9,56.35 1 1
dnstool/go-server/internal/handlers/compare.go:56.35,58.62 2 1
dnstool/go-server/internal/handlers/compare.go:58.62,59.71 1 1
dnstool/go-server/internal/handlers/compare.go:59.71,62.26 2 1
dnstool/go-server/internal/handlers/compare.go:65.9,65.38 1 1
dnstool/go-server/internal/handlers/compare.go:65.38,68.10 2 1
dnstool/go-server/internal/handlers/compare.go:69.9,69.18 1 1
dnstool/go-server/internal/handlers/compare.go:82.63,92.27 2 0
dnstool/go-server/internal/handlers/compare.go:92.27,94.10 1 0
dnstool/go-server/internal/handlers/compare.go:95.9,96.43 2 0
dnstool/go-server/internal/handlers/compare.go:99.60,102.33 3 1
dnstool/go-server/internal/handlers/compare.go:102.33,110.30 2 1
dnstool/go-server/internal/handlers/compare.go:110.30,112.18 1 1
dnstool/go-server/internal/handlers/compare.go:113.17,113.52 1 1
dnstool/go-server/internal/handlers/compare.go:113.52,123.18 2 1
dnstool/go-server/internal/handlers/compare.go:124.17,124.44 1 1
dnstool/go-server/internal/handlers/compare.go:126.9,126.30 1 1
dnstool/go-server/internal/handlers/compare.go:129.50,137.39 6 0
dnstool/go-server/internal/handlers/compare.go:137.39,140.10 2 0
dnstool/go-server/internal/handlers/compare.go:142.9,147.23 5 0
dnstool/go-server/internal/handlers/compare.go:147.23,150.10 2 0
dnstool/go-server/internal/handlers/compare.go:152.9,153.23 2 0
dnstool/go-server/internal/handlers/compare.go:153.23,156.10 2 0
dnstool/go-server/internal/handlers/compare.go:158.9,158.49 1 0
dnstool/go-server/internal/handlers/compare.go:158.49,161.10 2 0
dnstool/go-server/internal/handlers/compare.go:163.9,163.67 1 0
dnstool/go-server/internal/handlers/compare.go:163.67,164.77 1 0
dnstool/go-server/internal/handlers/compare.go:164.77,166.18 1 0
dnstool/go-server/internal/handlers/compare.go:169.9,172.47 3 0
dnstool/go-server/internal/handlers/compare.go:172.47,175.10 2 0
dnstool/go-server/internal/handlers/compare.go:177.9,194.53 5 0
dnstool/go-server/internal/handlers/compare.go:197.70,201.25 3 0
dnstool/go-server/internal/handlers/compare.go:201.25,215.10 4 0
dnstool/go-server/internal/handlers/compare.go:217.9,222.23 3 0
dnstool/go-server/internal/handlers/compare.go:222.23,236.10 4 0
dnstool/go-server/internal/handlers/compare.go:238.9,238.31 1 0
dnstool/go-server/internal/handlers/compare.go:238.31,252.10 4 0
dnstool/go-server/internal/handlers/compare.go:253.9,253.30 1 0
dnstool/go-server/internal/handlers/compare.go:253.30,255.44 2 0
dnstool/go-server/internal/handlers/compare.go:255.44,257.18 1 0
dnstool/go-server/internal/handlers/compare.go:258.17,271.23 4 0
dnstool/go-server/internal/handlers/compare.go:274.9,275.36 2 0
dnstool/go-server/internal/handlers/compare.go:275.36,277.10 1 0
dnstool/go-server/internal/handlers/compare.go:279.9,290.65 3 0
dnstool/go-server/internal/handlers/compare.go:293.65,295.31 2 1
dnstool/go-server/internal/handlers/compare.go:295.31,297.10 1 1
dnstool/go-server/internal/handlers/compare.go:298.9,299.33 2 1
dnstool/go-server/internal/handlers/compare.go:299.33,301.10 1 1
dnstool/go-server/internal/handlers/compare.go:302.9,303.32 2 1
dnstool/go-server/internal/handlers/compare.go:303.32,305.10 1 1
dnstool/go-server/internal/handlers/compare.go:306.9,307.38 2 1
dnstool/go-server/internal/handlers/compare.go:307.38,309.10 1 1
dnstool/go-server/internal/handlers/compare.go:310.9,311.30 2 1
dnstool/go-server/internal/handlers/compare.go:311.30,313.10 1 1
dnstool/go-server/internal/handlers/compare.go:314.9,315.35 2 1
dnstool/go-server/internal/handlers/compare.go:315.35,317.62 2 1
dnstool/go-server/internal/handlers/compare.go:317.62,318.71 1 1
dnstool/go-server/internal/handlers/compare.go:318.71,320.26 1 1
dnstool/go-server/internal/handlers/compare.go:323.9,333.10 1 1
dnstool/go-server/internal/handlers/confidence.go:21.89,23.2 1 1
dnstool/go-server/internal/handlers/confidence.go:25.56,40.24 6 0
dnstool/go-server/internal/handlers/confidence.go:40.24,41.105 1 0
dnstool/go-server/internal/handlers/confidence.go:41.105,43.53 2 0
dnstool/go-server/internal/handlers/confidence.go:43.53,44.122 1 0
dnstool/go-server/internal/handlers/confidence.go:44.122,46.34 1 0
dnstool/go-server/internal/handlers/confidence.go:48.25,48.54 1 0
dnstool/go-server/internal/handlers/confidence.go:52.9,52.24 1 0
dnstool/go-server/internal/handlers/confidence.go:52.24,53.121 1 0
dnstool/go-server/internal/handlers/confidence.go:53.121,55.18 1 0
dnstool/go-server/internal/handlers/confidence.go:58.9,60.55 3 0
dnstool/go-server/internal/handlers/dossier.go:27.83,29.2 1 1
dnstool/go-server/internal/handlers/dossier.go:46.62,48.31 2 1
dnstool/go-server/internal/handlers/dossier.go:48.31,50.10 1 1
dnstool/go-server/internal/handlers/dossier.go:51.9,52.33 2 1
dnstool/go-server/internal/handlers/dossier.go:52.33,54.10 1 1
dnstool/go-server/internal/handlers/dossier.go:55.9,56.32 2 1
dnstool/go-server/internal/handlers/dossier.go:56.32,58.10 1 1
dnstool/go-server/internal/handlers/dossier.go:59.9,60.38 2 1
dnstool/go-server/internal/handlers/dossier.go:60.38,62.10 1 1
dnstool/go-server/internal/handlers/dossier.go:63.9,64.30 2 1
dnstool/go-server/internal/handlers/dossier.go:64.30,67.10 2 1
dnstool/go-server/internal/handlers/dossier.go:68.9,69.35 2 1
dnstool/go-server/internal/handlers/dossier.go:69.35,71.62 2 1
dnstool/go-server/internal/handlers/dossier.go:71.62,72.71 1 1
dnstool/go-server/internal/handlers/dossier.go:72.71,74.26 1 1
dnstool/go-server/internal/handlers/dossier.go:77.9,78.33 2 1
dnstool/go-server/internal/handlers/dossier.go:78.33,80.10 1 1
dnstool/go-server/internal/handlers/dossier.go:81.9,94.10 1 1
dnstool/go-server/internal/handlers/dossier.go:97.74,99.31 2 1
dnstool/go-server/internal/handlers/dossier.go:99.31,101.10 1 1
dnstool/go-server/internal/handlers/dossier.go:102.9,103.33 2 1
dnstool/go-server/internal/handlers/dossier.go:103.33,105.10 1 1
dnstool/go-server/internal/handlers/dossier.go:106.9,107.32 2 1
dnstool/go-server/internal/handlers/dossier.go:107.32,109.10 1 1
dnstool/go-server/internal/handlers/dossier.go:110.9,111.38 2 1
dnstool/go-server/internal/handlers/dossier.go:111.38,113.10 1 1
dnstool/go-server/internal/handlers/dossier.go:114.9,115.30 2 1
dnstool/go-server/internal/handlers/dossier.go:115.30,118.10 2 1
dnstool/go-server/internal/handlers/dossier.go:119.9,120.35 2 1
dnstool/go-server/internal/handlers/dossier.go:120.35,122.62 2 1
dnstool/go-server/internal/handlers/dossier.go:122.62,123.71 1 1
dnstool/go-server/internal/handlers/dossier.go:123.71,125.26 1 1
dnstool/go-server/internal/handlers/dossier.go:128.9,129.33 2 1
dnstool/go-server/internal/handlers/dossier.go:129.33,131.10 1 1
dnstool/go-server/internal/handlers/dossier.go:132.9,145.10 1 1
dnstool/go-server/internal/handlers/dossier.go:148.50,153.36 4 0
dnstool/go-server/internal/handlers/dossier.go:153.36,170.10 4 0
dnstool/go-server/internal/handlers/dossier.go:172.9,176.21 4 0
dnstool/go-server/internal/handlers/dossier.go:176.21,178.10 1 0
dnstool/go-server/internal/handlers/dossier.go:179.9,185.23 5 0
dnstool/go-server/internal/handlers/dossier.go:185.23,198.10 4 0
dnstool/go-server/internal/handlers/dossier.go:200.9,203.23 3 0
dnstool/go-server/internal/handlers/dossier.go:203.23,216.10 4 0
dnstool/go-server/internal/handlers/dossier.go:218.9,233.53 4 0
dnstool/go-server/internal/handlers/dossier.go:236.115,237.31 1 0
dnstool/go-server/internal/handlers/dossier.go:237.31,243.10 2 0
dnstool/go-server/internal/handlers/dossier.go:244.9,244.59 1 0
dnstool/go-server/internal/handlers/dossier.go:247.151,248.31 1 0
dnstool/go-server/internal/handlers/dossier.go:248.31,256.31 3 0
dnstool/go-server/internal/handlers/dossier.go:256.31,258.18 1 0
dnstool/go-server/internal/handlers/dossier.go:259.17,260.44 2 0
dnstool/go-server/internal/handlers/dossier.go:260.44,262.18 1 0
dnstool/go-server/internal/handlers/dossier.go:263.17,263.34 1 0
dnstool/go-server/internal/handlers/dossier.go:266.9,271.23 2 0
dnstool/go-server/internal/handlers/dossier.go:271.23,273.10 1 0
dnstool/go-server/internal/handlers/dossier.go:274.9,275.36 2 0
dnstool/go-server/internal/handlers/dossier.go:275.36,277.10 1 0
dnstool/go-server/internal/handlers/dossier.go:278.9,278.26 1 0
dnstool/go-server/internal/handlers/drift.go:23.79,25.2 1 1
dnstool/go-server/internal/handlers/drift.go:49.33,50.24 1 1
dnstool/go-server/internal/handlers/drift.go:50.24,52.10 1 1
dnstool/go-server/internal/handlers/drift.go:53.9,53.17 1 1
dnstool/go-server/internal/handlers/drift.go:56.49,58.25 2 0
dnstool/go-server/internal/handlers/drift.go:58.25,63.10 4 0
dnstool/go-server/internal/handlers/drift.go:65.9,71.23 3 0
dnstool/go-server/internal/handlers/drift.go:71.23,76.10 4 0
dnstool/go-server/internal/handlers/drift.go:78.9,82.23 2 0
dnstool/go-server/internal/handlers/drift.go:82.23,87.10 4 0
dnstool/go-server/internal/handlers/drift.go:89.9,96.51 7 0
dnstool/go-server/internal/handlers/drift.go:99.75,110.25 4 0
dnstool/go-server/internal/handlers/drift.go:110.25,112.10 1 0
dnstool/go-server/internal/handlers/drift.go:113.9,114.20 2 0
dnstool/go-server/internal/handlers/drift.go:117.76,119.40 2 1
dnstool/go-server/internal/handlers/drift.go:119.40,131.39 2 1
dnstool/go-server/internal/handlers/drift.go:131.39,133.18 1 1
dnstool/go-server/internal/handlers/drift.go:134.17,134.44 1 1
dnstool/go-server/internal/handlers/drift.go:134.44,136.75 2 1
dnstool/go-server/internal/handlers/drift.go:136.75,138.26 1 1
dnstool/go-server/internal/handlers/drift.go:140.17,140.48 1 1
dnstool/go-server/internal/handlers/drift.go:142.9,142.24 1 1
dnstool/go-server/internal/handlers/drift.go:145.73,148.49 3 1
dnstool/go-server/internal/handlers/drift.go:148.49,151.41 3 1
dnstool/go-server/internal/handlers/drift.go:151.41,153.18 1 1
dnstool/go-server/internal/handlers/drift.go:154.17,159.38 2 1
dnstool/go-server/internal/handlers/drift.go:159.38,161.18 1 1
dnstool/go-server/internal/handlers/drift.go:162.17,162.65 1 1
dnstool/go-server/internal/handlers/drift.go:162.65,164.18 1 1
dnstool/go-server/internal/handlers/drift.go:165.17,166.57 2 1
dnstool/go-server/internal/handlers/drift.go:168.9,168.67 1 1
dnstool/go-server/internal/handlers/drift.go:168.67,170.10 1 1
dnstool/go-server/internal/handlers/drift.go:171.9,171.27 1 1
dnstool/go-server/internal/handlers/email_header.go:28.68,30.2 1 1
dnstool/go-server/internal/handlers/email_header.go:32.62,47.2 5 0
dnstool/go-server/internal/handlers/email_header.go:49.65,53.39 3 0
dnstool/go-server/internal/handlers/email_header.go:53.39,66.10 3 0
dnstool/go-server/internal/handlers/email_header.go:68.9,72.67 4 0
dnstool/go-server/internal/handlers/email_header.go:72.67,74.52 2 0
dnstool/go-server/internal/handlers/email_header.go:74.52,77.18 2 0
dnstool/go-server/internal/handlers/email_header.go:78.17,79.35 2 0
dnstool/go-server/internal/handlers/email_header.go:79.35,82.18 2 0
dnstool/go-server/internal/handlers/email_header.go:83.17,84.53 2 0
dnstool/go-server/internal/handlers/email_header.go:87.9,87.27 1 0
dnstool/go-server/internal/handlers/email_header.go:87.27,89.10 1 0
dnstool/go-server/internal/handlers/email_header.go:91.9,91.27 1 0
dnstool/go-server/internal/handlers/email_header.go:91.27,94.10 2 0
dnstool/go-server/internal/handlers/email_header.go:96.9,96.42 1 0
dnstool/go-server/internal/handlers/email_header.go:96.42,98.10 1 0
dnstool/go-server/internal/handlers/email_header.go:100.9,101.33 2 0
dnstool/go-server/internal/handlers/email_header.go:101.33,104.10 2 0
dnstool/go-server/internal/handlers/email_header.go:106.9,121.63 5 0
dnstool/go-server/internal/handlers/export.go:21.61,23.2 1 1
dnstool/go-server/internal/handlers/export.go:25.52,37.13 9 0
dnstool/go-server/internal/handlers/export.go:37.13,42.53 2 0
dnstool/go-server/internal/handlers/export.go:42.53,43.30 1 0
dnstool/go-server/internal/handlers/export.go:46.17,46.44 1 0
dnstool/go-server/internal/handlers/export.go:46.44,48.51 2 0
dnstool/go-server/internal/handlers/export.go:48.51,50.26 1 0
dnstool/go-server/internal/handlers/export.go:52.25,65.39 3 0
dnstool/go-server/internal/handlers/export.go:65.39,66.41 1 0
dnstool/go-server/internal/handlers/export.go:68.25,69.53 2 0
dnstool/go-server/internal/handlers/export.go:72.17,74.49 2 0
dnstool/go-server/internal/handlers/export.go:74.49,75.30 1 0
dnstool/go-server/internal/handlers/export.go:77.17,77.34 1 0
dnstool/go-server/internal/handlers/failures.go:24.85,26.2 1 1
dnstool/go-server/internal/handlers/failures.go:36.34,38.16 2 1
dnstool/go-server/internal/handlers/failures.go:39.30,40.34 1 1
dnstool/go-server/internal/handlers/failures.go:41.28,43.27 2 1
dnstool/go-server/internal/handlers/failures.go:43.27,45.18 1 1
dnstool/go-server/internal/handlers/failures.go:46.17,46.56 1 1
dnstool/go-server/internal/handlers/failures.go:47.31,49.27 2 1
dnstool/go-server/internal/handlers/failures.go:49.27,51.18 1 1
dnstool/go-server/internal/handlers/failures.go:52.17,52.54 1 1
dnstool/go-server/internal/handlers/failures.go:53.17,55.30 2 1
dnstool/go-server/internal/handlers/failures.go:55.30,57.18 1 1
dnstool/go-server/internal/handlers/failures.go:58.17,58.56 1 1
dnstool/go-server/internal/handlers/failures.go:83.60,84.45 1 1
dnstool/go-server/internal/handlers/failures.go:84.45,85.49 1 1
dnstool/go-server/internal/handlers/failures.go:85.49,86.54 1 1
dnstool/go-server/internal/handlers/failures.go:86.54,88.26 1 1
dnstool/go-server/internal/handlers/failures.go:91.9,91.29 1 1
dnstool/go-server/internal/handlers/failures.go:94.57,95.37 1 1
dnstool/go-server/internal/handlers/failures.go:95.37,97.10 1 1
dnstool/go-server/internal/handlers/failures.go:98.9,100.59 2 1
dnstool/go-server/internal/handlers/failures.go:100.59,102.10 1 1
dnstool/go-server/internal/handlers/failures.go:104.9,106.30 3 1
dnstool/go-server/internal/handlers/failures.go:106.30,108.10 1 1
dnstool/go-server/internal/handlers/failures.go:109.9,109.73 1 1
dnstool/go-server/internal/handlers/failures.go:112.52,127.23 9 1
dnstool/go-server/internal/handlers/failures.go:127.23,140.10 4 0
dnstool/go-server/internal/handlers/failures.go:142.9,143.36 2 1
dnstool/go-server/internal/handlers/failures.go:143.36,147.38 4 0
dnstool/go-server/internal/handlers/failures.go:147.38,150.18 2 0
dnstool/go-server/internal/handlers/failures.go:151.17,157.19 1 0
dnstool/go-server/internal/handlers/failures.go:160.9,161.25 2 1
dnstool/go-server/internal/handlers/failures.go:161.25,163.10 1 0
dnstool/go-server/internal/handlers/failures.go:165.9,178.53 3 1
dnstool/go-server/internal/handlers/faq.go:17.52,19.2 1 1
dnstool/go-server/internal/handlers/faq.go:21.57,32.2 4 0
dnstool/go-server/internal/handlers/format.go:9.50,10.15 1 1
dnstool/go-server/internal/handlers/format.go:10.15,12.3 1 1
dnstool/go-server/internal/handlers/format.go:13.2,13.54 1 1
dnstool/go-server/internal/handlers/format.go:16.53,17.15 1 1
dnstool/go-server/internal/handlers/format.go:17.15,19.3 1 1
dnstool/go-server/internal/handlers/format.go:20.2,20.53 1 1
dnstool/go-server/internal/handlers/health.go:24.83,30.2 1 1
dnstool/go-server/internal/handlers/health.go:32.76,34.42 2 1
dnstool/go-server/internal/handlers/health.go:34.42,46.39 2 1
dnstool/go-server/internal/handlers/health.go:46.39,48.18 1 1
dnstool/go-server/internal/handlers/health.go:49.17,49.44 1 1
dnstool/go-server/internal/handlers/health.go:49.44,51.18 1 1
dnstool/go-server/internal/handlers/health.go:52.17,52.46 1 1
dnstool/go-server/internal/handlers/health.go:52.46,54.18 1 1
dnstool/go-server/internal/handlers/health.go:55.17,55.49 1 1
dnstool/go-server/internal/handlers/health.go:57.9,57.25 1 1
dnstool/go-server/internal/handlers/health.go:60.54,62.31 2 1
dnstool/go-server/internal/handlers/health.go:62.31,72.10 2 1
dnstool/go-server/internal/handlers/health.go:73.9,77.22 2 1
dnstool/go-server/internal/handlers/health.go:80.75,82.42 2 1
dnstool/go-server/internal/handlers/health.go:82.42,83.52 1 1
dnstool/go-server/internal/handlers/health.go:83.52,85.18 1 1
dnstool/go-server/internal/handlers/health.go:86.17,86.51 1 1
dnstool/go-server/internal/handlers/health.go:86.51,88.18 1 1
dnstool/go-server/internal/handlers/health.go:90.9,90.36 1 1
dnstool/go-server/internal/handlers/health.go:93.49,95.2 1 0
dnstool/go-server/internal/handlers/health.go:97.50,98.30 1 0
dnstool/go-server/internal/handlers/health.go:98.30,101.10 2 0
dnstool/go-server/internal/handlers/health.go:102.9,110.11 3 0
dnstool/go-server/internal/handlers/health.go:113.53,115.69 2 1
dnstool/go-server/internal/handlers/health.go:115.69,117.10 1 0
dnstool/go-server/internal/handlers/health.go:119.9,136.30 4 1
dnstool/go-server/internal/handlers/health.go:136.30,141.10 4 1
dnstool/go-server/internal/handlers/health.go:143.9,143.40 1 1
dnstool/go-server/internal/handlers/helpers.go:39.67,40.21 1 1
dnstool/go-server/internal/handlers/helpers.go:40.21,42.10 1 1
dnstool/go-server/internal/handlers/helpers.go:43.9,44.27 2 1
dnstool/go-server/internal/handlers/helpers.go:44.27,46.10 1 1
dnstool/go-server/internal/handlers/helpers.go:47.9,54.10 1 1
dnstool/go-server/internal/handlers/helpers.go:57.40,59.2 1 1
dnstool/go-server/internal/handlers/helpers.go:61.39,63.2 1 1
dnstool/go-server/internal/handlers/helpers.go:65.39,67.44 2 1
dnstool/go-server/internal/handlers/helpers.go:67.44,69.10 1 1
dnstool/go-server/internal/handlers/helpers.go:70.9,70.21 1 1
dnstool/go-server/internal/handlers/helpers.go:104.75,105.34 1 1
dnstool/go-server/internal/handlers/helpers.go:105.34,107.10 1 1
dnstool/go-server/internal/handlers/helpers.go:109.9,110.57 2 1
dnstool/go-server/internal/handlers/helpers.go:110.57,112.10 1 1
dnstool/go-server/internal/handlers/helpers.go:114.9,114.56 1 1
dnstool/go-server/internal/handlers/helpers.go:114.56,115.55 1 1
dnstool/go-server/internal/handlers/helpers.go:115.55,117.18 1 1
dnstool/go-server/internal/handlers/helpers.go:120.9,120.79 1 1
dnstool/go-server/internal/handlers/helpers.go:120.79,121.67 1 1
dnstool/go-server/internal/handlers/helpers.go:121.67,122.83 1 1
dnstool/go-server/internal/handlers/helpers.go:122.83,124.26 1 1
dnstool/go-server/internal/handlers/helpers.go:125.25,125.62 1 1
dnstool/go-server/internal/handlers/helpers.go:125.62,128.26 2 1
dnstool/go-server/internal/handlers/helpers.go:130.17,130.52 1 1
dnstool/go-server/internal/handlers/helpers.go:133.9,133.23 1 1
dnstool/go-server/internal/handlers/helpers.go:136.65,138.16 2 1
dnstool/go-server/internal/handlers/helpers.go:138.16,140.10 1 1
dnstool/go-server/internal/handlers/helpers.go:142.9,144.39 3 1
dnstool/go-server/internal/handlers/helpers.go:147.60,148.58 1 1
dnstool/go-server/internal/handlers/helpers.go:148.58,150.10 1 1
dnstool/go-server/internal/handlers/helpers.go:151.9,152.37 2 1
dnstool/go-server/internal/handlers/helpers.go:152.37,154.10 1 1
dnstool/go-server/internal/handlers/helpers.go:155.9,156.28 2 1
dnstool/go-server/internal/handlers/helpers.go:156.28,160.24 4 1
dnstool/go-server/internal/handlers/helpers.go:161.61,162.46 1 1
dnstool/go-server/internal/handlers/helpers.go:163.64,164.41 1 1
dnstool/go-server/internal/handlers/helpers.go:165.69,166.46 1 1
dnstool/go-server/internal/handlers/helpers.go:168.17,170.55 3 1
dnstool/go-server/internal/handlers/helpers.go:174.63,200.51 2 1
dnstool/go-server/internal/handlers/helpers.go:200.51,202.10 1 1
dnstool/go-server/internal/handlers/helpers.go:205.106,207.16 2 1
dnstool/go-server/internal/handlers/helpers.go:207.16,209.10 1 1
dnstool/go-server/internal/handlers/helpers.go:210.9,210.55 1 1
dnstool/go-server/internal/handlers/helpers.go:210.55,212.10 1 1
dnstool/go-server/internal/handlers/helpers.go:213.9,214.54 2 1
dnstool/go-server/internal/handlers/helpers.go:214.54,216.10 1 1
dnstool/go-server/internal/handlers/helpers.go:217.9,218.55 2 1
dnstool/go-server/internal/handlers/helpers.go:218.55,219.55 1 1
dnstool/go-server/internal/handlers/helpers.go:219.55,220.62 1 1
dnstool/go-server/internal/handlers/helpers.go:220.62,222.38 2 1
dnstool/go-server/internal/handlers/helpers.go:228.85,231.31 3 1
dnstool/go-server/internal/handlers/helpers.go:231.31,233.10 1 1
dnstool/go-server/internal/handlers/helpers.go:234.9,234.18 1 1
dnstool/go-server/internal/handlers/helpers.go:234.18,236.10 1 1
dnstool/go-server/internal/handlers/helpers.go:237.9,237.193 1 1
dnstool/go-server/internal/handlers/helpers.go:240.89,243.30 3 1
dnstool/go-server/internal/handlers/helpers.go:243.30,245.10 1 1
dnstool/go-server/internal/handlers/helpers.go:246.9,246.18 1 1
dnstool/go-server/internal/handlers/helpers.go:246.18,248.10 1 1
dnstool/go-server/internal/handlers/helpers.go:249.9,249.166 1 1
dnstool/go-server/internal/handlers/helpers.go:252.121,254.22 2 1
dnstool/go-server/internal/handlers/helpers.go:254.22,256.10 1 1
dnstool/go-server/internal/handlers/helpers.go:257.9,257.110 1 1
dnstool/go-server/internal/handlers/helpers.go:260.68,261.51 1 1
dnstool/go-server/internal/handlers/helpers.go:261.51,263.10 1 1
dnstool/go-server/internal/handlers/helpers.go:265.9,266.16 2 1
dnstool/go-server/internal/handlers/helpers.go:266.16,268.10 1 1
dnstool/go-server/internal/handlers/helpers.go:270.9,270.78 1 1
dnstool/go-server/internal/handlers/helpers.go:270.78,272.10 1 1
dnstool/go-server/internal/handlers/helpers.go:274.9,274.82 1 1
dnstool/go-server/internal/handlers/helpers.go:274.82,276.10 1 1
dnstool/go-server/internal/handlers/helpers.go:278.9,278.81 1 1
dnstool/go-server/internal/handlers/helpers.go:278.81,280.10 1 1
dnstool/go-server/internal/handlers/helpers.go:282.9,282.83 1 1
dnstool/go-server/internal/handlers/helpers.go:282.83,284.10 1 1
dnstool/go-server/internal/handlers/helpers.go:287.64,289.16 2 1
dnstool/go-server/internal/handlers/helpers.go:289.16,291.10 1 1
dnstool/go-server/internal/handlers/helpers.go:292.9,292.30 1 1
dnstool/go-server/internal/handlers/helpers.go:293.22,294.25 1 1
dnstool/go-server/internal/handlers/helpers.go:295.18,296.34 1 1
dnstool/go-server/internal/handlers/helpers.go:297.20,298.34 1 1
dnstool/go-server/internal/handlers/helpers.go:300.9,300.17 1 1
dnstool/go-server/internal/handlers/helpers.go:343.55,344.56 1 1
dnstool/go-server/internal/handlers/helpers.go:344.56,346.10 1 1
dnstool/go-server/internal/handlers/helpers.go:347.9,347.55 1 1
dnstool/go-server/internal/handlers/helpers.go:347.55,349.10 1 1
dnstool/go-server/internal/handlers/helpers.go:350.9,350.29 1 1
dnstool/go-server/internal/handlers/helpers.go:353.97,358.29 4 1
dnstool/go-server/internal/handlers/helpers.go:358.29,360.10 1 1
dnstool/go-server/internal/handlers/helpers.go:361.9,361.29 1 1
dnstool/go-server/internal/handlers/helpers.go:361.29,363.10 1 1
dnstool/go-server/internal/handlers/helpers.go:365.9,366.32 2 1
dnstool/go-server/internal/handlers/helpers.go:366.32,367.40 1 1
dnstool/go-server/internal/handlers/helpers.go:367.40,369.18 1 1
dnstool/go-server/internal/handlers/helpers.go:371.9,374.38 3 1
dnstool/go-server/internal/handlers/helpers.go:374.38,379.51 5 1
dnstool/go-server/internal/handlers/helpers.go:379.51,387.18 3 1
dnstool/go-server/internal/handlers/helpers.go:390.9,398.10 1 1
dnstool/go-server/internal/handlers/helpers.go:401.53,403.32 2 1
dnstool/go-server/internal/handlers/helpers.go:403.32,405.10 1 1
dnstool/go-server/internal/handlers/helpers.go:406.9,407.34 2 1
dnstool/go-server/internal/handlers/helpers.go:407.34,408.41 1 1
dnstool/go-server/internal/handlers/helpers.go:409.29,410.36 1 1
dnstool/go-server/internal/handlers/helpers.go:411.25,413.44 2 0
dnstool/go-server/internal/handlers/helpers.go:416.9,419.32 4 1
dnstool/go-server/internal/handlers/helpers.go:419.32,421.10 1 1
dnstool/go-server/internal/handlers/helpers.go:422.9,422.22 1 1
dnstool/go-server/internal/handlers/helpers.go:425.67,427.72 2 1
dnstool/go-server/internal/handlers/helpers.go:427.72,429.10 1 1
dnstool/go-server/internal/handlers/helpers.go:430.9,430.17 1 1
dnstool/go-server/internal/handlers/helpers.go:433.79,435.45 2 1
dnstool/go-server/internal/handlers/helpers.go:435.45,439.10 3 1
dnstool/go-server/internal/handlers/helpers.go:440.9,440.21 1 1
dnstool/go-server/internal/handlers/helpers.go:443.84,444.63 1 1
dnstool/go-server/internal/handlers/helpers.go:444.63,446.10 1 1
dnstool/go-server/internal/handlers/helpers.go:447.9,447.40 1 1
dnstool/go-server/internal/handlers/helpers.go:450.71,453.23 3 1
dnstool/go-server/internal/handlers/helpers.go:453.23,455.10 1 1
dnstool/go-server/internal/handlers/helpers.go:456.9,456.51 1 1
dnstool/go-server/internal/handlers/helpers.go:456.51,458.10 1 1
dnstool/go-server/internal/handlers/helpers.go:459.9,459.33 1 1
dnstool/go-server/internal/handlers/helpers.go:462.47,465.23 3 1
dnstool/go-server/internal/handlers/helpers.go:465.23,467.10 1 1
dnstool/go-server/internal/handlers/helpers.go:468.9,469.46 2 1
dnstool/go-server/internal/handlers/helpers.go:469.46,471.10 1 1
dnstool/go-server/internal/handlers/helpers.go:472.9,472.39 1 0
dnstool/go-server/internal/handlers/helpers.go:475.42,477.27 2 1
dnstool/go-server/internal/handlers/helpers.go:477.27,479.10 1 1
dnstool/go-server/internal/handlers/helpers.go:480.9,481.47 2 1
dnstool/go-server/internal/handlers/helpers.go:481.47,483.10 1 1
dnstool/go-server/internal/handlers/helpers.go:484.9,485.54 2 1
dnstool/go-server/internal/handlers/helpers.go:498.41,500.2 1 1
dnstool/go-server/internal/handlers/helpers.go:502.53,503.35 1 1
dnstool/go-server/internal/handlers/helpers.go:503.35,505.124 2 1
dnstool/go-server/internal/handlers/helpers.go:505.124,506.33 1 1
dnstool/go-server/internal/handlers/helpers.go:508.17,509.64 2 1
dnstool/go-server/internal/handlers/helpers.go:509.64,511.76 2 1
dnstool/go-server/internal/handlers/helpers.go:511.76,513.26 1 1
dnstool/go-server/internal/handlers/helpers.go:513.31,515.26 1 1
dnstool/go-server/internal/handlers/helpers.go:517.17,517.36 1 1
dnstool/go-server/internal/handlers/helpers.go:519.9,519.25 1 1
dnstool/go-server/internal/handlers/helpers.go:522.109,523.24 1 1
dnstool/go-server/internal/handlers/helpers.go:523.24,525.10 1 1
dnstool/go-server/internal/handlers/helpers.go:526.9,526.24 1 1
dnstool/go-server/internal/handlers/helpers.go:526.24,528.41 2 1
dnstool/go-server/internal/handlers/helpers.go:528.41,530.18 1 1
dnstool/go-server/internal/handlers/helpers.go:531.17,531.173 1 1
dnstool/go-server/internal/handlers/helpers.go:533.9,533.112 1 1
dnstool/go-server/internal/handlers/helpers.go:540.141,561.2 11 0
dnstool/go-server/internal/handlers/helpers.go:563.57,564.22 1 1
dnstool/go-server/internal/handlers/helpers.go:564.22,566.10 1 1
dnstool/go-server/internal/handlers/helpers.go:567.9,567.102 1 1
dnstool/go-server/internal/handlers/helpers.go:570.53,572.25 2 1
dnstool/go-server/internal/handlers/helpers.go:572.25,574.10 1 1
dnstool/go-server/internal/handlers/helpers.go:575.9,575.41 1 1
dnstool/go-server/internal/handlers/helpers.go:576.23,577.35 1 1
dnstool/go-server/internal/handlers/helpers.go:578.20,579.35 1 1
dnstool/go-server/internal/handlers/helpers.go:581.9,581.21 1 1
dnstool/go-server/internal/handlers/history.go:30.83,32.2 1 1
dnstool/go-server/internal/handlers/history.go:47.65,49.31 2 1
dnstool/go-server/internal/handlers/history.go:49.31,51.10 1 1
dnstool/go-server/internal/handlers/history.go:52.9,53.33 2 1
[...]
dnstool/go-server/internal/handlers/static.go:74.9,78.70 5 1
dnstool/go-server/internal/handlers/static.go:81.52,105.36 5 1
dnstool/go-server/internal/handlers/static.go:105.36,112.10 6 1
dnstool/go-server/internal/handlers/static.go:113.9,116.62 3 1
dnstool/go-server/internal/handlers/stats.go:22.79,24.2 1 1
dnstool/go-server/internal/handlers/stats.go:26.46,32.23 5 1
dnstool/go-server/internal/handlers/stats.go:32.23,45.10 4 0
dnstool/go-server/internal/handlers/stats.go:47.9,48.23 2 1
dnstool/go-server/internal/handlers/stats.go:48.23,50.10 1 0
dnstool/go-server/internal/handlers/stats.go:51.9,52.23 2 1
dnstool/go-server/internal/handlers/stats.go:52.23,54.10 1 0
dnstool/go-server/internal/handlers/stats.go:55.9,57.23 3 1
dnstool/go-server/internal/handlers/stats.go:57.23,59.10 1 0
dnstool/go-server/internal/handlers/stats.go:61.9,62.23 2 1
dnstool/go-server/internal/handlers/stats.go:62.23,64.10 1 0
dnstool/go-server/internal/handlers/stats.go:65.9,66.23 2 1
dnstool/go-server/internal/handlers/stats.go:66.23,68.10 1 0
dnstool/go-server/internal/handlers/stats.go:70.9,71.46 2 1
dnstool/go-server/internal/handlers/stats.go:71.46,73.10 1 1
dnstool/go-server/internal/handlers/stats.go:74.9,77.39 3 1
dnstool/go-server/internal/handlers/stats.go:77.39,79.10 1 0
dnstool/go-server/internal/handlers/stats.go:81.9,82.42 2 1
dnstool/go-server/internal/handlers/stats.go:82.42,84.10 1 0
dnstool/go-server/internal/handlers/stats.go:86.9,87.41 2 1
dnstool/go-server/internal/handlers/stats.go:87.41,89.10 1 0
dnstool/go-server/internal/handlers/stats.go:91.9,107.50 3 1
dnstool/go-server/internal/handlers/stats.go:110.51,112.25 2 1
dnstool/go-server/internal/handlers/stats.go:112.25,114.10 1 1
dnstool/go-server/internal/handlers/stats.go:115.9,116.35 2 1
dnstool/go-server/internal/handlers/stats.go:116.35,118.10 1 1
dnstool/go-server/internal/handlers/stats.go:119.9,119.40 1 1
dnstool/go-server/internal/handlers/stats.go:119.40,121.10 1 1
dnstool/go-server/internal/handlers/stats.go:122.9,122.36 1 1
dnstool/go-server/internal/handlers/stats.go:122.36,124.10 1 1
dnstool/go-server/internal/handlers/stats.go:125.9,125.35 1 1
dnstool/go-server/internal/handlers/stats.go:125.35,127.10 1 1
dnstool/go-server/internal/handlers/stats.go:128.9,130.37 3 1
dnstool/go-server/internal/handlers/stats.go:130.37,133.10 2 1
dnstool/go-server/internal/handlers/stats.go:134.9,142.10 1 1
dnstool/go-server/internal/handlers/stats.go:145.70,147.34 2 1
dnstool/go-server/internal/handlers/stats.go:147.34,149.10 1 1
dnstool/go-server/internal/handlers/stats.go:150.9,150.34 1 1
dnstool/go-server/internal/handlers/stats.go:150.34,152.10 1 1
dnstool/go-server/internal/handlers/stats.go:153.9,154.27 2 1
dnstool/go-server/internal/handlers/stats.go:154.27,159.10 4 1
dnstool/go-server/internal/handlers/stats.go:160.9,160.80 1 1
dnstool/go-server/internal/handlers/stats.go:163.59,165.2 1 1
dnstool/go-server/internal/handlers/template_data.go:27.79,40.2 3 1
dnstool/go-server/internal/handlers/template_data.go:42.56,50.35 7 1
dnstool/go-server/internal/handlers/template_data.go:50.35,52.68 1 1
dnstool/go-server/internal/handlers/template_data.go:52.68,55.4 2 1
dnstool/go-server/internal/handlers/template_data.go:55.9,55.25 1 1
dnstool/go-server/internal/handlers/template_data.go:55.25,58.4 2 1
dnstool/go-server/internal/handlers/template_data.go:60.2,60.14 1 1
dnstool/go-server/internal/handlers/toolkit.go:30.60,32.2 1 1
dnstool/go-server/internal/handlers/toolkit.go:34.54,48.2 5 0
dnstool/go-server/internal/handlers/toolkit.go:50.47,71.2 8 0
dnstool/go-server/internal/handlers/toolkit.go:73.52,81.62 6 0
dnstool/go-server/internal/handlers/toolkit.go:81.62,83.10 1 0
dnstool/go-server/internal/handlers/toolkit.go:85.9,99.29 2 0
dnstool/go-server/internal/handlers/toolkit.go:99.29,102.10 2 0
dnstool/go-server/internal/handlers/toolkit.go:104.9,105.57 2 0
dnstool/go-server/internal/handlers/toolkit.go:105.57,108.10 2 0
dnstool/go-server/internal/handlers/toolkit.go:110.9,111.16 2 0
dnstool/go-server/internal/handlers/toolkit.go:111.16,114.10 2 0
dnstool/go-server/internal/handlers/toolkit.go:116.9,119.27 3 0
dnstool/go-server/internal/handlers/toolkit.go:119.27,122.10 2 0
dnstool/go-server/internal/handlers/toolkit.go:124.9,126.48 3 0
dnstool/go-server/internal/handlers/toolkit.go:129.89,133.2 3 0
dnstool/go-server/internal/handlers/toolkit.go:135.121,140.23 4 0
dnstool/go-server/internal/handlers/toolkit.go:140.23,142.10 1 0
dnstool/go-server/internal/handlers/toolkit.go:144.9,147.23 3 0
dnstool/go-server/internal/handlers/toolkit.go:147.23,149.10 1 0
dnstool/go-server/internal/handlers/toolkit.go:150.9,153.23 3 0
dnstool/go-server/internal/handlers/toolkit.go:153.23,155.10 1 0
dnstool/go-server/internal/handlers/toolkit.go:157.9,157.35 1 0
dnstool/go-server/internal/handlers/toolkit.go:157.35,159.10 1 0
dnstool/go-server/internal/handlers/toolkit.go:161.9,162.66 2 0
dnstool/go-server/internal/handlers/toolkit.go:162.66,164.10 1 0
dnstool/go-server/internal/handlers/toolkit.go:166.9,166.31 1 0
dnstool/go-server/internal/handlers/toolkit.go:173.89,174.37 1 1
dnstool/go-server/internal/handlers/toolkit.go:174.37,176.51 2 1
dnstool/go-server/internal/handlers/toolkit.go:176.51,177.52 1 1
dnstool/go-server/internal/handlers/toolkit.go:177.52,179.38 2 1
dnstool/go-server/internal/handlers/toolkit.go:182.17,182.102 1 1
dnstool/go-server/internal/handlers/toolkit.go:184.9,184.39 1 1
dnstool/go-server/internal/handlers/toolkit.go:184.39,186.10 1 1
dnstool/go-server/internal/handlers/toolkit.go:187.9,187.36 1 1
dnstool/go-server/internal/handlers/toolkit.go:190.46,193.107 2 1
dnstool/go-server/internal/handlers/toolkit.go:193.107,195.10 1 1
dnstool/go-server/internal/handlers/toolkit.go:197.9,197.44 1 1
dnstool/go-server/internal/handlers/toolkit.go:197.44,199.10 1 1
dnstool/go-server/internal/handlers/toolkit.go:201.9,201.40 1 1
dnstool/go-server/internal/handlers/toolkit.go:201.40,203.10 1 1
dnstool/go-server/internal/handlers/toolkit.go:205.9,205.44 1 1
dnstool/go-server/internal/handlers/toolkit.go:205.44,207.10 1 1
dnstool/go-server/internal/handlers/toolkit.go:209.9,209.42 1 1
dnstool/go-server/internal/handlers/toolkit.go:209.42,211.10 1 1
dnstool/go-server/internal/handlers/toolkit.go:213.9,213.25 1 1
dnstool/go-server/internal/handlers/ttl_tuner.go:34.84,36.2 1 0
dnstool/go-server/internal/handlers/ttl_tuner.go:38.56,51.2 5 0
dnstool/go-server/internal/handlers/ttl_tuner.go:85.54,91.26 5 0
dnstool/go-server/internal/handlers/ttl_tuner.go:91.26,93.10 1 0
dnstool/go-server/internal/handlers/ttl_tuner.go:95.9,107.25 3 0
dnstool/go-server/internal/handlers/ttl_tuner.go:107.25,111.10 3 0
dnstool/go-server/internal/handlers/ttl_tuner.go:113.9,121.49 6 0
dnstool/go-server/internal/handlers/ttl_tuner.go:124.45,129.2 4 1
dnstool/go-server/internal/handlers/ttl_tuner.go:133.102,140.49 5 0
dnstool/go-server/internal/handlers/ttl_tuner.go:140.49,142.10 1 0
dnstool/go-server/internal/handlers/ttl_tuner.go:144.9,153.10 1 0
dnstool/go-server/internal/handlers/ttl_tuner.go:156.195,161.45 4 0
dnstool/go-server/internal/handlers/ttl_tuner.go:161.45,163.45 2 0
dnstool/go-server/internal/handlers/ttl_tuner.go:163.45,164.33 1 0
dnstool/go-server/internal/handlers/ttl_tuner.go:166.17,167.38 2 0
dnstool/go-server/internal/handlers/ttl_tuner.go:167.38,169.18 1 0
dnstool/go-server/internal/handlers/ttl_tuner.go:170.17,172.36 3 0
dnstool/go-server/internal/handlers/ttl_tuner.go:172.36,174.18 1 0
dnstool/go-server/internal/handlers/ttl_tuner.go:175.17,175.32 1 0
dnstool/go-server/internal/handlers/ttl_tuner.go:175.32,177.18 1 0
dnstool/go-server/internal/handlers/ttl_tuner.go:179.9,179.57 1 0
dnstool/go-server/internal/handlers/ttl_tuner.go:182.57,183.35 1 1
dnstool/go-server/internal/handlers/ttl_tuner.go:183.35,184.71 1 1
dnstool/go-server/internal/handlers/ttl_tuner.go:184.71,186.18 1 1
dnstool/go-server/internal/handlers/ttl_tuner.go:188.9,188.21 1 1
dnstool/go-server/internal/handlers/ttl_tuner.go:191.76,192.57 1 1
dnstool/go-server/internal/handlers/ttl_tuner.go:192.57,194.10 1 1
dnstool/go-server/internal/handlers/ttl_tuner.go:195.9,197.20 3 1
dnstool/go-server/internal/handlers/ttl_tuner.go:197.20,199.10 1 1
dnstool/go-server/internal/handlers/ttl_tuner.go:200.9,200.20 1 1
dnstool/go-server/internal/handlers/ttl_tuner.go:200.20,202.10 1 1
dnstool/go-server/internal/handlers/ttl_tuner.go:203.9,203.18 1 1
dnstool/go-server/internal/handlers/ttl_tuner.go:206.55,215.33 3 1
dnstool/go-server/internal/handlers/ttl_tuner.go:215.33,216.53 1 1
dnstool/go-server/internal/handlers/ttl_tuner.go:216.53,218.18 1 1
dnstool/go-server/internal/handlers/ttl_tuner.go:220.9,220.47 1 1
dnstool/go-server/internal/handlers/ttl_tuner.go:220.47,222.10 1 1
dnstool/go-server/internal/handlers/ttl_tuner.go:223.9,223.47 1 1
dnstool/go-server/internal/handlers/ttl_tuner.go:226.166,247.2 12 1
dnstool/go-server/internal/handlers/ttl_tuner.go:249.123,250.19 1 1
dnstool/go-server/internal/handlers/ttl_tuner.go:250.19,252.10 1 1
dnstool/go-server/internal/handlers/ttl_tuner.go:253.9,253.32 1 1
dnstool/go-server/internal/handlers/ttl_tuner.go:253.32,255.10 1 1
dnstool/go-server/internal/handlers/ttl_tuner.go:256.9,256.26 1 1
dnstool/go-server/internal/handlers/ttl_tuner.go:256.26,258.10 1 1
dnstool/go-server/internal/handlers/ttl_tuner.go:259.9,260.41 2 1
dnstool/go-server/internal/handlers/ttl_tuner.go:260.41,262.10 1 1
dnstool/go-server/internal/handlers/ttl_tuner.go:263.9,263.31 1 1
dnstool/go-server/internal/handlers/ttl_tuner.go:263.31,265.10 1 1
dnstool/go-server/internal/handlers/ttl_tuner.go:266.9,266.172 1 1
dnstool/go-server/internal/handlers/ttl_tuner.go:269.63,270.42 1 1
dnstool/go-server/internal/handlers/ttl_tuner.go:270.42,272.10 1 1
dnstool/go-server/internal/handlers/ttl_tuner.go:273.9,276.32 4 1
dnstool/go-server/internal/handlers/ttl_tuner.go:276.32,278.10 1 1
dnstool/go-server/internal/handlers/ttl_tuner.go:279.9,280.20 2 1
dnstool/go-server/internal/handlers/ttl_tuner.go:280.20,282.10 1 1
dnstool/go-server/internal/handlers/ttl_tuner.go:283.9,283.90 1 1
dnstool/go-server/internal/handlers/ttl_tuner.go:286.62,287.43 1 1
dnstool/go-server/internal/handlers/ttl_tuner.go:287.43,289.10 1 1
dnstool/go-server/internal/handlers/ttl_tuner.go:290.9,290.28 1 1
dnstool/go-server/internal/handlers/ttl_tuner.go:290.28,292.10 1 1
dnstool/go-server/internal/handlers/ttl_tuner.go:293.9,293.44 1 1
dnstool/go-server/internal/handlers/ttl_tuner.go:293.44,295.10 1 1
dnstool/go-server/internal/handlers/ttl_tuner.go:296.9,296.18 1 1
dnstool/go-server/internal/handlers/ttl_tuner.go:299.137,300.25 1 1
dnstool/go-server/internal/handlers/ttl_tuner.go:300.25,302.10 1 1
dnstool/go-server/internal/handlers/ttl_tuner.go:304.9,304.23 1 1
dnstool/go-server/internal/handlers/ttl_tuner.go:304.23,312.10 1 0
dnstool/go-server/internal/handlers/ttl_tuner.go:314.9,314.111 1 1
dnstool/go-server/internal/handlers/ttl_tuner.go:314.111,321.10 1 1
dnstool/go-server/internal/handlers/ttl_tuner.go:323.9,323.130 1 1
dnstool/go-server/internal/handlers/ttl_tuner.go:323.130,329.10 1 1
dnstool/go-server/internal/handlers/ttl_tuner.go:331.9,331.38 1 1
dnstool/go-server/internal/handlers/ttl_tuner.go:331.38,333.10 1 1
dnstool/go-server/internal/handlers/ttl_tuner.go:335.9,335.25 1 1
dnstool/go-server/internal/handlers/ttl_tuner.go:338.40,339.43 1 1
dnstool/go-server/internal/handlers/ttl_tuner.go:339.43,341.27 2 1
dnstool/go-server/internal/handlers/ttl_tuner.go:341.27,343.18 1 1
dnstool/go-server/internal/handlers/ttl_tuner.go:344.17,344.49 1 1
dnstool/go-server/internal/handlers/ttl_tuner.go:346.9,346.41 1 1
dnstool/go-server/internal/handlers/ttl_tuner.go:346.41,348.27 2 1
dnstool/go-server/internal/handlers/ttl_tuner.go:348.27,350.18 1 1
dnstool/go-server/internal/handlers/ttl_tuner.go:351.17,351.50 1 1
dnstool/go-server/internal/handlers/ttl_tuner.go:353.9,353.37 1 1
dnstool/go-server/internal/handlers/ttl_tuner.go:353.37,355.27 2 1
dnstool/go-server/internal/handlers/ttl_tuner.go:355.27,357.18 1 1
dnstool/go-server/internal/handlers/ttl_tuner.go:358.17,358.52 1 1
dnstool/go-server/internal/handlers/ttl_tuner.go:360.9,360.46 1 1
dnstool/go-server/internal/handlers/ttl_tuner.go:363.53,375.2 1 1
dnstool/go-server/internal/handlers/watchlist.go:36.87,42.2 1 0
dnstool/go-server/internal/handlers/watchlist.go:63.31,64.25 1 1
dnstool/go-server/internal/handlers/watchlist.go:64.25,66.10 1 1
dnstool/go-server/internal/handlers/watchlist.go:67.9,67.46 1 1
dnstool/go-server/internal/handlers/watchlist.go:70.56,72.24 2 1
dnstool/go-server/internal/handlers/watchlist.go:73.23,74.30 1 1
dnstool/go-server/internal/handlers/watchlist.go:75.26,76.35 1 1
dnstool/go-server/internal/handlers/watchlist.go:77.23,78.39 1 1
dnstool/go-server/internal/handlers/watchlist.go:79.17,80.35 1 1
dnstool/go-server/internal/handlers/watchlist.go:82.9,82.76 1 1
dnstool/go-server/internal/handlers/watchlist.go:85.63,98.2 5 0
dnstool/go-server/internal/handlers/watchlist.go:100.54,103.31 3 0
dnstool/go-server/internal/handlers/watchlist.go:103.31,106.10 2 0
dnstool/go-server/internal/handlers/watchlist.go:108.9,111.23 3 0
dnstool/go-server/internal/handlers/watchlist.go:111.23,117.10 5 0
dnstool/go-server/internal/handlers/watchlist.go:119.9,127.55 8 0
dnstool/go-server/internal/handlers/watchlist.go:130.75,138.32 8 0
dnstool/go-server/internal/handlers/watchlist.go:138.32,140.10 1 0
dnstool/go-server/internal/handlers/watchlist.go:140.15,142.10 1 0
dnstool/go-server/internal/handlers/watchlist.go:145.77,147.35 2 1
dnstool/go-server/internal/handlers/watchlist.go:147.35,154.38 2 1
dnstool/go-server/internal/handlers/watchlist.go:154.38,156.18 1 1
dnstool/go-server/internal/handlers/watchlist.go:157.17,157.38 1 1
dnstool/go-server/internal/handlers/watchlist.go:157.38,159.18 1 1
dnstool/go-server/internal/handlers/watchlist.go:160.17,160.38 1 1
dnstool/go-server/internal/handlers/watchlist.go:160.38,162.18 1 1
dnstool/go-server/internal/handlers/watchlist.go:163.17,163.42 1 1
dnstool/go-server/internal/handlers/watchlist.go:165.9,165.21 1 1
dnstool/go-server/internal/handlers/watchlist.go:168.92,170.23 2 0
dnstool/go-server/internal/handlers/watchlist.go:170.23,172.10 1 0
dnstool/go-server/internal/handlers/watchlist.go:173.9,174.38 2 0
dnstool/go-server/internal/handlers/watchlist.go:174.38,182.39 2 0
dnstool/go-server/internal/handlers/watchlist.go:182.39,184.18 1 0
dnstool/go-server/internal/handlers/watchlist.go:185.17,185.38 1 0
dnstool/go-server/internal/handlers/watchlist.go:187.9,187.19 1 0
dnstool/go-server/internal/handlers/watchlist.go:190.54,193.31 3 0
dnstool/go-server/internal/handlers/watchlist.go:193.31,196.10 2 0
dnstool/go-server/internal/handlers/watchlist.go:198.9,200.25 3 0
dnstool/go-server/internal/handlers/watchlist.go:200.25,203.10 2 0
dnstool/go-server/internal/handlers/watchlist.go:204.9,204.81 1 0
dnstool/go-server/internal/handlers/watchlist.go:204.81,206.10 1 0
dnstool/go-server/internal/handlers/watchlist.go:208.9,211.23 3 0
dnstool/go-server/internal/handlers/watchlist.go:211.23,215.10 3 0
dnstool/go-server/internal/handlers/watchlist.go:216.9,216.48 1 0
dnstool/go-server/internal/handlers/watchlist.go:216.48,219.10 2 0
dnstool/go-server/internal/handlers/watchlist.go:221.9,227.23 2 0
dnstool/go-server/internal/handlers/watchlist.go:227.23,229.10 1 0
dnstool/go-server/internal/handlers/watchlist.go:231.9,231.55 1 0
dnstool/go-server/internal/handlers/watchlist.go:234.57,237.31 3 0
dnstool/go-server/internal/handlers/watchlist.go:237.31,240.10 2 0
dnstool/go-server/internal/handlers/watchlist.go:242.9,244.23 3 0
dnstool/go-server/internal/handlers/watchlist.go:244.23,247.10 2 0
dnstool/go-server/internal/handlers/watchlist.go:249.9,253.24 2 0
dnstool/go-server/internal/handlers/watchlist.go:253.24,255.10 1 0
dnstool/go-server/internal/handlers/watchlist.go:257.9,257.55 1 0
dnstool/go-server/internal/handlers/watchlist.go:260.57,263.31 3 0
dnstool/go-server/internal/handlers/watchlist.go:263.31,266.10 2 0
dnstool/go-server/internal/handlers/watchlist.go:268.9,270.23 3 0
dnstool/go-server/internal/handlers/watchlist.go:270.23,273.10 2 0
dnstool/go-server/internal/handlers/watchlist.go:275.9,282.24 3 0
dnstool/go-server/internal/handlers/watchlist.go:282.24,284.10 1 0
dnstool/go-server/internal/handlers/watchlist.go:286.9,286.55 1 0
dnstool/go-server/internal/handlers/watchlist.go:289.56,292.31 3 0
dnstool/go-server/internal/handlers/watchlist.go:292.31,295.10 2 0
dnstool/go-server/internal/handlers/watchlist.go:297.9,299.101 3 0
dnstool/go-server/internal/handlers/watchlist.go:299.101,302.10 2 0
dnstool/go-server/internal/handlers/watchlist.go:304.9,305.25 2 0
dnstool/go-server/internal/handlers/watchlist.go:305.25,307.10 1 0
dnstool/go-server/internal/handlers/watchlist.go:309.9,316.23 3 0
dnstool/go-server/internal/handlers/watchlist.go:316.23,318.10 1 0
dnstool/go-server/internal/handlers/watchlist.go:320.9,320.55 1 0
dnstool/go-server/internal/handlers/watchlist.go:323.59,326.31 3 0
dnstool/go-server/internal/handlers/watchlist.go:326.31,329.10 2 0
dnstool/go-server/internal/handlers/watchlist.go:331.9,333.23 3 0
dnstool/go-server/internal/handlers/watchlist.go:333.23,336.10 2 0
dnstool/go-server/internal/handlers/watchlist.go:338.9,342.24 2 0
dnstool/go-server/internal/handlers/watchlist.go:342.24,344.10 1 0
dnstool/go-server/internal/handlers/watchlist.go:346.9,346.55 1 0
dnstool/go-server/internal/handlers/watchlist.go:349.59,352.31 3 0
dnstool/go-server/internal/handlers/watchlist.go:352.31,355.10 2 0
dnstool/go-server/internal/handlers/watchlist.go:357.9,359.23 3 0
dnstool/go-server/internal/handlers/watchlist.go:359.23,362.10 2 0
dnstool/go-server/internal/handlers/watchlist.go:364.9,371.24 3 0
dnstool/go-server/internal/handlers/watchlist.go:371.24,373.10 1 0
dnstool/go-server/internal/handlers/watchlist.go:375.9,375.55 1 0
dnstool/go-server/internal/handlers/watchlist.go:378.56,379.45 1 0
dnstool/go-server/internal/handlers/watchlist.go:379.45,383.10 3 0
dnstool/go-server/internal/handlers/watchlist.go:384.9,385.91 2 0
dnstool/go-server/internal/handlers/watchlist.go:385.91,387.10 1 0
dnstool/go-server/internal/handlers/watchlist.go:387.15,389.10 1 0
dnstool/go-server/internal/handlers/watchlist.go:390.9,390.55 1 0
dnstool/go-server/internal/handlers/zone.go:33.77,35.2 1 1
dnstool/go-server/internal/handlers/zone.go:37.50,52.2 5 0
dnstool/go-server/internal/handlers/zone.go:54.53,63.23 7 0
dnstool/go-server/internal/handlers/zone.go:63.23,66.10 2 0
dnstool/go-server/internal/handlers/zone.go:68.9,71.23 3 0
dnstool/go-server/internal/handlers/zone.go:71.23,74.10 2 0
dnstool/go-server/internal/handlers/zone.go:75.9,77.34 2 0
dnstool/go-server/internal/handlers/zone.go:77.34,80.10 2 0
dnstool/go-server/internal/handlers/zone.go:82.9,86.23 4 0
dnstool/go-server/internal/handlers/zone.go:86.23,90.10 3 0
dnstool/go-server/internal/handlers/zone.go:92.9,92.41 1 0
dnstool/go-server/internal/handlers/zone.go:92.41,95.10 2 0
dnstool/go-server/internal/handlers/zone.go:97.9,98.25 2 0
dnstool/go-server/internal/handlers/zone.go:98.25,101.10 2 0
dnstool/go-server/internal/handlers/zone.go:103.9,107.33 4 0
dnstool/go-server/internal/handlers/zone.go:107.33,109.10 1 0
dnstool/go-server/internal/handlers/zone.go:111.9,129.45 3 0
dnstool/go-server/internal/handlers/zone.go:132.209,134.31 2 0
dnstool/go-server/internal/handlers/zone.go:134.31,137.31 3 0
dnstool/go-server/internal/handlers/zone.go:137.31,139.18 1 0
dnstool/go-server/internal/handlers/zone.go:141.9,153.25 3 0
dnstool/go-server/internal/handlers/zone.go:153.25,155.10 1 0
dnstool/go-server/internal/handlers/zone.go:158.144,160.57 2 0
dnstool/go-server/internal/handlers/zone.go:160.57,162.10 1 0
dnstool/go-server/internal/handlers/zone.go:163.9,164.70 2 0
dnstool/go-server/internal/handlers/zone.go:164.70,166.10 1 0
dnstool/go-server/internal/handlers/zone.go:167.9,169.40 3 0
dnstool/go-server/internal/handlers/zone.go:172.103,185.2 3 0
